<?xml version="1.0" encoding="UTF-8"?>
<coverage generated="1708641700293" clover="3.2.0">
  <project timestamp="1708641700294" name="All files">
    <metrics statements="81" coveredstatements="80" conditionals="10" coveredconditionals="8" methods="12" coveredmethods="12" elements="103" coveredelements="100" complexity="0" loc="81" ncloc="81" packages="2" files="5" classes="5"/>
    <package name="models">
      <metrics statements="20" coveredstatements="20" conditionals="2" coveredconditionals="2" methods="2" coveredmethods="2"/>
      <file name="postModel.js" path="C:\Users\ryann\OneDrive\Desktop\mern-nodenet\server\models\postModel.js">
        <metrics statements="5" coveredstatements="5" conditionals="0" coveredconditionals="0" methods="0" coveredmethods="0"/>
        <line num="1" count="1" type="stmt"/>
        <line num="2" count="1" type="stmt"/>
        <line num="4" count="1" type="stmt"/>
        <line num="31" count="1" type="stmt"/>
        <line num="32" count="1" type="stmt"/>
      </file>
      <file name="userModel.js" path="C:\Users\ryann\OneDrive\Desktop\mern-nodenet\server\models\userModel.js">
        <metrics statements="15" coveredstatements="15" conditionals="2" coveredconditionals="2" methods="2" coveredmethods="2"/>
        <line num="1" count="1" type="stmt"/>
        <line num="2" count="1" type="stmt"/>
        <line num="3" count="1" type="stmt"/>
        <line num="4" count="1" type="stmt"/>
        <line num="6" count="1" type="stmt"/>
        <line num="17" count="275" type="stmt"/>
        <line num="54" count="1" type="stmt"/>
        <line num="55" count="275" type="cond" truecount="2" falsecount="0"/>
        <line num="56" count="245" type="stmt"/>
        <line num="59" count="30" type="stmt"/>
        <line num="60" count="30" type="stmt"/>
        <line num="61" count="30" type="stmt"/>
        <line num="63" count="30" type="stmt"/>
        <line num="66" count="1" type="stmt"/>
        <line num="67" count="1" type="stmt"/>
      </file>
    </package>
    <package name="utils">
      <metrics statements="61" coveredstatements="60" conditionals="8" coveredconditionals="6" methods="10" coveredmethods="10"/>
      <file name="checkDuplicates.js" path="C:\Users\ryann\OneDrive\Desktop\mern-nodenet\server\utils\checkDuplicates.js">
        <metrics statements="6" coveredstatements="5" conditionals="2" coveredconditionals="1" methods="2" coveredmethods="2"/>
        <line num="2" count="30" type="stmt"/>
        <line num="4" count="261" type="stmt"/>
        <line num="6" count="30" type="cond" truecount="1" falsecount="1"/>
        <line num="7" count="0" type="stmt"/>
        <line num="10" count="30" type="stmt"/>
        <line num="13" count="1" type="stmt"/>
      </file>
      <file name="config.js" path="C:\Users\ryann\OneDrive\Desktop\mern-nodenet\server\utils\config.js">
        <metrics statements="7" coveredstatements="7" conditionals="2" coveredconditionals="1" methods="2" coveredmethods="2"/>
        <line num="1" count="1" type="stmt"/>
        <line num="2" count="1" type="stmt"/>
        <line num="4" count="1" type="stmt"/>
        <line num="5" count="1" type="stmt"/>
        <line num="11" count="1" type="stmt"/>
        <line num="14" count="1" type="stmt"/>
        <line num="16" count="1" type="stmt"/>
      </file>
      <file name="seeds.js" path="C:\Users\ryann\OneDrive\Desktop\mern-nodenet\server\utils\seeds.js">
        <metrics statements="48" coveredstatements="48" conditionals="4" coveredconditionals="4" methods="6" coveredmethods="6"/>
        <line num="1" count="1" type="stmt"/>
        <line num="2" count="1" type="stmt"/>
        <line num="3" count="1" type="stmt"/>
        <line num="5" count="1" type="stmt"/>
        <line num="6" count="1" type="stmt"/>
        <line num="7" count="30" type="stmt"/>
        <line num="8" count="30" type="stmt"/>
        <line num="10" count="30" type="stmt"/>
        <line num="21" count="30" type="stmt"/>
        <line num="24" count="1" type="stmt"/>
        <line num="25" count="1" type="stmt"/>
        <line num="28" count="1" type="stmt"/>
        <line num="29" count="1" type="stmt"/>
        <line num="31" count="1" type="stmt"/>
        <line num="32" count="30" type="stmt"/>
        <line num="33" count="30" type="stmt"/>
        <line num="36" count="30" type="stmt"/>
        <line num="38" count="185" type="stmt"/>
        <line num="39" count="215" type="stmt"/>
        <line num="45" count="185" type="stmt"/>
        <line num="48" count="30" type="stmt"/>
        <line num="49" count="30" type="stmt"/>
        <line num="51" count="30" type="stmt"/>
        <line num="53" count="30" type="stmt"/>
        <line num="54" count="185" type="stmt"/>
        <line num="55" count="885" type="stmt"/>
        <line num="57" count="185" type="stmt"/>
        <line num="58" count="185" type="stmt"/>
        <line num="59" count="185" type="stmt"/>
        <line num="64" count="1" type="stmt"/>
        <line num="67" count="1" type="stmt"/>
        <line num="70" count="1" type="stmt"/>
        <line num="71" count="1" type="stmt"/>
        <line num="74" count="1" type="stmt"/>
        <line num="75" count="30" type="stmt"/>
        <line num="76" count="30" type="stmt"/>
        <line num="77" count="180" type="stmt"/>
        <line num="78" count="180" type="stmt"/>
        <line num="87" count="180" type="stmt"/>
        <line num="88" count="4500" type="stmt"/>
        <line num="90" count="180" type="stmt"/>
        <line num="91" count="180" type="stmt"/>
        <line num="92" count="180" type="stmt"/>
        <line num="95" count="30" type="stmt"/>
        <line num="96" count="30" type="stmt"/>
        <line num="99" count="1" type="stmt"/>
        <line num="104" count="1" type="stmt"/>
        <line num="107" count="1" type="stmt"/>
      </file>
    </package>
  </project>
</coverage>
