{"C:\\Users\\ryann\\OneDrive\\Desktop\\mern-nodenet\\server\\index.js": {"path":"C:\\Users\\ryann\\OneDrive\\Desktop\\mern-nodenet\\server\\index.js","statementMap":{"0":{"start":{"line":1,"column":16},"end":{"line":1,"column":34}},"1":{"start":{"line":2,"column":17},"end":{"line":2,"column":36}},"2":{"start":{"line":3,"column":13},"end":{"line":3,"column":28}},"3":{"start":{"line":4,"column":21},"end":{"line":4,"column":45}},"4":{"start":{"line":5,"column":15},"end":{"line":5,"column":41}},"5":{"start":{"line":6,"column":19},"end":{"line":6,"column":48}},"6":{"start":{"line":10,"column":4},"end":{"line":10,"column":40}},"7":{"start":{"line":11,"column":19},"end":{"line":11,"column":48}},"8":{"start":{"line":12,"column":22},"end":{"line":12,"column":54}},"9":{"start":{"line":13,"column":52},"end":{"line":13,"column":77}},"10":{"start":{"line":15,"column":12},"end":{"line":15,"column":21}},"11":{"start":{"line":16,"column":13},"end":{"line":16,"column":17}},"12":{"start":{"line":20,"column":0},"end":{"line":20,"column":24}},"13":{"start":{"line":21,"column":0},"end":{"line":21,"column":48}},"14":{"start":{"line":22,"column":0},"end":{"line":22,"column":24}},"15":{"start":{"line":23,"column":0},"end":{"line":23,"column":16}},"16":{"start":{"line":27,"column":0},"end":{"line":27,"column":52}},"17":{"start":{"line":28,"column":0},"end":{"line":28,"column":52}},"18":{"start":{"line":29,"column":0},"end":{"line":29,"column":58}},"19":{"start":{"line":33,"column":0},"end":{"line":37,"column":1}},"20":{"start":{"line":34,"column":2},"end":{"line":36,"column":4}},"21":{"start":{"line":35,"column":4},"end":{"line":35,"column":73}},"22":{"start":{"line":35,"column":27},"end":{"line":35,"column":72}},"23":{"start":{"line":39,"column":0},"end":{"line":41,"column":1}},"24":{"start":{"line":40,"column":2},"end":{"line":40,"column":23}}},"fnMap":{"0":{"name":"(anonymous_0)","decl":{"start":{"line":34,"column":30},"end":{"line":34,"column":31}},"loc":{"start":{"line":35,"column":4},"end":{"line":35,"column":73}},"line":35},"1":{"name":"(anonymous_1)","decl":{"start":{"line":35,"column":21},"end":{"line":35,"column":22}},"loc":{"start":{"line":35,"column":27},"end":{"line":35,"column":72}},"line":35}},"branchMap":{"0":{"loc":{"start":{"line":33,"column":0},"end":{"line":37,"column":1}},"type":"if","locations":[{"start":{"line":33,"column":0},"end":{"line":37,"column":1}},{"start":{},"end":{}}],"line":33},"1":{"loc":{"start":{"line":39,"column":0},"end":{"line":41,"column":1}},"type":"if","locations":[{"start":{"line":39,"column":0},"end":{"line":41,"column":1}},{"start":{},"end":{}}],"line":39}},"s":{"0":4,"1":4,"2":4,"3":4,"4":4,"5":4,"6":4,"7":4,"8":4,"9":4,"10":4,"11":4,"12":4,"13":4,"14":4,"15":4,"16":4,"17":4,"18":4,"19":4,"20":0,"21":0,"22":0,"23":4,"24":4},"f":{"0":0,"1":0},"b":{"0":[0,4],"1":[4,0]},"_coverageSchema":"1a1c01bbd47fc00a2c39e90264f33305004495a9","hash":"bd1817bb1d3d462a232ed1120421ceba1a073cee"}
,"C:\\Users\\ryann\\OneDrive\\Desktop\\mern-nodenet\\server\\controllers\\commentController.js": {"path":"C:\\Users\\ryann\\OneDrive\\Desktop\\mern-nodenet\\server\\controllers\\commentController.js","statementMap":{"0":{"start":{"line":1,"column":21},"end":{"line":1,"column":53}},"1":{"start":{"line":2,"column":16},"end":{"line":2,"column":49}},"2":{"start":{"line":3,"column":13},"end":{"line":3,"column":43}},"3":{"start":{"line":5,"column":22},"end":{"line":46,"column":2}},"4":{"start":{"line":7,"column":21},"end":{"line":7,"column":31}},"5":{"start":{"line":8,"column":29},"end":{"line":8,"column":37}},"6":{"start":{"line":10,"column":15},"end":{"line":10,"column":53}},"7":{"start":{"line":12,"column":2},"end":{"line":15,"column":3}},"8":{"start":{"line":13,"column":4},"end":{"line":13,"column":20}},"9":{"start":{"line":14,"column":4},"end":{"line":14,"column":38}},"10":{"start":{"line":19,"column":18},"end":{"line":24,"column":4}},"11":{"start":{"line":28,"column":2},"end":{"line":28,"column":50}},"12":{"start":{"line":29,"column":2},"end":{"line":42,"column":4}},"13":{"start":{"line":30,"column":4},"end":{"line":41,"column":6}},"14":{"start":{"line":45,"column":2},"end":{"line":45,"column":29}},"15":{"start":{"line":48,"column":22},"end":{"line":85,"column":2}},"16":{"start":{"line":49,"column":32},"end":{"line":49,"column":42}},"17":{"start":{"line":52,"column":15},"end":{"line":52,"column":42}},"18":{"start":{"line":54,"column":2},"end":{"line":57,"column":3}},"19":{"start":{"line":55,"column":4},"end":{"line":55,"column":20}},"20":{"start":{"line":56,"column":4},"end":{"line":56,"column":38}},"21":{"start":{"line":59,"column":2},"end":{"line":61,"column":4}},"22":{"start":{"line":60,"column":17},"end":{"line":60,"column":54}},"23":{"start":{"line":63,"column":2},"end":{"line":63,"column":45}},"24":{"start":{"line":65,"column":22},"end":{"line":82,"column":3}},"25":{"start":{"line":66,"column":4},"end":{"line":81,"column":6}},"26":{"start":{"line":84,"column":2},"end":{"line":84,"column":36}},"27":{"start":{"line":87,"column":20},"end":{"line":113,"column":2}},"28":{"start":{"line":89,"column":21},"end":{"line":89,"column":31}},"29":{"start":{"line":92,"column":15},"end":{"line":110,"column":4}},"30":{"start":{"line":112,"column":2},"end":{"line":112,"column":38}},"31":{"start":{"line":115,"column":0},"end":{"line":115,"column":63}}},"fnMap":{"0":{"name":"(anonymous_0)","decl":{"start":{"line":5,"column":35},"end":{"line":5,"column":36}},"loc":{"start":{"line":5,"column":55},"end":{"line":46,"column":1}},"line":5},"1":{"name":"(anonymous_1)","decl":{"start":{"line":29,"column":25},"end":{"line":29,"column":26}},"loc":{"start":{"line":30,"column":4},"end":{"line":41,"column":6}},"line":30},"2":{"name":"(anonymous_2)","decl":{"start":{"line":48,"column":35},"end":{"line":48,"column":36}},"loc":{"start":{"line":48,"column":55},"end":{"line":85,"column":1}},"line":48},"3":{"name":"(anonymous_3)","decl":{"start":{"line":60,"column":4},"end":{"line":60,"column":5}},"loc":{"start":{"line":60,"column":17},"end":{"line":60,"column":54}},"line":60},"4":{"name":"(anonymous_4)","decl":{"start":{"line":65,"column":45},"end":{"line":65,"column":46}},"loc":{"start":{"line":66,"column":4},"end":{"line":81,"column":6}},"line":66},"5":{"name":"(anonymous_5)","decl":{"start":{"line":87,"column":33},"end":{"line":87,"column":34}},"loc":{"start":{"line":87,"column":53},"end":{"line":113,"column":1}},"line":87}},"branchMap":{"0":{"loc":{"start":{"line":12,"column":2},"end":{"line":15,"column":3}},"type":"if","locations":[{"start":{"line":12,"column":2},"end":{"line":15,"column":3}},{"start":{},"end":{}}],"line":12},"1":{"loc":{"start":{"line":54,"column":2},"end":{"line":57,"column":3}},"type":"if","locations":[{"start":{"line":54,"column":2},"end":{"line":57,"column":3}},{"start":{},"end":{}}],"line":54}},"s":{"0":4,"1":4,"2":4,"3":4,"4":3,"5":3,"6":3,"7":3,"8":1,"9":1,"10":2,"11":1,"12":1,"13":1,"14":1,"15":4,"16":1,"17":1,"18":1,"19":0,"20":0,"21":1,"22":1,"23":1,"24":1,"25":1,"26":1,"27":4,"28":1,"29":1,"30":1,"31":4},"f":{"0":3,"1":1,"2":1,"3":1,"4":1,"5":1},"b":{"0":[1,2],"1":[0,1]},"_coverageSchema":"1a1c01bbd47fc00a2c39e90264f33305004495a9","hash":"4927b49df61a038c0bc722efd42a799dde446b28"}
,"C:\\Users\\ryann\\OneDrive\\Desktop\\mern-nodenet\\server\\controllers\\postController.js": {"path":"C:\\Users\\ryann\\OneDrive\\Desktop\\mern-nodenet\\server\\controllers\\postController.js","statementMap":{"0":{"start":{"line":1,"column":21},"end":{"line":1,"column":53}},"1":{"start":{"line":2,"column":19},"end":{"line":2,"column":43}},"2":{"start":{"line":3,"column":13},"end":{"line":3,"column":43}},"3":{"start":{"line":4,"column":13},"end":{"line":4,"column":43}},"4":{"start":{"line":5,"column":20},"end":{"line":5,"column":51}},"5":{"start":{"line":7,"column":0},"end":{"line":11,"column":3}},"6":{"start":{"line":13,"column":19},"end":{"line":50,"column":2}},"7":{"start":{"line":14,"column":26},"end":{"line":14,"column":34}},"8":{"start":{"line":15,"column":16},"end":{"line":15,"column":18}},"9":{"start":{"line":19,"column":2},"end":{"line":25,"column":3}},"10":{"start":{"line":20,"column":27},"end":{"line":23,"column":6}},"11":{"start":{"line":24,"column":4},"end":{"line":24,"column":25}},"12":{"start":{"line":29,"column":15},"end":{"line":40,"column":3}},"13":{"start":{"line":35,"column":4},"end":{"line":39,"column":6}},"14":{"start":{"line":44,"column":15},"end":{"line":44,"column":46}},"15":{"start":{"line":46,"column":2},"end":{"line":46,"column":60}},"16":{"start":{"line":47,"column":2},"end":{"line":47,"column":20}},"17":{"start":{"line":49,"column":2},"end":{"line":49,"column":29}},"18":{"start":{"line":52,"column":21},"end":{"line":79,"column":2}},"19":{"start":{"line":55,"column":15},"end":{"line":76,"column":4}},"20":{"start":{"line":78,"column":2},"end":{"line":78,"column":35}},"21":{"start":{"line":81,"column":20},"end":{"line":106,"column":2}},"22":{"start":{"line":82,"column":29},"end":{"line":82,"column":39}},"23":{"start":{"line":84,"column":15},"end":{"line":84,"column":46}},"24":{"start":{"line":87,"column":20},"end":{"line":94,"column":6}},"25":{"start":{"line":95,"column":22},"end":{"line":102,"column":6}},"26":{"start":{"line":104,"column":19},"end":{"line":104,"column":72}},"27":{"start":{"line":105,"column":2},"end":{"line":105,"column":33}},"28":{"start":{"line":108,"column":19},"end":{"line":130,"column":2}},"29":{"start":{"line":109,"column":17},"end":{"line":109,"column":27}},"30":{"start":{"line":111,"column":15},"end":{"line":111,"column":38}},"31":{"start":{"line":115,"column":2},"end":{"line":118,"column":3}},"32":{"start":{"line":116,"column":4},"end":{"line":116,"column":20}},"33":{"start":{"line":117,"column":4},"end":{"line":117,"column":38}},"34":{"start":{"line":120,"column":2},"end":{"line":120,"column":25}},"35":{"start":{"line":124,"column":15},"end":{"line":124,"column":46}},"36":{"start":{"line":126,"column":2},"end":{"line":126,"column":68}},"37":{"start":{"line":126,"column":43},"end":{"line":126,"column":66}},"38":{"start":{"line":127,"column":2},"end":{"line":127,"column":20}},"39":{"start":{"line":129,"column":2},"end":{"line":129,"column":53}},"40":{"start":{"line":132,"column":0},"end":{"line":137,"column":2}}},"fnMap":{"0":{"name":"(anonymous_0)","decl":{"start":{"line":13,"column":32},"end":{"line":13,"column":33}},"loc":{"start":{"line":13,"column":52},"end":{"line":50,"column":1}},"line":13},"1":{"name":"(anonymous_1)","decl":{"start":{"line":34,"column":10},"end":{"line":34,"column":11}},"loc":{"start":{"line":35,"column":4},"end":{"line":39,"column":6}},"line":35},"2":{"name":"(anonymous_2)","decl":{"start":{"line":52,"column":34},"end":{"line":52,"column":35}},"loc":{"start":{"line":52,"column":54},"end":{"line":79,"column":1}},"line":52},"3":{"name":"(anonymous_3)","decl":{"start":{"line":81,"column":33},"end":{"line":81,"column":34}},"loc":{"start":{"line":81,"column":53},"end":{"line":106,"column":1}},"line":81},"4":{"name":"(anonymous_4)","decl":{"start":{"line":108,"column":32},"end":{"line":108,"column":33}},"loc":{"start":{"line":108,"column":52},"end":{"line":130,"column":1}},"line":108},"5":{"name":"(anonymous_5)","decl":{"start":{"line":126,"column":33},"end":{"line":126,"column":34}},"loc":{"start":{"line":126,"column":43},"end":{"line":126,"column":66}},"line":126}},"branchMap":{"0":{"loc":{"start":{"line":19,"column":2},"end":{"line":25,"column":3}},"type":"if","locations":[{"start":{"line":19,"column":2},"end":{"line":25,"column":3}},{"start":{},"end":{}}],"line":19},"1":{"loc":{"start":{"line":115,"column":2},"end":{"line":118,"column":3}},"type":"if","locations":[{"start":{"line":115,"column":2},"end":{"line":118,"column":3}},{"start":{},"end":{}}],"line":115}},"s":{"0":4,"1":4,"2":4,"3":4,"4":4,"5":4,"6":4,"7":2,"8":2,"9":2,"10":1,"11":1,"12":2,"13":1,"14":1,"15":1,"16":1,"17":1,"18":4,"19":1,"20":1,"21":4,"22":2,"23":2,"24":2,"25":2,"26":2,"27":2,"28":4,"29":1,"30":1,"31":1,"32":0,"33":0,"34":1,"35":1,"36":1,"37":1,"38":1,"39":1,"40":4},"f":{"0":2,"1":1,"2":1,"3":2,"4":1,"5":1},"b":{"0":[1,1],"1":[0,1]},"_coverageSchema":"1a1c01bbd47fc00a2c39e90264f33305004495a9","hash":"a27a16bd8fa28bebef6c1890c9738c1fd5f4e84a"}
,"C:\\Users\\ryann\\OneDrive\\Desktop\\mern-nodenet\\server\\controllers\\userController.js": {"path":"C:\\Users\\ryann\\OneDrive\\Desktop\\mern-nodenet\\server\\controllers\\userController.js","statementMap":{"0":{"start":{"line":1,"column":21},"end":{"line":1,"column":53}},"1":{"start":{"line":2,"column":12},"end":{"line":2,"column":35}},"2":{"start":{"line":3,"column":15},"end":{"line":3,"column":34}},"3":{"start":{"line":4,"column":19},"end":{"line":4,"column":43}},"4":{"start":{"line":5,"column":13},"end":{"line":5,"column":43}},"5":{"start":{"line":7,"column":0},"end":{"line":11,"column":3}},"6":{"start":{"line":13,"column":22},"end":{"line":20,"column":1}},"7":{"start":{"line":15,"column":15},"end":{"line":15,"column":40}},"8":{"start":{"line":16,"column":16},"end":{"line":18,"column":4}},"9":{"start":{"line":19,"column":2},"end":{"line":19,"column":15}},"10":{"start":{"line":22,"column":21},"end":{"line":54,"column":2}},"11":{"start":{"line":23,"column":53},"end":{"line":23,"column":61}},"12":{"start":{"line":25,"column":2},"end":{"line":28,"column":3}},"13":{"start":{"line":26,"column":4},"end":{"line":26,"column":20}},"14":{"start":{"line":27,"column":4},"end":{"line":27,"column":46}},"15":{"start":{"line":30,"column":15},"end":{"line":34,"column":4}},"16":{"start":{"line":35,"column":16},"end":{"line":35,"column":39}},"17":{"start":{"line":38,"column":2},"end":{"line":53,"column":3}},"18":{"start":{"line":39,"column":4},"end":{"line":44,"column":7}},"19":{"start":{"line":46,"column":4},"end":{"line":52,"column":7}},"20":{"start":{"line":56,"column":18},"end":{"line":130,"column":2}},"21":{"start":{"line":57,"column":41},"end":{"line":57,"column":49}},"22":{"start":{"line":59,"column":2},"end":{"line":62,"column":3}},"23":{"start":{"line":60,"column":4},"end":{"line":60,"column":20}},"24":{"start":{"line":61,"column":4},"end":{"line":61,"column":47}},"25":{"start":{"line":64,"column":15},"end":{"line":88,"column":4}},"26":{"start":{"line":92,"column":2},"end":{"line":95,"column":3}},"27":{"start":{"line":93,"column":4},"end":{"line":93,"column":20}},"28":{"start":{"line":94,"column":4},"end":{"line":94,"column":57}},"29":{"start":{"line":99,"column":28},"end":{"line":99,"column":73}},"30":{"start":{"line":103,"column":2},"end":{"line":129,"column":3}},"31":{"start":{"line":104,"column":18},"end":{"line":104,"column":52}},"32":{"start":{"line":106,"column":4},"end":{"line":112,"column":7}},"33":{"start":{"line":114,"column":70},"end":{"line":114,"column":74}},"34":{"start":{"line":116,"column":4},"end":{"line":125,"column":7}},"35":{"start":{"line":127,"column":4},"end":{"line":127,"column":20}},"36":{"start":{"line":128,"column":4},"end":{"line":128,"column":49}},"37":{"start":{"line":132,"column":19},"end":{"line":142,"column":2}},"38":{"start":{"line":133,"column":2},"end":{"line":139,"column":5}},"39":{"start":{"line":141,"column":2},"end":{"line":141,"column":63}},"40":{"start":{"line":144,"column":23},"end":{"line":158,"column":2}},"41":{"start":{"line":145,"column":20},"end":{"line":145,"column":31}},"42":{"start":{"line":147,"column":2},"end":{"line":149,"column":3}},"43":{"start":{"line":148,"column":4},"end":{"line":148,"column":27}},"44":{"start":{"line":151,"column":19},"end":{"line":151,"column":60}},"45":{"start":{"line":153,"column":2},"end":{"line":157,"column":3}},"46":{"start":{"line":154,"column":4},"end":{"line":154,"column":26}},"47":{"start":{"line":156,"column":4},"end":{"line":156,"column":27}},"48":{"start":{"line":160,"column":22},"end":{"line":184,"column":2}},"49":{"start":{"line":161,"column":23},"end":{"line":161,"column":33}},"50":{"start":{"line":165,"column":24},"end":{"line":165,"column":53}},"51":{"start":{"line":167,"column":2},"end":{"line":170,"column":3}},"52":{"start":{"line":168,"column":4},"end":{"line":168,"column":20}},"53":{"start":{"line":169,"column":4},"end":{"line":169,"column":38}},"54":{"start":{"line":175,"column":2},"end":{"line":175,"column":79}},"55":{"start":{"line":179,"column":31},"end":{"line":179,"column":57}},"56":{"start":{"line":181,"column":2},"end":{"line":183,"column":3}},"57":{"start":{"line":182,"column":4},"end":{"line":182,"column":62}},"58":{"start":{"line":186,"column":28},"end":{"line":247,"column":2}},"59":{"start":{"line":187,"column":21},"end":{"line":187,"column":31}},"60":{"start":{"line":189,"column":24},"end":{"line":193,"column":4}},"61":{"start":{"line":197,"column":2},"end":{"line":200,"column":3}},"62":{"start":{"line":198,"column":4},"end":{"line":198,"column":20}},"63":{"start":{"line":199,"column":4},"end":{"line":199,"column":38}},"64":{"start":{"line":205,"column":15},"end":{"line":209,"column":4}},"65":{"start":{"line":213,"column":2},"end":{"line":215,"column":4}},"66":{"start":{"line":214,"column":23},"end":{"line":214,"column":63}},"67":{"start":{"line":219,"column":2},"end":{"line":219,"column":63}},"68":{"start":{"line":220,"column":2},"end":{"line":220,"column":54}},"69":{"start":{"line":224,"column":2},"end":{"line":230,"column":4}},"70":{"start":{"line":225,"column":4},"end":{"line":229,"column":6}},"71":{"start":{"line":231,"column":22},"end":{"line":245,"column":3}},"72":{"start":{"line":232,"column":4},"end":{"line":244,"column":6}},"73":{"start":{"line":246,"column":2},"end":{"line":246,"column":24}},"74":{"start":{"line":249,"column":24},"end":{"line":277,"column":2}},"75":{"start":{"line":250,"column":19},"end":{"line":250,"column":29}},"76":{"start":{"line":251,"column":15},"end":{"line":269,"column":24}},"77":{"start":{"line":271,"column":2},"end":{"line":274,"column":3}},"78":{"start":{"line":272,"column":4},"end":{"line":272,"column":20}},"79":{"start":{"line":273,"column":4},"end":{"line":273,"column":38}},"80":{"start":{"line":276,"column":2},"end":{"line":276,"column":29}},"81":{"start":{"line":279,"column":20},"end":{"line":294,"column":2}},"82":{"start":{"line":280,"column":16},"end":{"line":280,"column":65}},"83":{"start":{"line":282,"column":2},"end":{"line":284,"column":3}},"84":{"start":{"line":283,"column":4},"end":{"line":283,"column":43}},"85":{"start":{"line":288,"column":2},"end":{"line":293,"column":4}},"86":{"start":{"line":290,"column":6},"end":{"line":290,"column":27}},"87":{"start":{"line":291,"column":6},"end":{"line":291,"column":18}},"88":{"start":{"line":296,"column":23},"end":{"line":323,"column":2}},"89":{"start":{"line":297,"column":27},"end":{"line":297,"column":37}},"90":{"start":{"line":299,"column":15},"end":{"line":315,"column":6}},"91":{"start":{"line":317,"column":2},"end":{"line":320,"column":3}},"92":{"start":{"line":318,"column":4},"end":{"line":318,"column":20}},"93":{"start":{"line":319,"column":4},"end":{"line":319,"column":38}},"94":{"start":{"line":322,"column":2},"end":{"line":322,"column":29}},"95":{"start":{"line":325,"column":19},"end":{"line":402,"column":2}},"96":{"start":{"line":327,"column":4},"end":{"line":327,"column":12}},"97":{"start":{"line":329,"column":15},"end":{"line":329,"column":46}},"98":{"start":{"line":333,"column":2},"end":{"line":372,"column":3}},"99":{"start":{"line":334,"column":17},"end":{"line":334,"column":19}},"100":{"start":{"line":335,"column":4},"end":{"line":341,"column":22}},"101":{"start":{"line":336,"column":29},"end":{"line":339,"column":8}},"102":{"start":{"line":340,"column":6},"end":{"line":340,"column":26}},"103":{"start":{"line":343,"column":4},"end":{"line":345,"column":30}},"104":{"start":{"line":346,"column":24},"end":{"line":346,"column":41}},"105":{"start":{"line":358,"column":8},"end":{"line":358,"column":19}},"106":{"start":{"line":360,"column":4},"end":{"line":371,"column":7}},"107":{"start":{"line":374,"column":2},"end":{"line":396,"column":3}},"108":{"start":{"line":375,"column":37},"end":{"line":378,"column":5}},"109":{"start":{"line":382,"column":4},"end":{"line":385,"column":5}},"110":{"start":{"line":383,"column":6},"end":{"line":383,"column":22}},"111":{"start":{"line":384,"column":6},"end":{"line":384,"column":57}},"112":{"start":{"line":387,"column":4},"end":{"line":390,"column":5}},"113":{"start":{"line":388,"column":6},"end":{"line":388,"column":22}},"114":{"start":{"line":389,"column":6},"end":{"line":389,"column":48}},"115":{"start":{"line":392,"column":4},"end":{"line":392,"column":32}},"116":{"start":{"line":394,"column":4},"end":{"line":394,"column":22}},"117":{"start":{"line":395,"column":4},"end":{"line":395,"column":66}},"118":{"start":{"line":398,"column":2},"end":{"line":398,"column":17}},"119":{"start":{"line":400,"column":22},"end":{"line":400,"column":39}},"120":{"start":{"line":401,"column":2},"end":{"line":401,"column":49}},"121":{"start":{"line":404,"column":21},"end":{"line":437,"column":2}},"122":{"start":{"line":405,"column":23},"end":{"line":405,"column":33}},"123":{"start":{"line":409,"column":17},"end":{"line":409,"column":46}},"124":{"start":{"line":410,"column":23},"end":{"line":410,"column":54}},"125":{"start":{"line":412,"column":2},"end":{"line":415,"column":3}},"126":{"start":{"line":413,"column":4},"end":{"line":413,"column":20}},"127":{"start":{"line":414,"column":4},"end":{"line":414,"column":40}},"128":{"start":{"line":417,"column":2},"end":{"line":419,"column":4}},"129":{"start":{"line":418,"column":16},"end":{"line":418,"column":53}},"130":{"start":{"line":420,"column":2},"end":{"line":422,"column":4}},"131":{"start":{"line":421,"column":16},"end":{"line":421,"column":51}},"132":{"start":{"line":424,"column":2},"end":{"line":424,"column":22}},"133":{"start":{"line":425,"column":37},"end":{"line":434,"column":3}},"134":{"start":{"line":426,"column":4},"end":{"line":433,"column":6}},"135":{"start":{"line":436,"column":2},"end":{"line":436,"column":51}},"136":{"start":{"line":439,"column":0},"end":{"line":451,"column":2}}},"fnMap":{"0":{"name":"(anonymous_0)","decl":{"start":{"line":13,"column":22},"end":{"line":13,"column":23}},"loc":{"start":{"line":13,"column":41},"end":{"line":20,"column":1}},"line":13},"1":{"name":"(anonymous_1)","decl":{"start":{"line":22,"column":34},"end":{"line":22,"column":35}},"loc":{"start":{"line":22,"column":54},"end":{"line":54,"column":1}},"line":22},"2":{"name":"(anonymous_2)","decl":{"start":{"line":56,"column":31},"end":{"line":56,"column":32}},"loc":{"start":{"line":56,"column":51},"end":{"line":130,"column":1}},"line":56},"3":{"name":"(anonymous_3)","decl":{"start":{"line":132,"column":32},"end":{"line":132,"column":33}},"loc":{"start":{"line":132,"column":52},"end":{"line":142,"column":1}},"line":132},"4":{"name":"(anonymous_4)","decl":{"start":{"line":144,"column":36},"end":{"line":144,"column":37}},"loc":{"start":{"line":144,"column":56},"end":{"line":158,"column":1}},"line":144},"5":{"name":"(anonymous_5)","decl":{"start":{"line":160,"column":35},"end":{"line":160,"column":36}},"loc":{"start":{"line":160,"column":55},"end":{"line":184,"column":1}},"line":160},"6":{"name":"(anonymous_6)","decl":{"start":{"line":186,"column":41},"end":{"line":186,"column":42}},"loc":{"start":{"line":186,"column":61},"end":{"line":247,"column":1}},"line":186},"7":{"name":"(anonymous_7)","decl":{"start":{"line":214,"column":4},"end":{"line":214,"column":5}},"loc":{"start":{"line":214,"column":23},"end":{"line":214,"column":63}},"line":214},"8":{"name":"(anonymous_8)","decl":{"start":{"line":224,"column":34},"end":{"line":224,"column":35}},"loc":{"start":{"line":225,"column":4},"end":{"line":229,"column":6}},"line":225},"9":{"name":"(anonymous_9)","decl":{"start":{"line":231,"column":45},"end":{"line":231,"column":46}},"loc":{"start":{"line":232,"column":4},"end":{"line":244,"column":6}},"line":232},"10":{"name":"(anonymous_10)","decl":{"start":{"line":249,"column":37},"end":{"line":249,"column":38}},"loc":{"start":{"line":249,"column":57},"end":{"line":277,"column":1}},"line":249},"11":{"name":"(anonymous_11)","decl":{"start":{"line":279,"column":33},"end":{"line":279,"column":34}},"loc":{"start":{"line":279,"column":53},"end":{"line":294,"column":1}},"line":279},"12":{"name":"(anonymous_12)","decl":{"start":{"line":289,"column":14},"end":{"line":289,"column":15}},"loc":{"start":{"line":289,"column":24},"end":{"line":292,"column":5}},"line":289},"13":{"name":"(anonymous_13)","decl":{"start":{"line":296,"column":36},"end":{"line":296,"column":37}},"loc":{"start":{"line":296,"column":56},"end":{"line":323,"column":1}},"line":296},"14":{"name":"(anonymous_14)","decl":{"start":{"line":325,"column":32},"end":{"line":325,"column":33}},"loc":{"start":{"line":325,"column":52},"end":{"line":402,"column":1}},"line":325},"15":{"name":"(anonymous_15)","decl":{"start":{"line":404,"column":34},"end":{"line":404,"column":35}},"loc":{"start":{"line":404,"column":54},"end":{"line":437,"column":1}},"line":404},"16":{"name":"(anonymous_16)","decl":{"start":{"line":418,"column":4},"end":{"line":418,"column":5}},"loc":{"start":{"line":418,"column":16},"end":{"line":418,"column":53}},"line":418},"17":{"name":"(anonymous_17)","decl":{"start":{"line":421,"column":4},"end":{"line":421,"column":5}},"loc":{"start":{"line":421,"column":16},"end":{"line":421,"column":51}},"line":421},"18":{"name":"(anonymous_18)","decl":{"start":{"line":425,"column":68},"end":{"line":425,"column":69}},"loc":{"start":{"line":426,"column":4},"end":{"line":433,"column":6}},"line":426}},"branchMap":{"0":{"loc":{"start":{"line":15,"column":15},"end":{"line":15,"column":40}},"type":"cond-expr","locations":[{"start":{"line":15,"column":27},"end":{"line":15,"column":33}},{"start":{"line":15,"column":36},"end":{"line":15,"column":40}}],"line":15},"1":{"loc":{"start":{"line":25,"column":2},"end":{"line":28,"column":3}},"type":"if","locations":[{"start":{"line":25,"column":2},"end":{"line":28,"column":3}},{"start":{},"end":{}}],"line":25},"2":{"loc":{"start":{"line":38,"column":2},"end":{"line":53,"column":3}},"type":"if","locations":[{"start":{"line":38,"column":2},"end":{"line":53,"column":3}},{"start":{},"end":{}}],"line":38},"3":{"loc":{"start":{"line":59,"column":2},"end":{"line":62,"column":3}},"type":"if","locations":[{"start":{"line":59,"column":2},"end":{"line":62,"column":3}},{"start":{},"end":{}}],"line":59},"4":{"loc":{"start":{"line":59,"column":6},"end":{"line":59,"column":25}},"type":"binary-expr","locations":[{"start":{"line":59,"column":6},"end":{"line":59,"column":12}},{"start":{"line":59,"column":16},"end":{"line":59,"column":25}}],"line":59},"5":{"loc":{"start":{"line":92,"column":2},"end":{"line":95,"column":3}},"type":"if","locations":[{"start":{"line":92,"column":2},"end":{"line":95,"column":3}},{"start":{},"end":{}}],"line":92},"6":{"loc":{"start":{"line":103,"column":2},"end":{"line":129,"column":3}},"type":"if","locations":[{"start":{"line":103,"column":2},"end":{"line":129,"column":3}},{"start":{"line":126,"column":9},"end":{"line":129,"column":3}}],"line":103},"7":{"loc":{"start":{"line":103,"column":6},"end":{"line":103,"column":31}},"type":"binary-expr","locations":[{"start":{"line":103,"column":6},"end":{"line":103,"column":10}},{"start":{"line":103,"column":14},"end":{"line":103,"column":31}}],"line":103},"8":{"loc":{"start":{"line":147,"column":2},"end":{"line":149,"column":3}},"type":"if","locations":[{"start":{"line":147,"column":2},"end":{"line":149,"column":3}},{"start":{},"end":{}}],"line":147},"9":{"loc":{"start":{"line":153,"column":2},"end":{"line":157,"column":3}},"type":"if","locations":[{"start":{"line":153,"column":2},"end":{"line":157,"column":3}},{"start":{"line":155,"column":9},"end":{"line":157,"column":3}}],"line":153},"10":{"loc":{"start":{"line":167,"column":2},"end":{"line":170,"column":3}},"type":"if","locations":[{"start":{"line":167,"column":2},"end":{"line":170,"column":3}},{"start":{},"end":{}}],"line":167},"11":{"loc":{"start":{"line":181,"column":2},"end":{"line":183,"column":3}},"type":"if","locations":[{"start":{"line":181,"column":2},"end":{"line":183,"column":3}},{"start":{},"end":{}}],"line":181},"12":{"loc":{"start":{"line":197,"column":2},"end":{"line":200,"column":3}},"type":"if","locations":[{"start":{"line":197,"column":2},"end":{"line":200,"column":3}},{"start":{},"end":{}}],"line":197},"13":{"loc":{"start":{"line":271,"column":2},"end":{"line":274,"column":3}},"type":"if","locations":[{"start":{"line":271,"column":2},"end":{"line":274,"column":3}},{"start":{},"end":{}}],"line":271},"14":{"loc":{"start":{"line":282,"column":2},"end":{"line":284,"column":3}},"type":"if","locations":[{"start":{"line":282,"column":2},"end":{"line":284,"column":3}},{"start":{},"end":{}}],"line":282},"15":{"loc":{"start":{"line":317,"column":2},"end":{"line":320,"column":3}},"type":"if","locations":[{"start":{"line":317,"column":2},"end":{"line":320,"column":3}},{"start":{},"end":{}}],"line":317},"16":{"loc":{"start":{"line":333,"column":2},"end":{"line":372,"column":3}},"type":"if","locations":[{"start":{"line":333,"column":2},"end":{"line":372,"column":3}},{"start":{},"end":{}}],"line":333},"17":{"loc":{"start":{"line":343,"column":4},"end":{"line":345,"column":29}},"type":"cond-expr","locations":[{"start":{"line":344,"column":9},"end":{"line":344,"column":33}},{"start":{"line":345,"column":9},"end":{"line":345,"column":28}}],"line":343},"18":{"loc":{"start":{"line":374,"column":2},"end":{"line":396,"column":3}},"type":"if","locations":[{"start":{"line":374,"column":2},"end":{"line":396,"column":3}},{"start":{},"end":{}}],"line":374},"19":{"loc":{"start":{"line":374,"column":6},"end":{"line":374,"column":55}},"type":"binary-expr","locations":[{"start":{"line":374,"column":6},"end":{"line":374,"column":21}},{"start":{"line":374,"column":25},"end":{"line":374,"column":40}},{"start":{"line":374,"column":44},"end":{"line":374,"column":55}}],"line":374},"20":{"loc":{"start":{"line":382,"column":4},"end":{"line":385,"column":5}},"type":"if","locations":[{"start":{"line":382,"column":4},"end":{"line":385,"column":5}},{"start":{},"end":{}}],"line":382},"21":{"loc":{"start":{"line":387,"column":4},"end":{"line":390,"column":5}},"type":"if","locations":[{"start":{"line":387,"column":4},"end":{"line":390,"column":5}},{"start":{},"end":{}}],"line":387},"22":{"loc":{"start":{"line":412,"column":2},"end":{"line":415,"column":3}},"type":"if","locations":[{"start":{"line":412,"column":2},"end":{"line":415,"column":3}},{"start":{},"end":{}}],"line":412}},"s":{"0":4,"1":4,"2":4,"3":4,"4":4,"5":4,"6":4,"7":19,"8":19,"9":19,"10":4,"11":3,"12":3,"13":1,"14":1,"15":2,"16":1,"17":1,"18":1,"19":1,"20":4,"21":21,"22":21,"23":1,"24":1,"25":20,"26":20,"27":1,"28":1,"29":19,"30":19,"31":18,"32":18,"33":18,"34":18,"35":1,"36":1,"37":4,"38":1,"39":1,"40":4,"41":2,"42":2,"43":1,"44":1,"45":0,"46":0,"47":0,"48":4,"49":3,"50":3,"51":3,"52":0,"53":0,"54":3,"55":3,"56":3,"57":3,"58":4,"59":3,"60":3,"61":3,"62":0,"63":0,"64":3,"65":3,"66":0,"67":3,"68":3,"69":3,"70":3,"71":3,"72":3,"73":3,"74":4,"75":1,"76":1,"77":1,"78":0,"79":0,"80":1,"81":4,"82":1,"83":1,"84":0,"85":1,"86":11,"87":11,"88":4,"89":1,"90":1,"91":1,"92":0,"93":0,"94":1,"95":4,"96":5,"97":5,"98":5,"99":1,"100":1,"101":1,"102":1,"103":1,"104":1,"105":1,"106":1,"107":4,"108":3,"109":3,"110":1,"111":1,"112":2,"113":1,"114":1,"115":1,"116":1,"117":1,"118":1,"119":1,"120":1,"121":4,"122":1,"123":1,"124":1,"125":1,"126":0,"127":0,"128":1,"129":1,"130":1,"131":3,"132":1,"133":1,"134":1,"135":1,"136":4},"f":{"0":19,"1":3,"2":21,"3":1,"4":2,"5":3,"6":3,"7":0,"8":3,"9":3,"10":1,"11":1,"12":11,"13":1,"14":5,"15":1,"16":1,"17":3,"18":1},"b":{"0":[1,18],"1":[1,2],"2":[1,0],"3":[1,20],"4":[21,21],"5":[1,19],"6":[18,1],"7":[19,19],"8":[1,1],"9":[0,0],"10":[0,3],"11":[3,0],"12":[0,3],"13":[0,1],"14":[0,1],"15":[0,1],"16":[1,4],"17":[0,1],"18":[3,1],"19":[4,3,3],"20":[1,2],"21":[1,1],"22":[0,1]},"_coverageSchema":"1a1c01bbd47fc00a2c39e90264f33305004495a9","hash":"a4282238ff05ac4fd1cade4fac762cbd87e564e8"}
,"C:\\Users\\ryann\\OneDrive\\Desktop\\mern-nodenet\\server\\middleware\\editContent.js": {"path":"C:\\Users\\ryann\\OneDrive\\Desktop\\mern-nodenet\\server\\middleware\\editContent.js","statementMap":{"0":{"start":{"line":1,"column":21},"end":{"line":1,"column":53}},"1":{"start":{"line":2,"column":13},"end":{"line":2,"column":43}},"2":{"start":{"line":3,"column":16},"end":{"line":3,"column":49}},"3":{"start":{"line":4,"column":19},"end":{"line":4,"column":43}},"4":{"start":{"line":6,"column":20},"end":{"line":55,"column":2}},"5":{"start":{"line":7,"column":24},"end":{"line":7,"column":34}},"6":{"start":{"line":8,"column":42},"end":{"line":8,"column":50}},"7":{"start":{"line":16,"column":2},"end":{"line":52,"column":3}},"8":{"start":{"line":17,"column":4},"end":{"line":17,"column":52}},"9":{"start":{"line":18,"column":4},"end":{"line":18,"column":48}},"10":{"start":{"line":20,"column":4},"end":{"line":26,"column":5}},"11":{"start":{"line":21,"column":29},"end":{"line":24,"column":8}},"12":{"start":{"line":25,"column":6},"end":{"line":25,"column":38}},"13":{"start":{"line":28,"column":4},"end":{"line":41,"column":6}},"14":{"start":{"line":29,"column":6},"end":{"line":40,"column":8}},"15":{"start":{"line":43,"column":4},"end":{"line":43,"column":55}},"16":{"start":{"line":44,"column":4},"end":{"line":44,"column":51}},"17":{"start":{"line":45,"column":4},"end":{"line":51,"column":6}},"18":{"start":{"line":46,"column":6},"end":{"line":50,"column":8}},"19":{"start":{"line":54,"column":2},"end":{"line":54,"column":39}},"20":{"start":{"line":57,"column":0},"end":{"line":57,"column":29}}},"fnMap":{"0":{"name":"(anonymous_0)","decl":{"start":{"line":6,"column":33},"end":{"line":6,"column":34}},"loc":{"start":{"line":6,"column":53},"end":{"line":55,"column":1}},"line":6},"1":{"name":"(anonymous_1)","decl":{"start":{"line":28,"column":37},"end":{"line":28,"column":38}},"loc":{"start":{"line":29,"column":6},"end":{"line":40,"column":8}},"line":29},"2":{"name":"(anonymous_2)","decl":{"start":{"line":45,"column":37},"end":{"line":45,"column":38}},"loc":{"start":{"line":46,"column":6},"end":{"line":50,"column":8}},"line":46}},"branchMap":{"0":{"loc":{"start":{"line":16,"column":2},"end":{"line":52,"column":3}},"type":"if","locations":[{"start":{"line":16,"column":2},"end":{"line":52,"column":3}},{"start":{"line":42,"column":9},"end":{"line":52,"column":3}}],"line":16},"1":{"loc":{"start":{"line":20,"column":4},"end":{"line":26,"column":5}},"type":"if","locations":[{"start":{"line":20,"column":4},"end":{"line":26,"column":5}},{"start":{},"end":{}}],"line":20}},"s":{"0":4,"1":4,"2":4,"3":4,"4":4,"5":2,"6":2,"7":2,"8":1,"9":1,"10":1,"11":1,"12":1,"13":1,"14":1,"15":1,"16":1,"17":1,"18":1,"19":2,"20":4},"f":{"0":2,"1":1,"2":1},"b":{"0":[1,1],"1":[1,0]},"_coverageSchema":"1a1c01bbd47fc00a2c39e90264f33305004495a9","hash":"b9cbb415311d62297a8658e5b2e43c6b14bfa99f"}
,"C:\\Users\\ryann\\OneDrive\\Desktop\\mern-nodenet\\server\\middleware\\errorHandler.js": {"path":"C:\\Users\\ryann\\OneDrive\\Desktop\\mern-nodenet\\server\\middleware\\errorHandler.js","statementMap":{"0":{"start":{"line":1,"column":25},"end":{"line":34,"column":1}},"1":{"start":{"line":2,"column":2},"end":{"line":6,"column":3}},"2":{"start":{"line":3,"column":4},"end":{"line":5,"column":79}},"3":{"start":{"line":8,"column":2},"end":{"line":12,"column":3}},"4":{"start":{"line":9,"column":4},"end":{"line":11,"column":80}},"5":{"start":{"line":14,"column":2},"end":{"line":19,"column":3}},"6":{"start":{"line":15,"column":4},"end":{"line":18,"column":7}},"7":{"start":{"line":23,"column":2},"end":{"line":28,"column":3}},"8":{"start":{"line":24,"column":4},"end":{"line":27,"column":7}},"9":{"start":{"line":31,"column":2},"end":{"line":33,"column":54}},"10":{"start":{"line":36,"column":25},"end":{"line":56,"column":1}},"11":{"start":{"line":37,"column":25},"end":{"line":37,"column":28}},"12":{"start":{"line":40,"column":2},"end":{"line":51,"column":3}},"13":{"start":{"line":45,"column":6},"end":{"line":46,"column":50}},"14":{"start":{"line":47,"column":4},"end":{"line":50,"column":7}},"15":{"start":{"line":53,"column":2},"end":{"line":55,"column":54}},"16":{"start":{"line":58,"column":0},"end":{"line":58,"column":56}}},"fnMap":{"0":{"name":"(anonymous_0)","decl":{"start":{"line":1,"column":25},"end":{"line":1,"column":26}},"loc":{"start":{"line":1,"column":50},"end":{"line":34,"column":1}},"line":1},"1":{"name":"(anonymous_1)","decl":{"start":{"line":36,"column":25},"end":{"line":36,"column":26}},"loc":{"start":{"line":36,"column":50},"end":{"line":56,"column":1}},"line":36}},"branchMap":{"0":{"loc":{"start":{"line":2,"column":2},"end":{"line":6,"column":3}},"type":"if","locations":[{"start":{"line":2,"column":2},"end":{"line":6,"column":3}},{"start":{},"end":{}}],"line":2},"1":{"loc":{"start":{"line":2,"column":6},"end":{"line":2,"column":35}},"type":"binary-expr","locations":[{"start":{"line":2,"column":6},"end":{"line":2,"column":16}},{"start":{"line":2,"column":20},"end":{"line":2,"column":35}}],"line":2},"2":{"loc":{"start":{"line":8,"column":2},"end":{"line":12,"column":3}},"type":"if","locations":[{"start":{"line":8,"column":2},"end":{"line":12,"column":3}},{"start":{},"end":{}}],"line":8},"3":{"loc":{"start":{"line":8,"column":6},"end":{"line":8,"column":36}},"type":"binary-expr","locations":[{"start":{"line":8,"column":6},"end":{"line":8,"column":16}},{"start":{"line":8,"column":20},"end":{"line":8,"column":36}}],"line":8},"4":{"loc":{"start":{"line":14,"column":2},"end":{"line":19,"column":3}},"type":"if","locations":[{"start":{"line":14,"column":2},"end":{"line":19,"column":3}},{"start":{},"end":{}}],"line":14},"5":{"loc":{"start":{"line":14,"column":6},"end":{"line":14,"column":39}},"type":"binary-expr","locations":[{"start":{"line":14,"column":6},"end":{"line":14,"column":16}},{"start":{"line":14,"column":20},"end":{"line":14,"column":39}}],"line":14},"6":{"loc":{"start":{"line":23,"column":2},"end":{"line":28,"column":3}},"type":"if","locations":[{"start":{"line":23,"column":2},"end":{"line":28,"column":3}},{"start":{},"end":{}}],"line":23},"7":{"loc":{"start":{"line":32,"column":12},"end":{"line":32,"column":33}},"type":"binary-expr","locations":[{"start":{"line":32,"column":12},"end":{"line":32,"column":26}},{"start":{"line":32,"column":30},"end":{"line":32,"column":33}}],"line":32},"8":{"loc":{"start":{"line":40,"column":2},"end":{"line":51,"column":3}},"type":"if","locations":[{"start":{"line":40,"column":2},"end":{"line":51,"column":3}},{"start":{},"end":{}}],"line":40},"9":{"loc":{"start":{"line":41,"column":4},"end":{"line":42,"column":45}},"type":"binary-expr","locations":[{"start":{"line":41,"column":5},"end":{"line":41,"column":15}},{"start":{"line":41,"column":19},"end":{"line":41,"column":41}},{"start":{"line":42,"column":5},"end":{"line":42,"column":15}},{"start":{"line":42,"column":19},"end":{"line":42,"column":44}}],"line":41},"10":{"loc":{"start":{"line":45,"column":6},"end":{"line":46,"column":50}},"type":"binary-expr","locations":[{"start":{"line":45,"column":7},"end":{"line":45,"column":29}},{"start":{"line":45,"column":33},"end":{"line":45,"column":74}},{"start":{"line":46,"column":6},"end":{"line":46,"column":50}}],"line":45},"11":{"loc":{"start":{"line":54,"column":12},"end":{"line":54,"column":29}},"type":"binary-expr","locations":[{"start":{"line":54,"column":12},"end":{"line":54,"column":22}},{"start":{"line":54,"column":26},"end":{"line":54,"column":29}}],"line":54}},"s":{"0":4,"1":12,"2":0,"3":12,"4":0,"5":12,"6":0,"7":12,"8":1,"9":11,"10":4,"11":3,"12":3,"13":2,"14":2,"15":1,"16":4},"f":{"0":12,"1":3},"b":{"0":[0,12],"1":[12,0],"2":[0,12],"3":[12,0],"4":[0,12],"5":[12,0],"6":[1,11],"7":[11,0],"8":[2,1],"9":[3,2,2,1],"10":[2,1,1],"11":[1,0]},"_coverageSchema":"1a1c01bbd47fc00a2c39e90264f33305004495a9","hash":"5aba80b7fd5725cd137841316ff322c839e107da"}
,"C:\\Users\\ryann\\OneDrive\\Desktop\\mern-nodenet\\server\\middleware\\likeContent.js": {"path":"C:\\Users\\ryann\\OneDrive\\Desktop\\mern-nodenet\\server\\middleware\\likeContent.js","statementMap":{"0":{"start":{"line":1,"column":21},"end":{"line":1,"column":53}},"1":{"start":{"line":2,"column":13},"end":{"line":2,"column":43}},"2":{"start":{"line":3,"column":16},"end":{"line":3,"column":49}},"3":{"start":{"line":5,"column":25},"end":{"line":63,"column":2}},"4":{"start":{"line":6,"column":32},"end":{"line":6,"column":40}},"5":{"start":{"line":7,"column":17},"end":{"line":7,"column":27}},"6":{"start":{"line":13,"column":4},"end":{"line":13,"column":77}},"7":{"start":{"line":15,"column":2},"end":{"line":15,"column":69}},"8":{"start":{"line":16,"column":2},"end":{"line":23,"column":9}},"9":{"start":{"line":22,"column":18},"end":{"line":22,"column":53}},"10":{"start":{"line":25,"column":2},"end":{"line":25,"column":37}},"11":{"start":{"line":26,"column":25},"end":{"line":60,"column":3}},"12":{"start":{"line":27,"column":4},"end":{"line":59,"column":10}},"13":{"start":{"line":62,"column":2},"end":{"line":62,"column":39}},"14":{"start":{"line":65,"column":0},"end":{"line":65,"column":34}}},"fnMap":{"0":{"name":"(anonymous_0)","decl":{"start":{"line":5,"column":38},"end":{"line":5,"column":39}},"loc":{"start":{"line":5,"column":58},"end":{"line":63,"column":1}},"line":5},"1":{"name":"(anonymous_1)","decl":{"start":{"line":22,"column":8},"end":{"line":22,"column":9}},"loc":{"start":{"line":22,"column":18},"end":{"line":22,"column":53}},"line":22},"2":{"name":"(anonymous_2)","decl":{"start":{"line":26,"column":56},"end":{"line":26,"column":57}},"loc":{"start":{"line":27,"column":4},"end":{"line":59,"column":10}},"line":27}},"branchMap":{"0":{"loc":{"start":{"line":13,"column":4},"end":{"line":13,"column":77}},"type":"cond-expr","locations":[{"start":{"line":13,"column":25},"end":{"line":13,"column":48}},{"start":{"line":13,"column":51},"end":{"line":13,"column":77}}],"line":13},"1":{"loc":{"start":{"line":15,"column":2},"end":{"line":15,"column":68}},"type":"cond-expr","locations":[{"start":{"line":15,"column":13},"end":{"line":15,"column":39}},{"start":{"line":15,"column":42},"end":{"line":15,"column":68}}],"line":15},"2":{"loc":{"start":{"line":16,"column":2},"end":{"line":23,"column":8}},"type":"cond-expr","locations":[{"start":{"line":17,"column":7},"end":{"line":20,"column":7}},{"start":{"line":21,"column":7},"end":{"line":23,"column":7}}],"line":16},"3":{"loc":{"start":{"line":27,"column":4},"end":{"line":59,"column":10}},"type":"cond-expr","locations":[{"start":{"line":28,"column":8},"end":{"line":47,"column":10}},{"start":{"line":48,"column":8},"end":{"line":59,"column":10}}],"line":27}},"s":{"0":4,"1":4,"2":4,"3":4,"4":4,"5":4,"6":4,"7":4,"8":4,"9":1,"10":4,"11":4,"12":4,"13":4,"14":4},"f":{"0":4,"1":1,"2":4},"b":{"0":[3,1],"1":[3,1],"2":[3,1],"3":[3,1]},"_coverageSchema":"1a1c01bbd47fc00a2c39e90264f33305004495a9","hash":"2ba3da14117e679a9dde6ade5d78360c3acdf72a"}
,"C:\\Users\\ryann\\OneDrive\\Desktop\\mern-nodenet\\server\\middleware\\routeProtector.js": {"path":"C:\\Users\\ryann\\OneDrive\\Desktop\\mern-nodenet\\server\\middleware\\routeProtector.js","statementMap":{"0":{"start":{"line":1,"column":12},"end":{"line":1,"column":35}},"1":{"start":{"line":2,"column":13},"end":{"line":2,"column":43}},"2":{"start":{"line":3,"column":21},"end":{"line":3,"column":53}},"3":{"start":{"line":5,"column":16},"end":{"line":28,"column":2}},"4":{"start":{"line":6,"column":20},"end":{"line":6,"column":31}},"5":{"start":{"line":7,"column":23},"end":{"line":7,"column":40}},"6":{"start":{"line":9,"column":2},"end":{"line":12,"column":3}},"7":{"start":{"line":10,"column":4},"end":{"line":10,"column":20}},"8":{"start":{"line":11,"column":4},"end":{"line":11,"column":52}},"9":{"start":{"line":14,"column":19},"end":{"line":14,"column":60}},"10":{"start":{"line":16,"column":15},"end":{"line":16,"column":47}},"11":{"start":{"line":21,"column":2},"end":{"line":27,"column":3}},"12":{"start":{"line":22,"column":4},"end":{"line":22,"column":26}},"13":{"start":{"line":23,"column":4},"end":{"line":23,"column":18}},"14":{"start":{"line":25,"column":4},"end":{"line":25,"column":20}},"15":{"start":{"line":26,"column":4},"end":{"line":26,"column":52}},"16":{"start":{"line":30,"column":0},"end":{"line":30,"column":25}}},"fnMap":{"0":{"name":"(anonymous_0)","decl":{"start":{"line":5,"column":29},"end":{"line":5,"column":30}},"loc":{"start":{"line":5,"column":55},"end":{"line":28,"column":1}},"line":5}},"branchMap":{"0":{"loc":{"start":{"line":9,"column":2},"end":{"line":12,"column":3}},"type":"if","locations":[{"start":{"line":9,"column":2},"end":{"line":12,"column":3}},{"start":{},"end":{}}],"line":9},"1":{"loc":{"start":{"line":9,"column":6},"end":{"line":9,"column":72}},"type":"binary-expr","locations":[{"start":{"line":9,"column":6},"end":{"line":9,"column":12}},{"start":{"line":9,"column":16},"end":{"line":9,"column":72}}],"line":9},"2":{"loc":{"start":{"line":21,"column":2},"end":{"line":27,"column":3}},"type":"if","locations":[{"start":{"line":21,"column":2},"end":{"line":27,"column":3}},{"start":{"line":24,"column":9},"end":{"line":27,"column":3}}],"line":21},"3":{"loc":{"start":{"line":21,"column":6},"end":{"line":21,"column":22}},"type":"binary-expr","locations":[{"start":{"line":21,"column":6},"end":{"line":21,"column":14}},{"start":{"line":21,"column":18},"end":{"line":21,"column":22}}],"line":21}},"s":{"0":4,"1":4,"2":4,"3":4,"4":36,"5":36,"6":36,"7":4,"8":4,"9":32,"10":32,"11":32,"12":32,"13":32,"14":0,"15":0,"16":4},"f":{"0":36},"b":{"0":[4,32],"1":[36,33],"2":[32,0],"3":[32,32]},"_coverageSchema":"1a1c01bbd47fc00a2c39e90264f33305004495a9","hash":"30c4699ce95f020f5788081c3bd52db9810f7b30"}
,"C:\\Users\\ryann\\OneDrive\\Desktop\\mern-nodenet\\server\\models\\commentModel.js": {"path":"C:\\Users\\ryann\\OneDrive\\Desktop\\mern-nodenet\\server\\models\\commentModel.js","statementMap":{"0":{"start":{"line":1,"column":17},"end":{"line":1,"column":36}},"1":{"start":{"line":2,"column":15},"end":{"line":2,"column":30}},"2":{"start":{"line":4,"column":22},"end":{"line":16,"column":1}},"3":{"start":{"line":18,"column":16},"end":{"line":18,"column":56}},"4":{"start":{"line":19,"column":0},"end":{"line":19,"column":25}}},"fnMap":{},"branchMap":{},"s":{"0":4,"1":4,"2":4,"3":4,"4":4},"f":{},"b":{},"_coverageSchema":"1a1c01bbd47fc00a2c39e90264f33305004495a9","hash":"c31312d17000a37325d7bcef91722f69cce11628"}
,"C:\\Users\\ryann\\OneDrive\\Desktop\\mern-nodenet\\server\\models\\postModel.js": {"path":"C:\\Users\\ryann\\OneDrive\\Desktop\\mern-nodenet\\server\\models\\postModel.js","statementMap":{"0":{"start":{"line":1,"column":17},"end":{"line":1,"column":36}},"1":{"start":{"line":2,"column":15},"end":{"line":2,"column":30}},"2":{"start":{"line":4,"column":19},"end":{"line":29,"column":1}},"3":{"start":{"line":31,"column":13},"end":{"line":31,"column":47}},"4":{"start":{"line":32,"column":0},"end":{"line":32,"column":22}}},"fnMap":{},"branchMap":{},"s":{"0":5,"1":5,"2":5,"3":5,"4":5},"f":{},"b":{},"_coverageSchema":"1a1c01bbd47fc00a2c39e90264f33305004495a9","hash":"ecb4c01bc16b54aa5cc3dff8e04432c1a5114797"}
,"C:\\Users\\ryann\\OneDrive\\Desktop\\mern-nodenet\\server\\models\\userModel.js": {"path":"C:\\Users\\ryann\\OneDrive\\Desktop\\mern-nodenet\\server\\models\\userModel.js","statementMap":{"0":{"start":{"line":1,"column":17},"end":{"line":1,"column":36}},"1":{"start":{"line":2,"column":20},"end":{"line":2,"column":40}},"2":{"start":{"line":3,"column":15},"end":{"line":3,"column":34}},"3":{"start":{"line":4,"column":15},"end":{"line":4,"column":30}},"4":{"start":{"line":6,"column":19},"end":{"line":50,"column":1}},"5":{"start":{"line":17,"column":10},"end":{"line":17,"column":32}},"6":{"start":{"line":54,"column":0},"end":{"line":64,"column":3}},"7":{"start":{"line":55,"column":2},"end":{"line":57,"column":3}},"8":{"start":{"line":56,"column":4},"end":{"line":56,"column":18}},"9":{"start":{"line":59,"column":15},"end":{"line":59,"column":37}},"10":{"start":{"line":60,"column":25},"end":{"line":60,"column":63}},"11":{"start":{"line":61,"column":2},"end":{"line":61,"column":33}},"12":{"start":{"line":63,"column":2},"end":{"line":63,"column":9}},"13":{"start":{"line":66,"column":13},"end":{"line":66,"column":47}},"14":{"start":{"line":67,"column":0},"end":{"line":67,"column":22}}},"fnMap":{"0":{"name":"(anonymous_0)","decl":{"start":{"line":16,"column":19},"end":{"line":16,"column":20}},"loc":{"start":{"line":16,"column":36},"end":{"line":18,"column":9}},"line":16},"1":{"name":"(anonymous_1)","decl":{"start":{"line":54,"column":23},"end":{"line":54,"column":24}},"loc":{"start":{"line":54,"column":45},"end":{"line":64,"column":1}},"line":54}},"branchMap":{"0":{"loc":{"start":{"line":55,"column":2},"end":{"line":57,"column":3}},"type":"if","locations":[{"start":{"line":55,"column":2},"end":{"line":57,"column":3}},{"start":{},"end":{}}],"line":55}},"s":{"0":5,"1":5,"2":5,"3":5,"4":5,"5":147,"6":5,"7":147,"8":101,"9":46,"10":46,"11":46,"12":46,"13":5,"14":5},"f":{"0":147,"1":147},"b":{"0":[101,46]},"_coverageSchema":"1a1c01bbd47fc00a2c39e90264f33305004495a9","hash":"a9593d20a207075e019fdc1edd89c1f33205edaf"}
,"C:\\Users\\ryann\\OneDrive\\Desktop\\mern-nodenet\\server\\routes\\commentRoute.js": {"path":"C:\\Users\\ryann\\OneDrive\\Desktop\\mern-nodenet\\server\\routes\\commentRoute.js","statementMap":{"0":{"start":{"line":1,"column":19},"end":{"line":1,"column":37}},"1":{"start":{"line":6,"column":4},"end":{"line":6,"column":47}},"2":{"start":{"line":7,"column":16},"end":{"line":7,"column":55}},"3":{"start":{"line":8,"column":25},"end":{"line":8,"column":61}},"4":{"start":{"line":9,"column":20},"end":{"line":9,"column":56}},"5":{"start":{"line":10,"column":15},"end":{"line":10,"column":23}},"6":{"start":{"line":12,"column":0},"end":{"line":12,"column":48}},"7":{"start":{"line":13,"column":0},"end":{"line":13,"column":61}},"8":{"start":{"line":14,"column":0},"end":{"line":14,"column":60}},"9":{"start":{"line":15,"column":0},"end":{"line":15,"column":62}},"10":{"start":{"line":16,"column":0},"end":{"line":16,"column":45}},"11":{"start":{"line":18,"column":0},"end":{"line":18,"column":24}}},"fnMap":{},"branchMap":{},"s":{"0":4,"1":4,"2":4,"3":4,"4":4,"5":4,"6":4,"7":4,"8":4,"9":4,"10":4,"11":4},"f":{},"b":{},"_coverageSchema":"1a1c01bbd47fc00a2c39e90264f33305004495a9","hash":"8acae363c8414faae35f19c038c032742cd091c5"}
,"C:\\Users\\ryann\\OneDrive\\Desktop\\mern-nodenet\\server\\routes\\postRoute.js": {"path":"C:\\Users\\ryann\\OneDrive\\Desktop\\mern-nodenet\\server\\routes\\postRoute.js","statementMap":{"0":{"start":{"line":1,"column":19},"end":{"line":1,"column":37}},"1":{"start":{"line":7,"column":4},"end":{"line":7,"column":44}},"2":{"start":{"line":8,"column":16},"end":{"line":8,"column":55}},"3":{"start":{"line":9,"column":17},"end":{"line":9,"column":47}},"4":{"start":{"line":10,"column":25},"end":{"line":10,"column":61}},"5":{"start":{"line":11,"column":20},"end":{"line":11,"column":56}},"6":{"start":{"line":13,"column":15},"end":{"line":13,"column":23}},"7":{"start":{"line":15,"column":0},"end":{"line":15,"column":64}},"8":{"start":{"line":16,"column":0},"end":{"line":16,"column":48}},"9":{"start":{"line":17,"column":0},"end":{"line":17,"column":62}},"10":{"start":{"line":18,"column":0},"end":{"line":18,"column":43}},"11":{"start":{"line":19,"column":0},"end":{"line":19,"column":57}},"12":{"start":{"line":20,"column":0},"end":{"line":25,"column":2}},"13":{"start":{"line":27,"column":0},"end":{"line":27,"column":24}}},"fnMap":{},"branchMap":{},"s":{"0":4,"1":4,"2":4,"3":4,"4":4,"5":4,"6":4,"7":4,"8":4,"9":4,"10":4,"11":4,"12":4,"13":4},"f":{},"b":{},"_coverageSchema":"1a1c01bbd47fc00a2c39e90264f33305004495a9","hash":"34b378ad6e4009f01453d0eaa560f8aa44c34742"}
,"C:\\Users\\ryann\\OneDrive\\Desktop\\mern-nodenet\\server\\routes\\userRoute.js": {"path":"C:\\Users\\ryann\\OneDrive\\Desktop\\mern-nodenet\\server\\routes\\userRoute.js","statementMap":{"0":{"start":{"line":1,"column":16},"end":{"line":1,"column":34}},"1":{"start":{"line":14,"column":4},"end":{"line":14,"column":44}},"2":{"start":{"line":15,"column":16},"end":{"line":15,"column":55}},"3":{"start":{"line":16,"column":17},"end":{"line":16,"column":47}},"4":{"start":{"line":17,"column":15},"end":{"line":17,"column":31}},"5":{"start":{"line":19,"column":0},"end":{"line":19,"column":43}},"6":{"start":{"line":20,"column":0},"end":{"line":20,"column":37}},"7":{"start":{"line":21,"column":0},"end":{"line":21,"column":38}},"8":{"start":{"line":22,"column":0},"end":{"line":22,"column":46}},"9":{"start":{"line":23,"column":0},"end":{"line":23,"column":65}},"10":{"start":{"line":24,"column":0},"end":{"line":24,"column":75}},"11":{"start":{"line":25,"column":0},"end":{"line":25,"column":52}},"12":{"start":{"line":26,"column":0},"end":{"line":26,"column":52}},"13":{"start":{"line":27,"column":0},"end":{"line":27,"column":66}},"14":{"start":{"line":28,"column":0},"end":{"line":28,"column":72}},"15":{"start":{"line":29,"column":0},"end":{"line":29,"column":63}},"16":{"start":{"line":31,"column":0},"end":{"line":31,"column":24}}},"fnMap":{},"branchMap":{},"s":{"0":4,"1":4,"2":4,"3":4,"4":4,"5":4,"6":4,"7":4,"8":4,"9":4,"10":4,"11":4,"12":4,"13":4,"14":4,"15":4,"16":4},"f":{},"b":{},"_coverageSchema":"1a1c01bbd47fc00a2c39e90264f33305004495a9","hash":"8af4a6477f1e06a44a690b89cfea3567dbdb0d07"}
,"C:\\Users\\ryann\\OneDrive\\Desktop\\mern-nodenet\\server\\tests\\userHelper.js": {"path":"C:\\Users\\ryann\\OneDrive\\Desktop\\mern-nodenet\\server\\tests\\userHelper.js","statementMap":{"0":{"start":{"line":1,"column":12},"end":{"line":1,"column":31}},"1":{"start":{"line":2,"column":16},"end":{"line":2,"column":36}},"2":{"start":{"line":3,"column":13},"end":{"line":3,"column":43}},"3":{"start":{"line":5,"column":22},"end":{"line":13,"column":1}},"4":{"start":{"line":7,"column":19},"end":{"line":10,"column":4}},"5":{"start":{"line":11,"column":16},"end":{"line":11,"column":46}},"6":{"start":{"line":12,"column":2},"end":{"line":12,"column":40}},"7":{"start":{"line":15,"column":22},"end":{"line":25,"column":1}},"8":{"start":{"line":16,"column":16},"end":{"line":16,"column":43}},"9":{"start":{"line":18,"column":2},"end":{"line":23,"column":4}},"10":{"start":{"line":22,"column":31},"end":{"line":22,"column":74}},"11":{"start":{"line":19,"column":4},"end":{"line":19,"column":65}},"12":{"start":{"line":24,"column":2},"end":{"line":24,"column":20}},"13":{"start":{"line":27,"column":0},"end":{"line":27,"column":50}}},"fnMap":{"0":{"name":"(anonymous_0)","decl":{"start":{"line":5,"column":22},"end":{"line":5,"column":23}},"loc":{"start":{"line":5,"column":49},"end":{"line":13,"column":1}},"line":5},"1":{"name":"(anonymous_1)","decl":{"start":{"line":15,"column":22},"end":{"line":15,"column":23}},"loc":{"start":{"line":15,"column":45},"end":{"line":25,"column":1}},"line":15},"2":{"name":"(anonymous_2)","decl":{"start":{"line":22,"column":21},"end":{"line":22,"column":22}},"loc":{"start":{"line":22,"column":31},"end":{"line":22,"column":74}},"line":22}},"branchMap":{"0":{"loc":{"start":{"line":21,"column":4},"end":{"line":22,"column":75}},"type":"binary-expr","locations":[{"start":{"line":21,"column":4},"end":{"line":21,"column":41}},{"start":{"line":22,"column":4},"end":{"line":22,"column":75}}],"line":21}},"s":{"0":4,"1":4,"2":4,"3":4,"4":17,"5":17,"6":17,"7":4,"8":3,"9":3,"10":3,"11":3,"12":3,"13":4},"f":{"0":17,"1":3,"2":3},"b":{"0":[3,3]},"_coverageSchema":"1a1c01bbd47fc00a2c39e90264f33305004495a9","hash":"bcb4a99b98ba7bbd6934208f5ad189f37a350b72"}
,"C:\\Users\\ryann\\OneDrive\\Desktop\\mern-nodenet\\server\\utils\\checkDuplicates.js": {"path":"C:\\Users\\ryann\\OneDrive\\Desktop\\mern-nodenet\\server\\utils\\checkDuplicates.js","statementMap":{"0":{"start":{"line":2,"column":23},"end":{"line":2,"column":32}},"1":{"start":{"line":4,"column":2},"end":{"line":4,"column":58}},"2":{"start":{"line":4,"column":26},"end":{"line":4,"column":56}},"3":{"start":{"line":6,"column":2},"end":{"line":8,"column":3}},"4":{"start":{"line":7,"column":4},"end":{"line":7,"column":16}},"5":{"start":{"line":10,"column":2},"end":{"line":10,"column":15}},"6":{"start":{"line":13,"column":0},"end":{"line":13,"column":36}}},"fnMap":{"0":{"name":"arrayHasDuplicates","decl":{"start":{"line":1,"column":9},"end":{"line":1,"column":27}},"loc":{"start":{"line":1,"column":35},"end":{"line":11,"column":1}},"line":1},"1":{"name":"(anonymous_1)","decl":{"start":{"line":4,"column":16},"end":{"line":4,"column":17}},"loc":{"start":{"line":4,"column":26},"end":{"line":4,"column":56}},"line":4}},"branchMap":{"0":{"loc":{"start":{"line":6,"column":2},"end":{"line":8,"column":3}},"type":"if","locations":[{"start":{"line":6,"column":2},"end":{"line":8,"column":3}},{"start":{},"end":{}}],"line":6}},"s":{"0":11,"1":11,"2":86,"3":11,"4":0,"5":11,"6":2},"f":{"0":11,"1":86},"b":{"0":[0,11]},"_coverageSchema":"1a1c01bbd47fc00a2c39e90264f33305004495a9","hash":"6654bfea8aca42d1e417cdf811f621f02b973f10"}
,"C:\\Users\\ryann\\OneDrive\\Desktop\\mern-nodenet\\server\\utils\\config.js": {"path":"C:\\Users\\ryann\\OneDrive\\Desktop\\mern-nodenet\\server\\utils\\config.js","statementMap":{"0":{"start":{"line":1,"column":17},"end":{"line":1,"column":36}},"1":{"start":{"line":2,"column":30},"end":{"line":2,"column":62}},"2":{"start":{"line":3,"column":0},"end":{"line":3,"column":27}},"3":{"start":{"line":7,"column":26},"end":{"line":16,"column":1}},"4":{"start":{"line":8,"column":22},"end":{"line":8,"column":54}},"5":{"start":{"line":9,"column":19},"end":{"line":9,"column":39}},"6":{"start":{"line":11,"column":2},"end":{"line":13,"column":5}},"7":{"start":{"line":15,"column":2},"end":{"line":15,"column":63}},"8":{"start":{"line":18,"column":26},"end":{"line":18,"column":71}},"9":{"start":{"line":18,"column":38},"end":{"line":18,"column":71}},"10":{"start":{"line":22,"column":29},"end":{"line":32,"column":1}},"11":{"start":{"line":23,"column":2},"end":{"line":23,"column":47}},"12":{"start":{"line":25,"column":2},"end":{"line":27,"column":5}},"13":{"start":{"line":26,"column":4},"end":{"line":26,"column":40}},"14":{"start":{"line":29,"column":2},"end":{"line":31,"column":5}},"15":{"start":{"line":30,"column":4},"end":{"line":30,"column":55}},"16":{"start":{"line":34,"column":0},"end":{"line":34,"column":80}}},"fnMap":{"0":{"name":"(anonymous_0)","decl":{"start":{"line":7,"column":26},"end":{"line":7,"column":27}},"loc":{"start":{"line":7,"column":38},"end":{"line":16,"column":1}},"line":7},"1":{"name":"(anonymous_1)","decl":{"start":{"line":18,"column":26},"end":{"line":18,"column":27}},"loc":{"start":{"line":18,"column":38},"end":{"line":18,"column":71}},"line":18},"2":{"name":"(anonymous_2)","decl":{"start":{"line":22,"column":29},"end":{"line":22,"column":30}},"loc":{"start":{"line":22,"column":41},"end":{"line":32,"column":1}},"line":22},"3":{"name":"(anonymous_3)","decl":{"start":{"line":25,"column":38},"end":{"line":25,"column":39}},"loc":{"start":{"line":25,"column":44},"end":{"line":27,"column":3}},"line":25},"4":{"name":"(anonymous_4)","decl":{"start":{"line":29,"column":34},"end":{"line":29,"column":35}},"loc":{"start":{"line":29,"column":43},"end":{"line":31,"column":3}},"line":29}},"branchMap":{"0":{"loc":{"start":{"line":12,"column":12},"end":{"line":12,"column":71}},"type":"cond-expr","locations":[{"start":{"line":12,"column":46},"end":{"line":12,"column":59}},{"start":{"line":12,"column":62},"end":{"line":12,"column":71}}],"line":12}},"s":{"0":5,"1":5,"2":5,"3":5,"4":5,"5":5,"6":5,"7":5,"8":5,"9":5,"10":5,"11":0,"12":0,"13":0,"14":0,"15":0,"16":5},"f":{"0":5,"1":5,"2":0,"3":0,"4":0},"b":{"0":[5,0]},"_coverageSchema":"1a1c01bbd47fc00a2c39e90264f33305004495a9","hash":"27e39892e720cb9324b37f45083ce2431ff6cf81"}
,"C:\\Users\\ryann\\OneDrive\\Desktop\\mern-nodenet\\server\\utils\\fileUpload.js": {"path":"C:\\Users\\ryann\\OneDrive\\Desktop\\mern-nodenet\\server\\utils\\fileUpload.js","statementMap":{"0":{"start":{"line":1,"column":15},"end":{"line":1,"column":32}},"1":{"start":{"line":3,"column":16},"end":{"line":10,"column":2}},"2":{"start":{"line":5,"column":4},"end":{"line":5,"column":52}},"3":{"start":{"line":8,"column":4},"end":{"line":8,"column":23}},"4":{"start":{"line":12,"column":17},"end":{"line":12,"column":36}},"5":{"start":{"line":14,"column":0},"end":{"line":14,"column":26}}},"fnMap":{"0":{"name":"(anonymous_0)","decl":{"start":{"line":4,"column":12},"end":{"line":4,"column":13}},"loc":{"start":{"line":4,"column":31},"end":{"line":6,"column":3}},"line":4},"1":{"name":"(anonymous_1)","decl":{"start":{"line":7,"column":15},"end":{"line":7,"column":16}},"loc":{"start":{"line":7,"column":34},"end":{"line":9,"column":3}},"line":7}},"branchMap":{},"s":{"0":4,"1":4,"2":3,"3":3,"4":4,"5":4},"f":{"0":3,"1":3},"b":{},"_coverageSchema":"1a1c01bbd47fc00a2c39e90264f33305004495a9","hash":"8a351b8a9afac435c55ceabdac0671b80adbbdab"}
,"C:\\Users\\ryann\\OneDrive\\Desktop\\mern-nodenet\\server\\utils\\seeds.js": {"path":"C:\\Users\\ryann\\OneDrive\\Desktop\\mern-nodenet\\server\\utils\\seeds.js","statementMap":{"0":{"start":{"line":1,"column":13},"end":{"line":1,"column":43}},"1":{"start":{"line":2,"column":13},"end":{"line":2,"column":43}},"2":{"start":{"line":3,"column":18},"end":{"line":3,"column":44}},"3":{"start":{"line":4,"column":20},"end":{"line":4,"column":44}},"4":{"start":{"line":5,"column":0},"end":{"line":5,"column":25}},"5":{"start":{"line":7,"column":26},"end":{"line":31,"column":1}},"6":{"start":{"line":8,"column":2},"end":{"line":8,"column":42}},"7":{"start":{"line":9,"column":19},"end":{"line":9,"column":66}},"8":{"start":{"line":10,"column":2},"end":{"line":30,"column":3}},"9":{"start":{"line":10,"column":15},"end":{"line":10,"column":16}},"10":{"start":{"line":11,"column":22},"end":{"line":11,"column":46}},"11":{"start":{"line":12,"column":21},"end":{"line":12,"column":44}},"12":{"start":{"line":14,"column":21},"end":{"line":23,"column":5}},"13":{"start":{"line":25,"column":17},"end":{"line":25,"column":44}},"14":{"start":{"line":26,"column":4},"end":{"line":29,"column":5}},"15":{"start":{"line":27,"column":6},"end":{"line":27,"column":53}},"16":{"start":{"line":28,"column":6},"end":{"line":28,"column":28}},"17":{"start":{"line":33,"column":32},"end":{"line":79,"column":1}},"18":{"start":{"line":34,"column":23},"end":{"line":34,"column":56}},"19":{"start":{"line":36,"column":28},"end":{"line":38,"column":4}},"20":{"start":{"line":40,"column":2},"end":{"line":72,"column":3}},"21":{"start":{"line":40,"column":15},"end":{"line":40,"column":16}},"22":{"start":{"line":41,"column":21},"end":{"line":41,"column":36}},"23":{"start":{"line":42,"column":20},"end":{"line":42,"column":74}},"24":{"start":{"line":43,"column":30},"end":{"line":43,"column":73}},"25":{"start":{"line":46,"column":4},"end":{"line":56,"column":5}},"26":{"start":{"line":46,"column":17},"end":{"line":46,"column":18}},"27":{"start":{"line":48,"column":6},"end":{"line":54,"column":8}},"28":{"start":{"line":49,"column":8},"end":{"line":50,"column":72}},"29":{"start":{"line":55,"column":6},"end":{"line":55,"column":42}},"30":{"start":{"line":58,"column":4},"end":{"line":58,"column":43}},"31":{"start":{"line":59,"column":28},"end":{"line":61,"column":47}},"32":{"start":{"line":61,"column":22},"end":{"line":61,"column":46}},"33":{"start":{"line":64,"column":4},"end":{"line":71,"column":7}},"34":{"start":{"line":65,"column":30},"end":{"line":67,"column":7}},"35":{"start":{"line":66,"column":41},"end":{"line":66,"column":60}},"36":{"start":{"line":68,"column":6},"end":{"line":68,"column":58}},"37":{"start":{"line":69,"column":6},"end":{"line":69,"column":51}},"38":{"start":{"line":70,"column":6},"end":{"line":70,"column":26}},"39":{"start":{"line":75,"column":27},"end":{"line":77,"column":3}},"40":{"start":{"line":78,"column":2},"end":{"line":78,"column":26}},"41":{"start":{"line":81,"column":26},"end":{"line":125,"column":1}},"42":{"start":{"line":82,"column":23},"end":{"line":82,"column":56}},"43":{"start":{"line":85,"column":2},"end":{"line":117,"column":3}},"44":{"start":{"line":86,"column":22},"end":{"line":86,"column":24}},"45":{"start":{"line":87,"column":26},"end":{"line":87,"column":69}},"46":{"start":{"line":88,"column":4},"end":{"line":113,"column":5}},"47":{"start":{"line":89,"column":26},"end":{"line":89,"column":27}},"48":{"start":{"line":93,"column":28},"end":{"line":93,"column":68}},"49":{"start":{"line":94,"column":23},"end":{"line":106,"column":7}},"50":{"start":{"line":107,"column":6},"end":{"line":109,"column":7}},"51":{"start":{"line":107,"column":19},"end":{"line":107,"column":20}},"52":{"start":{"line":108,"column":8},"end":{"line":108,"column":58}},"53":{"start":{"line":110,"column":28},"end":{"line":110,"column":55}},"54":{"start":{"line":111,"column":6},"end":{"line":111,"column":39}},"55":{"start":{"line":112,"column":6},"end":{"line":112,"column":31}},"56":{"start":{"line":115,"column":4},"end":{"line":115,"column":50}},"57":{"start":{"line":116,"column":4},"end":{"line":116,"column":22}},"58":{"start":{"line":119,"column":27},"end":{"line":123,"column":4}},"59":{"start":{"line":124,"column":2},"end":{"line":124,"column":26}},"60":{"start":{"line":127,"column":0},"end":{"line":131,"column":2}}},"fnMap":{"0":{"name":"(anonymous_0)","decl":{"start":{"line":7,"column":26},"end":{"line":7,"column":27}},"loc":{"start":{"line":7,"column":38},"end":{"line":31,"column":1}},"line":7},"1":{"name":"(anonymous_1)","decl":{"start":{"line":33,"column":32},"end":{"line":33,"column":33}},"loc":{"start":{"line":33,"column":44},"end":{"line":79,"column":1}},"line":33},"2":{"name":"(anonymous_2)","decl":{"start":{"line":61,"column":12},"end":{"line":61,"column":13}},"loc":{"start":{"line":61,"column":22},"end":{"line":61,"column":46}},"line":61},"3":{"name":"(anonymous_3)","decl":{"start":{"line":64,"column":36},"end":{"line":64,"column":37}},"loc":{"start":{"line":64,"column":54},"end":{"line":71,"column":5}},"line":64},"4":{"name":"(anonymous_4)","decl":{"start":{"line":66,"column":27},"end":{"line":66,"column":28}},"loc":{"start":{"line":66,"column":41},"end":{"line":66,"column":60}},"line":66},"5":{"name":"(anonymous_5)","decl":{"start":{"line":81,"column":26},"end":{"line":81,"column":27}},"loc":{"start":{"line":81,"column":38},"end":{"line":125,"column":1}},"line":81}},"branchMap":{"0":{"loc":{"start":{"line":19,"column":15},"end":{"line":19,"column":41}},"type":"cond-expr","locations":[{"start":{"line":19,"column":26},"end":{"line":19,"column":36}},{"start":{"line":19,"column":39},"end":{"line":19,"column":41}}],"line":19},"1":{"loc":{"start":{"line":26,"column":4},"end":{"line":29,"column":5}},"type":"if","locations":[{"start":{"line":26,"column":4},"end":{"line":29,"column":5}},{"start":{},"end":{}}],"line":26},"2":{"loc":{"start":{"line":42,"column":28},"end":{"line":42,"column":73}},"type":"cond-expr","locations":[{"start":{"line":42,"column":37},"end":{"line":42,"column":68}},{"start":{"line":42,"column":71},"end":{"line":42,"column":73}}],"line":42},"3":{"loc":{"start":{"line":52,"column":8},"end":{"line":53,"column":61}},"type":"binary-expr","locations":[{"start":{"line":52,"column":8},"end":{"line":52,"column":46}},{"start":{"line":53,"column":8},"end":{"line":53,"column":61}}],"line":52},"4":{"loc":{"start":{"line":96,"column":13},"end":{"line":98,"column":14}},"type":"cond-expr","locations":[{"start":{"line":97,"column":12},"end":{"line":97,"column":63}},{"start":{"line":98,"column":12},"end":{"line":98,"column":14}}],"line":96}},"s":{"0":4,"1":4,"2":4,"3":4,"4":4,"5":4,"6":4,"7":4,"8":4,"9":4,"10":40,"11":40,"12":40,"13":40,"14":40,"15":20,"16":20,"17":4,"18":1,"19":1,"20":1,"21":1,"22":10,"23":10,"24":10,"25":10,"26":10,"27":26,"28":39,"29":26,"30":10,"31":10,"32":10,"33":10,"34":26,"35":42,"36":26,"37":26,"38":26,"39":1,"40":1,"41":4,"42":3,"43":3,"44":30,"45":30,"46":30,"47":30,"48":153,"49":153,"50":153,"51":153,"52":3825,"53":153,"54":153,"55":153,"56":30,"57":30,"58":3,"59":3,"60":4},"f":{"0":4,"1":1,"2":10,"3":26,"4":42,"5":3},"b":{"0":[20,20],"1":[20,20],"2":[0,10],"3":[39,31],"4":[48,105]},"_coverageSchema":"1a1c01bbd47fc00a2c39e90264f33305004495a9","hash":"701ee4284d1bcdf64c10f254328efd10a8379d54"}
,"C:\\Users\\ryann\\OneDrive\\Desktop\\mern-nodenet\\server\\utils\\sortByInput.js": {"path":"C:\\Users\\ryann\\OneDrive\\Desktop\\mern-nodenet\\server\\utils\\sortByInput.js","statementMap":{"0":{"start":{"line":1,"column":20},"end":{"line":8,"column":1}},"1":{"start":{"line":2,"column":2},"end":{"line":7,"column":5}},"2":{"start":{"line":3,"column":18},"end":{"line":3,"column":39}},"3":{"start":{"line":4,"column":18},"end":{"line":4,"column":39}},"4":{"start":{"line":6,"column":4},"end":{"line":6,"column":70}},"5":{"start":{"line":10,"column":0},"end":{"line":10,"column":29}}},"fnMap":{"0":{"name":"(anonymous_0)","decl":{"start":{"line":1,"column":20},"end":{"line":1,"column":21}},"loc":{"start":{"line":1,"column":46},"end":{"line":8,"column":1}},"line":1},"1":{"name":"(anonymous_1)","decl":{"start":{"line":2,"column":20},"end":{"line":2,"column":21}},"loc":{"start":{"line":2,"column":30},"end":{"line":7,"column":3}},"line":2}},"branchMap":{"0":{"loc":{"start":{"line":6,"column":11},"end":{"line":6,"column":69}},"type":"cond-expr","locations":[{"start":{"line":6,"column":40},"end":{"line":6,"column":53}},{"start":{"line":6,"column":56},"end":{"line":6,"column":69}}],"line":6}},"s":{"0":5,"1":33,"2":392,"3":392,"4":392,"5":5},"f":{"0":33,"1":392},"b":{"0":[392,0]},"_coverageSchema":"1a1c01bbd47fc00a2c39e90264f33305004495a9","hash":"749b2a85215870a07640b8b21cc9f6fe361176ea"}
}
