{"C:\\Users\\ryann\\OneDrive\\Desktop\\mern-nodenet\\server\\index.js": {"path":"C:\\Users\\ryann\\OneDrive\\Desktop\\mern-nodenet\\server\\index.js","statementMap":{"0":{"start":{"line":1,"column":16},"end":{"line":1,"column":34}},"1":{"start":{"line":2,"column":17},"end":{"line":2,"column":36}},"2":{"start":{"line":3,"column":13},"end":{"line":3,"column":28}},"3":{"start":{"line":4,"column":21},"end":{"line":4,"column":45}},"4":{"start":{"line":5,"column":15},"end":{"line":5,"column":41}},"5":{"start":{"line":6,"column":19},"end":{"line":6,"column":48}},"6":{"start":{"line":10,"column":4},"end":{"line":10,"column":40}},"7":{"start":{"line":11,"column":19},"end":{"line":11,"column":48}},"8":{"start":{"line":12,"column":22},"end":{"line":12,"column":54}},"9":{"start":{"line":13,"column":30},"end":{"line":13,"column":55}},"10":{"start":{"line":15,"column":12},"end":{"line":15,"column":21}},"11":{"start":{"line":16,"column":13},"end":{"line":16,"column":17}},"12":{"start":{"line":20,"column":0},"end":{"line":20,"column":24}},"13":{"start":{"line":21,"column":0},"end":{"line":21,"column":48}},"14":{"start":{"line":22,"column":0},"end":{"line":22,"column":24}},"15":{"start":{"line":23,"column":0},"end":{"line":23,"column":16}},"16":{"start":{"line":27,"column":0},"end":{"line":27,"column":52}},"17":{"start":{"line":28,"column":0},"end":{"line":28,"column":52}},"18":{"start":{"line":29,"column":0},"end":{"line":29,"column":58}},"19":{"start":{"line":33,"column":30},"end":{"line":33,"column":49}},"20":{"start":{"line":35,"column":0},"end":{"line":37,"column":1}},"21":{"start":{"line":36,"column":2},"end":{"line":36,"column":72}},"22":{"start":{"line":36,"column":25},"end":{"line":36,"column":70}},"23":{"start":{"line":39,"column":0},"end":{"line":41,"column":1}},"24":{"start":{"line":40,"column":2},"end":{"line":40,"column":23}}},"fnMap":{"0":{"name":"(anonymous_0)","decl":{"start":{"line":36,"column":19},"end":{"line":36,"column":20}},"loc":{"start":{"line":36,"column":25},"end":{"line":36,"column":70}},"line":36}},"branchMap":{"0":{"loc":{"start":{"line":35,"column":0},"end":{"line":37,"column":1}},"type":"if","locations":[{"start":{"line":35,"column":0},"end":{"line":37,"column":1}},{"start":{},"end":{}}],"line":35},"1":{"loc":{"start":{"line":39,"column":0},"end":{"line":41,"column":1}},"type":"if","locations":[{"start":{"line":39,"column":0},"end":{"line":41,"column":1}},{"start":{},"end":{}}],"line":39}},"s":{"0":2,"1":2,"2":2,"3":2,"4":2,"5":2,"6":2,"7":2,"8":2,"9":2,"10":2,"11":2,"12":2,"13":2,"14":2,"15":2,"16":2,"17":2,"18":2,"19":2,"20":2,"21":2,"22":1,"23":2,"24":2},"f":{"0":1},"b":{"0":[2,0],"1":[2,0]},"_coverageSchema":"1a1c01bbd47fc00a2c39e90264f33305004495a9","hash":"bd88f1b398ec3be40545db92a504adbc2d404bae"}
,"C:\\Users\\ryann\\OneDrive\\Desktop\\mern-nodenet\\server\\controllers\\commentController.js": {"path":"C:\\Users\\ryann\\OneDrive\\Desktop\\mern-nodenet\\server\\controllers\\commentController.js","statementMap":{"0":{"start":{"line":1,"column":21},"end":{"line":1,"column":53}},"1":{"start":{"line":2,"column":16},"end":{"line":2,"column":49}},"2":{"start":{"line":3,"column":13},"end":{"line":3,"column":43}},"3":{"start":{"line":5,"column":22},"end":{"line":47,"column":2}},"4":{"start":{"line":7,"column":21},"end":{"line":7,"column":31}},"5":{"start":{"line":8,"column":29},"end":{"line":8,"column":37}},"6":{"start":{"line":10,"column":15},"end":{"line":10,"column":42}},"7":{"start":{"line":12,"column":2},"end":{"line":15,"column":3}},"8":{"start":{"line":13,"column":4},"end":{"line":13,"column":20}},"9":{"start":{"line":14,"column":4},"end":{"line":14,"column":38}},"10":{"start":{"line":19,"column":18},"end":{"line":24,"column":4}},"11":{"start":{"line":28,"column":2},"end":{"line":28,"column":50}},"12":{"start":{"line":29,"column":2},"end":{"line":43,"column":4}},"13":{"start":{"line":30,"column":4},"end":{"line":42,"column":7}},"14":{"start":{"line":41,"column":8},"end":{"line":41,"column":74}},"15":{"start":{"line":46,"column":2},"end":{"line":46,"column":29}},"16":{"start":{"line":49,"column":22},"end":{"line":88,"column":2}},"17":{"start":{"line":50,"column":2},"end":{"line":50,"column":26}},"18":{"start":{"line":51,"column":32},"end":{"line":51,"column":42}},"19":{"start":{"line":54,"column":15},"end":{"line":54,"column":42}},"20":{"start":{"line":56,"column":2},"end":{"line":59,"column":3}},"21":{"start":{"line":57,"column":4},"end":{"line":57,"column":20}},"22":{"start":{"line":58,"column":4},"end":{"line":58,"column":38}},"23":{"start":{"line":61,"column":2},"end":{"line":63,"column":4}},"24":{"start":{"line":62,"column":17},"end":{"line":62,"column":54}},"25":{"start":{"line":65,"column":2},"end":{"line":65,"column":45}},"26":{"start":{"line":67,"column":22},"end":{"line":85,"column":3}},"27":{"start":{"line":68,"column":4},"end":{"line":84,"column":7}},"28":{"start":{"line":75,"column":8},"end":{"line":83,"column":10}},"29":{"start":{"line":87,"column":2},"end":{"line":87,"column":36}},"30":{"start":{"line":90,"column":20},"end":{"line":116,"column":2}},"31":{"start":{"line":92,"column":21},"end":{"line":92,"column":31}},"32":{"start":{"line":95,"column":15},"end":{"line":113,"column":4}},"33":{"start":{"line":115,"column":2},"end":{"line":115,"column":38}},"34":{"start":{"line":118,"column":0},"end":{"line":118,"column":63}}},"fnMap":{"0":{"name":"(anonymous_0)","decl":{"start":{"line":5,"column":35},"end":{"line":5,"column":36}},"loc":{"start":{"line":5,"column":55},"end":{"line":47,"column":1}},"line":5},"1":{"name":"(anonymous_1)","decl":{"start":{"line":29,"column":25},"end":{"line":29,"column":26}},"loc":{"start":{"line":30,"column":4},"end":{"line":42,"column":7}},"line":30},"2":{"name":"(anonymous_2)","decl":{"start":{"line":40,"column":12},"end":{"line":40,"column":13}},"loc":{"start":{"line":41,"column":8},"end":{"line":41,"column":74}},"line":41},"3":{"name":"(anonymous_3)","decl":{"start":{"line":49,"column":35},"end":{"line":49,"column":36}},"loc":{"start":{"line":49,"column":55},"end":{"line":88,"column":1}},"line":49},"4":{"name":"(anonymous_4)","decl":{"start":{"line":62,"column":4},"end":{"line":62,"column":5}},"loc":{"start":{"line":62,"column":17},"end":{"line":62,"column":54}},"line":62},"5":{"name":"(anonymous_5)","decl":{"start":{"line":67,"column":45},"end":{"line":67,"column":46}},"loc":{"start":{"line":68,"column":4},"end":{"line":84,"column":7}},"line":68},"6":{"name":"(anonymous_6)","decl":{"start":{"line":74,"column":12},"end":{"line":74,"column":13}},"loc":{"start":{"line":75,"column":8},"end":{"line":83,"column":10}},"line":75},"7":{"name":"(anonymous_7)","decl":{"start":{"line":90,"column":33},"end":{"line":90,"column":34}},"loc":{"start":{"line":90,"column":53},"end":{"line":116,"column":1}},"line":90}},"branchMap":{"0":{"loc":{"start":{"line":12,"column":2},"end":{"line":15,"column":3}},"type":"if","locations":[{"start":{"line":12,"column":2},"end":{"line":15,"column":3}},{"start":{},"end":{}}],"line":12},"1":{"loc":{"start":{"line":56,"column":2},"end":{"line":59,"column":3}},"type":"if","locations":[{"start":{"line":56,"column":2},"end":{"line":59,"column":3}},{"start":{},"end":{}}],"line":56}},"s":{"0":2,"1":2,"2":2,"3":2,"4":0,"5":0,"6":0,"7":0,"8":0,"9":0,"10":0,"11":0,"12":0,"13":0,"14":0,"15":0,"16":2,"17":0,"18":0,"19":0,"20":0,"21":0,"22":0,"23":0,"24":0,"25":0,"26":0,"27":0,"28":0,"29":0,"30":2,"31":0,"32":0,"33":0,"34":2},"f":{"0":0,"1":0,"2":0,"3":0,"4":0,"5":0,"6":0,"7":0},"b":{"0":[0,0],"1":[0,0]},"_coverageSchema":"1a1c01bbd47fc00a2c39e90264f33305004495a9","hash":"5e4b8c931e11bb074bd442b2a675be10590ed7f6"}
,"C:\\Users\\ryann\\OneDrive\\Desktop\\mern-nodenet\\server\\controllers\\postController.js": {"path":"C:\\Users\\ryann\\OneDrive\\Desktop\\mern-nodenet\\server\\controllers\\postController.js","statementMap":{"0":{"start":{"line":1,"column":21},"end":{"line":1,"column":53}},"1":{"start":{"line":2,"column":19},"end":{"line":2,"column":43}},"2":{"start":{"line":3,"column":13},"end":{"line":3,"column":43}},"3":{"start":{"line":4,"column":13},"end":{"line":4,"column":43}},"4":{"start":{"line":5,"column":20},"end":{"line":5,"column":51}},"5":{"start":{"line":7,"column":0},"end":{"line":11,"column":3}},"6":{"start":{"line":13,"column":19},"end":{"line":50,"column":2}},"7":{"start":{"line":14,"column":26},"end":{"line":14,"column":34}},"8":{"start":{"line":15,"column":16},"end":{"line":15,"column":18}},"9":{"start":{"line":19,"column":2},"end":{"line":25,"column":3}},"10":{"start":{"line":20,"column":27},"end":{"line":23,"column":6}},"11":{"start":{"line":24,"column":4},"end":{"line":24,"column":25}},"12":{"start":{"line":29,"column":15},"end":{"line":40,"column":3}},"13":{"start":{"line":35,"column":4},"end":{"line":39,"column":6}},"14":{"start":{"line":44,"column":15},"end":{"line":44,"column":46}},"15":{"start":{"line":46,"column":2},"end":{"line":46,"column":37}},"16":{"start":{"line":47,"column":2},"end":{"line":47,"column":20}},"17":{"start":{"line":49,"column":2},"end":{"line":49,"column":29}},"18":{"start":{"line":52,"column":21},"end":{"line":78,"column":2}},"19":{"start":{"line":55,"column":15},"end":{"line":75,"column":6}},"20":{"start":{"line":77,"column":2},"end":{"line":77,"column":35}},"21":{"start":{"line":80,"column":20},"end":{"line":128,"column":2}},"22":{"start":{"line":81,"column":15},"end":{"line":113,"column":6}},"23":{"start":{"line":115,"column":22},"end":{"line":121,"column":8}},"24":{"start":{"line":116,"column":4},"end":{"line":118,"column":5}},"25":{"start":{"line":117,"column":6},"end":{"line":117,"column":38}},"26":{"start":{"line":120,"column":4},"end":{"line":120,"column":15}},"27":{"start":{"line":125,"column":19},"end":{"line":125,"column":73}},"28":{"start":{"line":127,"column":2},"end":{"line":127,"column":33}},"29":{"start":{"line":130,"column":19},"end":{"line":152,"column":2}},"30":{"start":{"line":131,"column":17},"end":{"line":131,"column":27}},"31":{"start":{"line":133,"column":15},"end":{"line":133,"column":38}},"32":{"start":{"line":137,"column":2},"end":{"line":140,"column":3}},"33":{"start":{"line":138,"column":4},"end":{"line":138,"column":20}},"34":{"start":{"line":139,"column":4},"end":{"line":139,"column":38}},"35":{"start":{"line":142,"column":2},"end":{"line":142,"column":25}},"36":{"start":{"line":146,"column":15},"end":{"line":146,"column":46}},"37":{"start":{"line":148,"column":2},"end":{"line":148,"column":68}},"38":{"start":{"line":148,"column":43},"end":{"line":148,"column":66}},"39":{"start":{"line":149,"column":2},"end":{"line":149,"column":20}},"40":{"start":{"line":151,"column":2},"end":{"line":151,"column":53}},"41":{"start":{"line":154,"column":0},"end":{"line":159,"column":2}}},"fnMap":{"0":{"name":"(anonymous_0)","decl":{"start":{"line":13,"column":32},"end":{"line":13,"column":33}},"loc":{"start":{"line":13,"column":52},"end":{"line":50,"column":1}},"line":13},"1":{"name":"(anonymous_1)","decl":{"start":{"line":34,"column":10},"end":{"line":34,"column":11}},"loc":{"start":{"line":35,"column":4},"end":{"line":39,"column":6}},"line":35},"2":{"name":"(anonymous_2)","decl":{"start":{"line":52,"column":34},"end":{"line":52,"column":35}},"loc":{"start":{"line":52,"column":54},"end":{"line":78,"column":1}},"line":52},"3":{"name":"(anonymous_3)","decl":{"start":{"line":80,"column":33},"end":{"line":80,"column":34}},"loc":{"start":{"line":80,"column":53},"end":{"line":128,"column":1}},"line":80},"4":{"name":"(anonymous_4)","decl":{"start":{"line":115,"column":42},"end":{"line":115,"column":43}},"loc":{"start":{"line":115,"column":59},"end":{"line":121,"column":3}},"line":115},"5":{"name":"(anonymous_5)","decl":{"start":{"line":130,"column":32},"end":{"line":130,"column":33}},"loc":{"start":{"line":130,"column":52},"end":{"line":152,"column":1}},"line":130},"6":{"name":"(anonymous_6)","decl":{"start":{"line":148,"column":33},"end":{"line":148,"column":34}},"loc":{"start":{"line":148,"column":43},"end":{"line":148,"column":66}},"line":148}},"branchMap":{"0":{"loc":{"start":{"line":19,"column":2},"end":{"line":25,"column":3}},"type":"if","locations":[{"start":{"line":19,"column":2},"end":{"line":25,"column":3}},{"start":{},"end":{}}],"line":19},"1":{"loc":{"start":{"line":116,"column":4},"end":{"line":118,"column":5}},"type":"if","locations":[{"start":{"line":116,"column":4},"end":{"line":118,"column":5}},{"start":{},"end":{}}],"line":116},"2":{"loc":{"start":{"line":137,"column":2},"end":{"line":140,"column":3}},"type":"if","locations":[{"start":{"line":137,"column":2},"end":{"line":140,"column":3}},{"start":{},"end":{}}],"line":137}},"s":{"0":2,"1":2,"2":2,"3":2,"4":2,"5":2,"6":2,"7":0,"8":0,"9":0,"10":0,"11":0,"12":0,"13":0,"14":0,"15":0,"16":0,"17":0,"18":2,"19":0,"20":0,"21":2,"22":0,"23":0,"24":0,"25":0,"26":0,"27":0,"28":0,"29":2,"30":0,"31":0,"32":0,"33":0,"34":0,"35":0,"36":0,"37":0,"38":0,"39":0,"40":0,"41":2},"f":{"0":0,"1":0,"2":0,"3":0,"4":0,"5":0,"6":0},"b":{"0":[0,0],"1":[0,0],"2":[0,0]},"_coverageSchema":"1a1c01bbd47fc00a2c39e90264f33305004495a9","hash":"f6ab3843dbb9cdf2a17a8dee73764ec0db405034"}
,"C:\\Users\\ryann\\OneDrive\\Desktop\\mern-nodenet\\server\\controllers\\userController.js": {"path":"C:\\Users\\ryann\\OneDrive\\Desktop\\mern-nodenet\\server\\controllers\\userController.js","statementMap":{"0":{"start":{"line":1,"column":21},"end":{"line":1,"column":53}},"1":{"start":{"line":2,"column":12},"end":{"line":2,"column":35}},"2":{"start":{"line":3,"column":15},"end":{"line":3,"column":34}},"3":{"start":{"line":4,"column":19},"end":{"line":4,"column":43}},"4":{"start":{"line":5,"column":13},"end":{"line":5,"column":43}},"5":{"start":{"line":7,"column":0},"end":{"line":11,"column":3}},"6":{"start":{"line":13,"column":22},"end":{"line":20,"column":1}},"7":{"start":{"line":15,"column":15},"end":{"line":15,"column":40}},"8":{"start":{"line":16,"column":16},"end":{"line":18,"column":4}},"9":{"start":{"line":19,"column":2},"end":{"line":19,"column":15}},"10":{"start":{"line":22,"column":21},"end":{"line":59,"column":2}},"11":{"start":{"line":23,"column":53},"end":{"line":23,"column":61}},"12":{"start":{"line":25,"column":2},"end":{"line":28,"column":3}},"13":{"start":{"line":26,"column":4},"end":{"line":26,"column":20}},"14":{"start":{"line":27,"column":4},"end":{"line":27,"column":47}},"15":{"start":{"line":30,"column":2},"end":{"line":33,"column":3}},"16":{"start":{"line":31,"column":4},"end":{"line":31,"column":20}},"17":{"start":{"line":32,"column":4},"end":{"line":32,"column":46}},"18":{"start":{"line":35,"column":15},"end":{"line":39,"column":4}},"19":{"start":{"line":40,"column":16},"end":{"line":40,"column":39}},"20":{"start":{"line":43,"column":2},"end":{"line":58,"column":3}},"21":{"start":{"line":44,"column":4},"end":{"line":49,"column":7}},"22":{"start":{"line":51,"column":4},"end":{"line":57,"column":7}},"23":{"start":{"line":61,"column":18},"end":{"line":127,"column":2}},"24":{"start":{"line":62,"column":41},"end":{"line":62,"column":49}},"25":{"start":{"line":64,"column":2},"end":{"line":67,"column":3}},"26":{"start":{"line":65,"column":4},"end":{"line":65,"column":20}},"27":{"start":{"line":66,"column":4},"end":{"line":66,"column":47}},"28":{"start":{"line":69,"column":15},"end":{"line":85,"column":4}},"29":{"start":{"line":89,"column":2},"end":{"line":92,"column":3}},"30":{"start":{"line":90,"column":4},"end":{"line":90,"column":20}},"31":{"start":{"line":91,"column":4},"end":{"line":91,"column":57}},"32":{"start":{"line":96,"column":28},"end":{"line":96,"column":73}},"33":{"start":{"line":100,"column":2},"end":{"line":126,"column":3}},"34":{"start":{"line":101,"column":18},"end":{"line":101,"column":52}},"35":{"start":{"line":103,"column":4},"end":{"line":109,"column":7}},"36":{"start":{"line":111,"column":70},"end":{"line":111,"column":74}},"37":{"start":{"line":113,"column":4},"end":{"line":122,"column":7}},"38":{"start":{"line":124,"column":4},"end":{"line":124,"column":20}},"39":{"start":{"line":125,"column":4},"end":{"line":125,"column":49}},"40":{"start":{"line":129,"column":19},"end":{"line":139,"column":2}},"41":{"start":{"line":130,"column":2},"end":{"line":136,"column":5}},"42":{"start":{"line":138,"column":2},"end":{"line":138,"column":63}},"43":{"start":{"line":141,"column":23},"end":{"line":155,"column":2}},"44":{"start":{"line":142,"column":20},"end":{"line":142,"column":31}},"45":{"start":{"line":144,"column":2},"end":{"line":146,"column":3}},"46":{"start":{"line":145,"column":4},"end":{"line":145,"column":27}},"47":{"start":{"line":148,"column":19},"end":{"line":148,"column":60}},"48":{"start":{"line":150,"column":2},"end":{"line":154,"column":3}},"49":{"start":{"line":151,"column":4},"end":{"line":151,"column":26}},"50":{"start":{"line":153,"column":4},"end":{"line":153,"column":27}},"51":{"start":{"line":157,"column":22},"end":{"line":181,"column":2}},"52":{"start":{"line":158,"column":23},"end":{"line":158,"column":33}},"53":{"start":{"line":162,"column":24},"end":{"line":162,"column":53}},"54":{"start":{"line":164,"column":2},"end":{"line":167,"column":3}},"55":{"start":{"line":165,"column":4},"end":{"line":165,"column":20}},"56":{"start":{"line":166,"column":4},"end":{"line":166,"column":38}},"57":{"start":{"line":172,"column":2},"end":{"line":172,"column":79}},"58":{"start":{"line":176,"column":31},"end":{"line":176,"column":57}},"59":{"start":{"line":178,"column":2},"end":{"line":180,"column":3}},"60":{"start":{"line":179,"column":4},"end":{"line":179,"column":62}},"61":{"start":{"line":183,"column":28},"end":{"line":244,"column":2}},"62":{"start":{"line":184,"column":21},"end":{"line":184,"column":31}},"63":{"start":{"line":186,"column":24},"end":{"line":190,"column":4}},"64":{"start":{"line":194,"column":2},"end":{"line":197,"column":3}},"65":{"start":{"line":195,"column":4},"end":{"line":195,"column":20}},"66":{"start":{"line":196,"column":4},"end":{"line":196,"column":38}},"67":{"start":{"line":202,"column":15},"end":{"line":206,"column":4}},"68":{"start":{"line":210,"column":2},"end":{"line":212,"column":4}},"69":{"start":{"line":211,"column":23},"end":{"line":211,"column":63}},"70":{"start":{"line":216,"column":2},"end":{"line":216,"column":63}},"71":{"start":{"line":217,"column":2},"end":{"line":217,"column":54}},"72":{"start":{"line":221,"column":2},"end":{"line":227,"column":4}},"73":{"start":{"line":222,"column":4},"end":{"line":226,"column":6}},"74":{"start":{"line":228,"column":22},"end":{"line":242,"column":3}},"75":{"start":{"line":229,"column":4},"end":{"line":241,"column":6}},"76":{"start":{"line":243,"column":2},"end":{"line":243,"column":24}},"77":{"start":{"line":246,"column":24},"end":{"line":269,"column":2}},"78":{"start":{"line":247,"column":15},"end":{"line":261,"column":24}},"79":{"start":{"line":263,"column":2},"end":{"line":266,"column":3}},"80":{"start":{"line":264,"column":4},"end":{"line":264,"column":20}},"81":{"start":{"line":265,"column":4},"end":{"line":265,"column":38}},"82":{"start":{"line":268,"column":2},"end":{"line":268,"column":29}},"83":{"start":{"line":271,"column":20},"end":{"line":286,"column":2}},"84":{"start":{"line":272,"column":16},"end":{"line":272,"column":65}},"85":{"start":{"line":274,"column":2},"end":{"line":276,"column":3}},"86":{"start":{"line":275,"column":4},"end":{"line":275,"column":43}},"87":{"start":{"line":280,"column":2},"end":{"line":285,"column":4}},"88":{"start":{"line":282,"column":6},"end":{"line":282,"column":27}},"89":{"start":{"line":283,"column":6},"end":{"line":283,"column":18}},"90":{"start":{"line":288,"column":23},"end":{"line":308,"column":2}},"91":{"start":{"line":289,"column":21},"end":{"line":289,"column":31}},"92":{"start":{"line":291,"column":15},"end":{"line":300,"column":6}},"93":{"start":{"line":302,"column":2},"end":{"line":305,"column":3}},"94":{"start":{"line":303,"column":4},"end":{"line":303,"column":20}},"95":{"start":{"line":304,"column":4},"end":{"line":304,"column":38}},"96":{"start":{"line":307,"column":2},"end":{"line":307,"column":29}},"97":{"start":{"line":310,"column":19},"end":{"line":389,"column":2}},"98":{"start":{"line":312,"column":4},"end":{"line":312,"column":12}},"99":{"start":{"line":314,"column":15},"end":{"line":314,"column":46}},"100":{"start":{"line":318,"column":2},"end":{"line":359,"column":3}},"101":{"start":{"line":319,"column":17},"end":{"line":319,"column":19}},"102":{"start":{"line":320,"column":4},"end":{"line":328,"column":5}},"103":{"start":{"line":321,"column":29},"end":{"line":324,"column":8}},"104":{"start":{"line":325,"column":6},"end":{"line":325,"column":26}},"105":{"start":{"line":327,"column":6},"end":{"line":327,"column":25}},"106":{"start":{"line":330,"column":4},"end":{"line":332,"column":30}},"107":{"start":{"line":333,"column":24},"end":{"line":333,"column":41}},"108":{"start":{"line":345,"column":8},"end":{"line":345,"column":19}},"109":{"start":{"line":347,"column":4},"end":{"line":358,"column":7}},"110":{"start":{"line":361,"column":2},"end":{"line":383,"column":3}},"111":{"start":{"line":362,"column":37},"end":{"line":365,"column":5}},"112":{"start":{"line":369,"column":4},"end":{"line":372,"column":5}},"113":{"start":{"line":370,"column":6},"end":{"line":370,"column":22}},"114":{"start":{"line":371,"column":6},"end":{"line":371,"column":57}},"115":{"start":{"line":374,"column":4},"end":{"line":377,"column":5}},"116":{"start":{"line":375,"column":6},"end":{"line":375,"column":22}},"117":{"start":{"line":376,"column":6},"end":{"line":376,"column":48}},"118":{"start":{"line":379,"column":4},"end":{"line":379,"column":32}},"119":{"start":{"line":381,"column":4},"end":{"line":381,"column":22}},"120":{"start":{"line":382,"column":4},"end":{"line":382,"column":66}},"121":{"start":{"line":385,"column":2},"end":{"line":385,"column":17}},"122":{"start":{"line":387,"column":22},"end":{"line":387,"column":39}},"123":{"start":{"line":388,"column":2},"end":{"line":388,"column":49}},"124":{"start":{"line":391,"column":21},"end":{"line":424,"column":2}},"125":{"start":{"line":392,"column":23},"end":{"line":392,"column":33}},"126":{"start":{"line":396,"column":17},"end":{"line":396,"column":46}},"127":{"start":{"line":397,"column":23},"end":{"line":397,"column":54}},"128":{"start":{"line":399,"column":2},"end":{"line":402,"column":3}},"129":{"start":{"line":400,"column":4},"end":{"line":400,"column":20}},"130":{"start":{"line":401,"column":4},"end":{"line":401,"column":40}},"131":{"start":{"line":404,"column":2},"end":{"line":406,"column":4}},"132":{"start":{"line":405,"column":16},"end":{"line":405,"column":53}},"133":{"start":{"line":407,"column":2},"end":{"line":409,"column":4}},"134":{"start":{"line":408,"column":16},"end":{"line":408,"column":51}},"135":{"start":{"line":411,"column":2},"end":{"line":411,"column":22}},"136":{"start":{"line":412,"column":37},"end":{"line":421,"column":3}},"137":{"start":{"line":413,"column":4},"end":{"line":420,"column":6}},"138":{"start":{"line":423,"column":2},"end":{"line":423,"column":51}},"139":{"start":{"line":426,"column":0},"end":{"line":438,"column":2}}},"fnMap":{"0":{"name":"(anonymous_0)","decl":{"start":{"line":13,"column":22},"end":{"line":13,"column":23}},"loc":{"start":{"line":13,"column":41},"end":{"line":20,"column":1}},"line":13},"1":{"name":"(anonymous_1)","decl":{"start":{"line":22,"column":34},"end":{"line":22,"column":35}},"loc":{"start":{"line":22,"column":54},"end":{"line":59,"column":1}},"line":22},"2":{"name":"(anonymous_2)","decl":{"start":{"line":61,"column":31},"end":{"line":61,"column":32}},"loc":{"start":{"line":61,"column":51},"end":{"line":127,"column":1}},"line":61},"3":{"name":"(anonymous_3)","decl":{"start":{"line":129,"column":32},"end":{"line":129,"column":33}},"loc":{"start":{"line":129,"column":52},"end":{"line":139,"column":1}},"line":129},"4":{"name":"(anonymous_4)","decl":{"start":{"line":141,"column":36},"end":{"line":141,"column":37}},"loc":{"start":{"line":141,"column":56},"end":{"line":155,"column":1}},"line":141},"5":{"name":"(anonymous_5)","decl":{"start":{"line":157,"column":35},"end":{"line":157,"column":36}},"loc":{"start":{"line":157,"column":55},"end":{"line":181,"column":1}},"line":157},"6":{"name":"(anonymous_6)","decl":{"start":{"line":183,"column":41},"end":{"line":183,"column":42}},"loc":{"start":{"line":183,"column":61},"end":{"line":244,"column":1}},"line":183},"7":{"name":"(anonymous_7)","decl":{"start":{"line":211,"column":4},"end":{"line":211,"column":5}},"loc":{"start":{"line":211,"column":23},"end":{"line":211,"column":63}},"line":211},"8":{"name":"(anonymous_8)","decl":{"start":{"line":221,"column":34},"end":{"line":221,"column":35}},"loc":{"start":{"line":222,"column":4},"end":{"line":226,"column":6}},"line":222},"9":{"name":"(anonymous_9)","decl":{"start":{"line":228,"column":45},"end":{"line":228,"column":46}},"loc":{"start":{"line":229,"column":4},"end":{"line":241,"column":6}},"line":229},"10":{"name":"(anonymous_10)","decl":{"start":{"line":246,"column":37},"end":{"line":246,"column":38}},"loc":{"start":{"line":246,"column":57},"end":{"line":269,"column":1}},"line":246},"11":{"name":"(anonymous_11)","decl":{"start":{"line":271,"column":33},"end":{"line":271,"column":34}},"loc":{"start":{"line":271,"column":53},"end":{"line":286,"column":1}},"line":271},"12":{"name":"(anonymous_12)","decl":{"start":{"line":281,"column":14},"end":{"line":281,"column":15}},"loc":{"start":{"line":281,"column":24},"end":{"line":284,"column":5}},"line":281},"13":{"name":"(anonymous_13)","decl":{"start":{"line":288,"column":36},"end":{"line":288,"column":37}},"loc":{"start":{"line":288,"column":56},"end":{"line":308,"column":1}},"line":288},"14":{"name":"(anonymous_14)","decl":{"start":{"line":310,"column":32},"end":{"line":310,"column":33}},"loc":{"start":{"line":310,"column":52},"end":{"line":389,"column":1}},"line":310},"15":{"name":"(anonymous_15)","decl":{"start":{"line":391,"column":34},"end":{"line":391,"column":35}},"loc":{"start":{"line":391,"column":54},"end":{"line":424,"column":1}},"line":391},"16":{"name":"(anonymous_16)","decl":{"start":{"line":405,"column":4},"end":{"line":405,"column":5}},"loc":{"start":{"line":405,"column":16},"end":{"line":405,"column":53}},"line":405},"17":{"name":"(anonymous_17)","decl":{"start":{"line":408,"column":4},"end":{"line":408,"column":5}},"loc":{"start":{"line":408,"column":16},"end":{"line":408,"column":51}},"line":408},"18":{"name":"(anonymous_18)","decl":{"start":{"line":412,"column":68},"end":{"line":412,"column":69}},"loc":{"start":{"line":413,"column":4},"end":{"line":420,"column":6}},"line":413}},"branchMap":{"0":{"loc":{"start":{"line":15,"column":15},"end":{"line":15,"column":40}},"type":"cond-expr","locations":[{"start":{"line":15,"column":27},"end":{"line":15,"column":33}},{"start":{"line":15,"column":36},"end":{"line":15,"column":40}}],"line":15},"1":{"loc":{"start":{"line":25,"column":2},"end":{"line":28,"column":3}},"type":"if","locations":[{"start":{"line":25,"column":2},"end":{"line":28,"column":3}},{"start":{},"end":{}}],"line":25},"2":{"loc":{"start":{"line":30,"column":2},"end":{"line":33,"column":3}},"type":"if","locations":[{"start":{"line":30,"column":2},"end":{"line":33,"column":3}},{"start":{},"end":{}}],"line":30},"3":{"loc":{"start":{"line":43,"column":2},"end":{"line":58,"column":3}},"type":"if","locations":[{"start":{"line":43,"column":2},"end":{"line":58,"column":3}},{"start":{},"end":{}}],"line":43},"4":{"loc":{"start":{"line":64,"column":2},"end":{"line":67,"column":3}},"type":"if","locations":[{"start":{"line":64,"column":2},"end":{"line":67,"column":3}},{"start":{},"end":{}}],"line":64},"5":{"loc":{"start":{"line":64,"column":6},"end":{"line":64,"column":25}},"type":"binary-expr","locations":[{"start":{"line":64,"column":6},"end":{"line":64,"column":12}},{"start":{"line":64,"column":16},"end":{"line":64,"column":25}}],"line":64},"6":{"loc":{"start":{"line":89,"column":2},"end":{"line":92,"column":3}},"type":"if","locations":[{"start":{"line":89,"column":2},"end":{"line":92,"column":3}},{"start":{},"end":{}}],"line":89},"7":{"loc":{"start":{"line":100,"column":2},"end":{"line":126,"column":3}},"type":"if","locations":[{"start":{"line":100,"column":2},"end":{"line":126,"column":3}},{"start":{"line":123,"column":9},"end":{"line":126,"column":3}}],"line":100},"8":{"loc":{"start":{"line":100,"column":6},"end":{"line":100,"column":31}},"type":"binary-expr","locations":[{"start":{"line":100,"column":6},"end":{"line":100,"column":10}},{"start":{"line":100,"column":14},"end":{"line":100,"column":31}}],"line":100},"9":{"loc":{"start":{"line":144,"column":2},"end":{"line":146,"column":3}},"type":"if","locations":[{"start":{"line":144,"column":2},"end":{"line":146,"column":3}},{"start":{},"end":{}}],"line":144},"10":{"loc":{"start":{"line":150,"column":2},"end":{"line":154,"column":3}},"type":"if","locations":[{"start":{"line":150,"column":2},"end":{"line":154,"column":3}},{"start":{"line":152,"column":9},"end":{"line":154,"column":3}}],"line":150},"11":{"loc":{"start":{"line":164,"column":2},"end":{"line":167,"column":3}},"type":"if","locations":[{"start":{"line":164,"column":2},"end":{"line":167,"column":3}},{"start":{},"end":{}}],"line":164},"12":{"loc":{"start":{"line":178,"column":2},"end":{"line":180,"column":3}},"type":"if","locations":[{"start":{"line":178,"column":2},"end":{"line":180,"column":3}},{"start":{},"end":{}}],"line":178},"13":{"loc":{"start":{"line":194,"column":2},"end":{"line":197,"column":3}},"type":"if","locations":[{"start":{"line":194,"column":2},"end":{"line":197,"column":3}},{"start":{},"end":{}}],"line":194},"14":{"loc":{"start":{"line":263,"column":2},"end":{"line":266,"column":3}},"type":"if","locations":[{"start":{"line":263,"column":2},"end":{"line":266,"column":3}},{"start":{},"end":{}}],"line":263},"15":{"loc":{"start":{"line":274,"column":2},"end":{"line":276,"column":3}},"type":"if","locations":[{"start":{"line":274,"column":2},"end":{"line":276,"column":3}},{"start":{},"end":{}}],"line":274},"16":{"loc":{"start":{"line":302,"column":2},"end":{"line":305,"column":3}},"type":"if","locations":[{"start":{"line":302,"column":2},"end":{"line":305,"column":3}},{"start":{},"end":{}}],"line":302},"17":{"loc":{"start":{"line":318,"column":2},"end":{"line":359,"column":3}},"type":"if","locations":[{"start":{"line":318,"column":2},"end":{"line":359,"column":3}},{"start":{},"end":{}}],"line":318},"18":{"loc":{"start":{"line":330,"column":4},"end":{"line":332,"column":29}},"type":"cond-expr","locations":[{"start":{"line":331,"column":9},"end":{"line":331,"column":33}},{"start":{"line":332,"column":9},"end":{"line":332,"column":28}}],"line":330},"19":{"loc":{"start":{"line":361,"column":2},"end":{"line":383,"column":3}},"type":"if","locations":[{"start":{"line":361,"column":2},"end":{"line":383,"column":3}},{"start":{},"end":{}}],"line":361},"20":{"loc":{"start":{"line":361,"column":6},"end":{"line":361,"column":55}},"type":"binary-expr","locations":[{"start":{"line":361,"column":6},"end":{"line":361,"column":21}},{"start":{"line":361,"column":25},"end":{"line":361,"column":40}},{"start":{"line":361,"column":44},"end":{"line":361,"column":55}}],"line":361},"21":{"loc":{"start":{"line":369,"column":4},"end":{"line":372,"column":5}},"type":"if","locations":[{"start":{"line":369,"column":4},"end":{"line":372,"column":5}},{"start":{},"end":{}}],"line":369},"22":{"loc":{"start":{"line":374,"column":4},"end":{"line":377,"column":5}},"type":"if","locations":[{"start":{"line":374,"column":4},"end":{"line":377,"column":5}},{"start":{},"end":{}}],"line":374},"23":{"loc":{"start":{"line":399,"column":2},"end":{"line":402,"column":3}},"type":"if","locations":[{"start":{"line":399,"column":2},"end":{"line":402,"column":3}},{"start":{},"end":{}}],"line":399}},"s":{"0":2,"1":2,"2":2,"3":2,"4":2,"5":2,"6":2,"7":11,"8":11,"9":11,"10":2,"11":2,"12":2,"13":0,"14":0,"15":2,"16":0,"17":0,"18":2,"19":1,"20":1,"21":1,"22":1,"23":2,"24":11,"25":11,"26":0,"27":0,"28":11,"29":11,"30":0,"31":0,"32":11,"33":11,"34":10,"35":10,"36":10,"37":10,"38":1,"39":1,"40":2,"41":1,"42":1,"43":2,"44":0,"45":0,"46":0,"47":0,"48":0,"49":0,"50":0,"51":2,"52":3,"53":3,"54":3,"55":0,"56":0,"57":3,"58":3,"59":3,"60":3,"61":2,"62":1,"63":1,"64":1,"65":0,"66":0,"67":1,"68":1,"69":0,"70":1,"71":1,"72":1,"73":1,"74":1,"75":1,"76":1,"77":2,"78":1,"79":1,"80":0,"81":0,"82":1,"83":2,"84":1,"85":1,"86":0,"87":1,"88":5,"89":5,"90":2,"91":1,"92":1,"93":1,"94":0,"95":0,"96":1,"97":2,"98":2,"99":2,"100":2,"101":1,"102":1,"103":1,"104":0,"105":1,"106":1,"107":1,"108":1,"109":1,"110":1,"111":0,"112":0,"113":0,"114":0,"115":0,"116":0,"117":0,"118":0,"119":0,"120":0,"121":1,"122":1,"123":1,"124":2,"125":0,"126":0,"127":0,"128":0,"129":0,"130":0,"131":0,"132":0,"133":0,"134":0,"135":0,"136":0,"137":0,"138":0,"139":2},"f":{"0":11,"1":2,"2":11,"3":1,"4":0,"5":3,"6":1,"7":0,"8":1,"9":1,"10":1,"11":1,"12":5,"13":1,"14":2,"15":0,"16":0,"17":0,"18":0},"b":{"0":[1,10],"1":[0,2],"2":[0,2],"3":[1,0],"4":[0,11],"5":[11,11],"6":[0,11],"7":[10,1],"8":[11,11],"9":[0,0],"10":[0,0],"11":[0,3],"12":[3,0],"13":[0,1],"14":[0,1],"15":[0,1],"16":[0,1],"17":[1,1],"18":[0,1],"19":[0,1],"20":[1,0,0],"21":[0,0],"22":[0,0],"23":[0,0]},"_coverageSchema":"1a1c01bbd47fc00a2c39e90264f33305004495a9","hash":"eb7fd7ca902c278004ce6fd44af0ed16b704f1de"}
,"C:\\Users\\ryann\\OneDrive\\Desktop\\mern-nodenet\\server\\middleware\\editContent.js": {"path":"C:\\Users\\ryann\\OneDrive\\Desktop\\mern-nodenet\\server\\middleware\\editContent.js","statementMap":{"0":{"start":{"line":1,"column":21},"end":{"line":1,"column":53}},"1":{"start":{"line":2,"column":13},"end":{"line":2,"column":43}},"2":{"start":{"line":3,"column":16},"end":{"line":3,"column":49}},"3":{"start":{"line":5,"column":20},"end":{"line":47,"column":2}},"4":{"start":{"line":6,"column":24},"end":{"line":6,"column":34}},"5":{"start":{"line":7,"column":42},"end":{"line":7,"column":50}},"6":{"start":{"line":15,"column":2},"end":{"line":44,"column":3}},"7":{"start":{"line":16,"column":4},"end":{"line":16,"column":52}},"8":{"start":{"line":17,"column":4},"end":{"line":17,"column":48}},"9":{"start":{"line":18,"column":4},"end":{"line":31,"column":6}},"10":{"start":{"line":19,"column":6},"end":{"line":30,"column":8}},"11":{"start":{"line":32,"column":9},"end":{"line":44,"column":3}},"12":{"start":{"line":33,"column":4},"end":{"line":33,"column":55}},"13":{"start":{"line":34,"column":4},"end":{"line":34,"column":51}},"14":{"start":{"line":35,"column":4},"end":{"line":43,"column":8}},"15":{"start":{"line":38,"column":8},"end":{"line":42,"column":10}},"16":{"start":{"line":46,"column":2},"end":{"line":46,"column":39}},"17":{"start":{"line":49,"column":0},"end":{"line":49,"column":29}}},"fnMap":{"0":{"name":"(anonymous_0)","decl":{"start":{"line":5,"column":33},"end":{"line":5,"column":34}},"loc":{"start":{"line":5,"column":53},"end":{"line":47,"column":1}},"line":5},"1":{"name":"(anonymous_1)","decl":{"start":{"line":18,"column":37},"end":{"line":18,"column":38}},"loc":{"start":{"line":19,"column":6},"end":{"line":30,"column":8}},"line":19},"2":{"name":"(anonymous_2)","decl":{"start":{"line":37,"column":12},"end":{"line":37,"column":13}},"loc":{"start":{"line":38,"column":8},"end":{"line":42,"column":10}},"line":38}},"branchMap":{"0":{"loc":{"start":{"line":15,"column":2},"end":{"line":44,"column":3}},"type":"if","locations":[{"start":{"line":15,"column":2},"end":{"line":44,"column":3}},{"start":{"line":32,"column":9},"end":{"line":44,"column":3}}],"line":15},"1":{"loc":{"start":{"line":32,"column":9},"end":{"line":44,"column":3}},"type":"if","locations":[{"start":{"line":32,"column":9},"end":{"line":44,"column":3}},{"start":{},"end":{}}],"line":32}},"s":{"0":2,"1":2,"2":2,"3":2,"4":0,"5":0,"6":0,"7":0,"8":0,"9":0,"10":0,"11":0,"12":0,"13":0,"14":0,"15":0,"16":0,"17":2},"f":{"0":0,"1":0,"2":0},"b":{"0":[0,0],"1":[0,0]},"_coverageSchema":"1a1c01bbd47fc00a2c39e90264f33305004495a9","hash":"9e7d29182ef9c9443b30b27756e41dca7618cd00"}
,"C:\\Users\\ryann\\OneDrive\\Desktop\\mern-nodenet\\server\\middleware\\errorHandler.js": {"path":"C:\\Users\\ryann\\OneDrive\\Desktop\\mern-nodenet\\server\\middleware\\errorHandler.js","statementMap":{"0":{"start":{"line":1,"column":25},"end":{"line":34,"column":1}},"1":{"start":{"line":2,"column":2},"end":{"line":6,"column":3}},"2":{"start":{"line":3,"column":4},"end":{"line":5,"column":79}},"3":{"start":{"line":8,"column":2},"end":{"line":12,"column":3}},"4":{"start":{"line":9,"column":4},"end":{"line":11,"column":80}},"5":{"start":{"line":14,"column":2},"end":{"line":19,"column":3}},"6":{"start":{"line":15,"column":4},"end":{"line":18,"column":7}},"7":{"start":{"line":23,"column":2},"end":{"line":28,"column":3}},"8":{"start":{"line":24,"column":4},"end":{"line":27,"column":7}},"9":{"start":{"line":31,"column":2},"end":{"line":33,"column":54}},"10":{"start":{"line":36,"column":25},"end":{"line":56,"column":1}},"11":{"start":{"line":37,"column":25},"end":{"line":37,"column":28}},"12":{"start":{"line":40,"column":2},"end":{"line":51,"column":3}},"13":{"start":{"line":45,"column":6},"end":{"line":46,"column":50}},"14":{"start":{"line":47,"column":4},"end":{"line":50,"column":7}},"15":{"start":{"line":53,"column":2},"end":{"line":55,"column":54}},"16":{"start":{"line":58,"column":0},"end":{"line":58,"column":56}}},"fnMap":{"0":{"name":"(anonymous_0)","decl":{"start":{"line":1,"column":25},"end":{"line":1,"column":26}},"loc":{"start":{"line":1,"column":50},"end":{"line":34,"column":1}},"line":1},"1":{"name":"(anonymous_1)","decl":{"start":{"line":36,"column":25},"end":{"line":36,"column":26}},"loc":{"start":{"line":36,"column":50},"end":{"line":56,"column":1}},"line":36}},"branchMap":{"0":{"loc":{"start":{"line":2,"column":2},"end":{"line":6,"column":3}},"type":"if","locations":[{"start":{"line":2,"column":2},"end":{"line":6,"column":3}},{"start":{},"end":{}}],"line":2},"1":{"loc":{"start":{"line":2,"column":6},"end":{"line":2,"column":35}},"type":"binary-expr","locations":[{"start":{"line":2,"column":6},"end":{"line":2,"column":16}},{"start":{"line":2,"column":20},"end":{"line":2,"column":35}}],"line":2},"2":{"loc":{"start":{"line":8,"column":2},"end":{"line":12,"column":3}},"type":"if","locations":[{"start":{"line":8,"column":2},"end":{"line":12,"column":3}},{"start":{},"end":{}}],"line":8},"3":{"loc":{"start":{"line":8,"column":6},"end":{"line":8,"column":36}},"type":"binary-expr","locations":[{"start":{"line":8,"column":6},"end":{"line":8,"column":16}},{"start":{"line":8,"column":20},"end":{"line":8,"column":36}}],"line":8},"4":{"loc":{"start":{"line":14,"column":2},"end":{"line":19,"column":3}},"type":"if","locations":[{"start":{"line":14,"column":2},"end":{"line":19,"column":3}},{"start":{},"end":{}}],"line":14},"5":{"loc":{"start":{"line":14,"column":6},"end":{"line":14,"column":39}},"type":"binary-expr","locations":[{"start":{"line":14,"column":6},"end":{"line":14,"column":16}},{"start":{"line":14,"column":20},"end":{"line":14,"column":39}}],"line":14},"6":{"loc":{"start":{"line":23,"column":2},"end":{"line":28,"column":3}},"type":"if","locations":[{"start":{"line":23,"column":2},"end":{"line":28,"column":3}},{"start":{},"end":{}}],"line":23},"7":{"loc":{"start":{"line":32,"column":12},"end":{"line":32,"column":33}},"type":"binary-expr","locations":[{"start":{"line":32,"column":12},"end":{"line":32,"column":26}},{"start":{"line":32,"column":30},"end":{"line":32,"column":33}}],"line":32},"8":{"loc":{"start":{"line":40,"column":2},"end":{"line":51,"column":3}},"type":"if","locations":[{"start":{"line":40,"column":2},"end":{"line":51,"column":3}},{"start":{},"end":{}}],"line":40},"9":{"loc":{"start":{"line":41,"column":4},"end":{"line":42,"column":45}},"type":"binary-expr","locations":[{"start":{"line":41,"column":5},"end":{"line":41,"column":15}},{"start":{"line":41,"column":19},"end":{"line":41,"column":41}},{"start":{"line":42,"column":5},"end":{"line":42,"column":15}},{"start":{"line":42,"column":19},"end":{"line":42,"column":44}}],"line":41},"10":{"loc":{"start":{"line":45,"column":6},"end":{"line":46,"column":50}},"type":"binary-expr","locations":[{"start":{"line":45,"column":7},"end":{"line":45,"column":29}},{"start":{"line":45,"column":33},"end":{"line":45,"column":74}},{"start":{"line":46,"column":6},"end":{"line":46,"column":50}}],"line":45},"11":{"loc":{"start":{"line":54,"column":12},"end":{"line":54,"column":29}},"type":"binary-expr","locations":[{"start":{"line":54,"column":12},"end":{"line":54,"column":22}},{"start":{"line":54,"column":26},"end":{"line":54,"column":29}}],"line":54}},"s":{"0":2,"1":5,"2":0,"3":5,"4":0,"5":5,"6":0,"7":5,"8":1,"9":4,"10":2,"11":0,"12":0,"13":0,"14":0,"15":0,"16":2},"f":{"0":5,"1":0},"b":{"0":[0,5],"1":[5,0],"2":[0,5],"3":[5,0],"4":[0,5],"5":[5,0],"6":[1,4],"7":[4,0],"8":[0,0],"9":[0,0,0,0],"10":[0,0,0],"11":[0,0]},"_coverageSchema":"1a1c01bbd47fc00a2c39e90264f33305004495a9","hash":"5aba80b7fd5725cd137841316ff322c839e107da"}
,"C:\\Users\\ryann\\OneDrive\\Desktop\\mern-nodenet\\server\\middleware\\likePost.js": {"path":"C:\\Users\\ryann\\OneDrive\\Desktop\\mern-nodenet\\server\\middleware\\likePost.js","statementMap":{"0":{"start":{"line":1,"column":21},"end":{"line":1,"column":53}},"1":{"start":{"line":2,"column":13},"end":{"line":2,"column":43}},"2":{"start":{"line":3,"column":16},"end":{"line":3,"column":49}},"3":{"start":{"line":5,"column":25},"end":{"line":72,"column":2}},"4":{"start":{"line":6,"column":32},"end":{"line":6,"column":40}},"5":{"start":{"line":7,"column":17},"end":{"line":7,"column":27}},"6":{"start":{"line":8,"column":2},"end":{"line":8,"column":18}},"7":{"start":{"line":14,"column":2},"end":{"line":18,"column":3}},"8":{"start":{"line":15,"column":4},"end":{"line":15,"column":43}},"9":{"start":{"line":16,"column":9},"end":{"line":18,"column":3}},"10":{"start":{"line":17,"column":4},"end":{"line":17,"column":46}},"11":{"start":{"line":20,"column":2},"end":{"line":20,"column":28}},"12":{"start":{"line":21,"column":2},"end":{"line":21,"column":69}},"13":{"start":{"line":22,"column":2},"end":{"line":29,"column":9}},"14":{"start":{"line":28,"column":18},"end":{"line":28,"column":53}},"15":{"start":{"line":31,"column":2},"end":{"line":31,"column":37}},"16":{"start":{"line":32,"column":25},"end":{"line":69,"column":5}},"17":{"start":{"line":35,"column":6},"end":{"line":65,"column":12}},"18":{"start":{"line":68,"column":6},"end":{"line":68,"column":80}},"19":{"start":{"line":71,"column":2},"end":{"line":71,"column":39}},"20":{"start":{"line":74,"column":0},"end":{"line":74,"column":34}}},"fnMap":{"0":{"name":"(anonymous_0)","decl":{"start":{"line":5,"column":38},"end":{"line":5,"column":39}},"loc":{"start":{"line":5,"column":58},"end":{"line":72,"column":1}},"line":5},"1":{"name":"(anonymous_1)","decl":{"start":{"line":28,"column":8},"end":{"line":28,"column":9}},"loc":{"start":{"line":28,"column":18},"end":{"line":28,"column":53}},"line":28},"2":{"name":"(anonymous_2)","decl":{"start":{"line":34,"column":10},"end":{"line":34,"column":11}},"loc":{"start":{"line":35,"column":6},"end":{"line":65,"column":12}},"line":35},"3":{"name":"(anonymous_3)","decl":{"start":{"line":67,"column":10},"end":{"line":67,"column":11}},"loc":{"start":{"line":68,"column":6},"end":{"line":68,"column":80}},"line":68}},"branchMap":{"0":{"loc":{"start":{"line":14,"column":2},"end":{"line":18,"column":3}},"type":"if","locations":[{"start":{"line":14,"column":2},"end":{"line":18,"column":3}},{"start":{"line":16,"column":9},"end":{"line":18,"column":3}}],"line":14},"1":{"loc":{"start":{"line":16,"column":9},"end":{"line":18,"column":3}},"type":"if","locations":[{"start":{"line":16,"column":9},"end":{"line":18,"column":3}},{"start":{},"end":{}}],"line":16},"2":{"loc":{"start":{"line":21,"column":2},"end":{"line":21,"column":68}},"type":"cond-expr","locations":[{"start":{"line":21,"column":13},"end":{"line":21,"column":39}},{"start":{"line":21,"column":42},"end":{"line":21,"column":68}}],"line":21},"3":{"loc":{"start":{"line":22,"column":2},"end":{"line":29,"column":8}},"type":"cond-expr","locations":[{"start":{"line":23,"column":7},"end":{"line":26,"column":7}},{"start":{"line":27,"column":7},"end":{"line":29,"column":7}}],"line":22},"4":{"loc":{"start":{"line":35,"column":6},"end":{"line":65,"column":12}},"type":"cond-expr","locations":[{"start":{"line":36,"column":10},"end":{"line":54,"column":12}},{"start":{"line":55,"column":10},"end":{"line":65,"column":12}}],"line":35}},"s":{"0":2,"1":2,"2":2,"3":2,"4":0,"5":0,"6":0,"7":0,"8":0,"9":0,"10":0,"11":0,"12":0,"13":0,"14":0,"15":0,"16":0,"17":0,"18":0,"19":0,"20":2},"f":{"0":0,"1":0,"2":0,"3":0},"b":{"0":[0,0],"1":[0,0],"2":[0,0],"3":[0,0],"4":[0,0]},"_coverageSchema":"1a1c01bbd47fc00a2c39e90264f33305004495a9","hash":"f2cd48485a6e6d3e5d88ad9b2b0aa41121ddc5c8"}
,"C:\\Users\\ryann\\OneDrive\\Desktop\\mern-nodenet\\server\\middleware\\routeProtector.js": {"path":"C:\\Users\\ryann\\OneDrive\\Desktop\\mern-nodenet\\server\\middleware\\routeProtector.js","statementMap":{"0":{"start":{"line":1,"column":12},"end":{"line":1,"column":35}},"1":{"start":{"line":2,"column":13},"end":{"line":2,"column":43}},"2":{"start":{"line":3,"column":21},"end":{"line":3,"column":53}},"3":{"start":{"line":5,"column":16},"end":{"line":34,"column":2}},"4":{"start":{"line":6,"column":20},"end":{"line":6,"column":31}},"5":{"start":{"line":7,"column":23},"end":{"line":7,"column":40}},"6":{"start":{"line":8,"column":2},"end":{"line":8,"column":21}},"7":{"start":{"line":10,"column":2},"end":{"line":13,"column":3}},"8":{"start":{"line":11,"column":4},"end":{"line":11,"column":20}},"9":{"start":{"line":12,"column":4},"end":{"line":12,"column":52}},"10":{"start":{"line":15,"column":19},"end":{"line":15,"column":60}},"11":{"start":{"line":17,"column":15},"end":{"line":17,"column":47}},"12":{"start":{"line":19,"column":2},"end":{"line":22,"column":3}},"13":{"start":{"line":20,"column":4},"end":{"line":20,"column":20}},"14":{"start":{"line":21,"column":4},"end":{"line":21,"column":69}},"15":{"start":{"line":27,"column":2},"end":{"line":33,"column":3}},"16":{"start":{"line":28,"column":4},"end":{"line":28,"column":26}},"17":{"start":{"line":29,"column":4},"end":{"line":29,"column":18}},"18":{"start":{"line":31,"column":4},"end":{"line":31,"column":20}},"19":{"start":{"line":32,"column":4},"end":{"line":32,"column":52}},"20":{"start":{"line":36,"column":0},"end":{"line":36,"column":25}}},"fnMap":{"0":{"name":"(anonymous_0)","decl":{"start":{"line":5,"column":29},"end":{"line":5,"column":30}},"loc":{"start":{"line":5,"column":55},"end":{"line":34,"column":1}},"line":5}},"branchMap":{"0":{"loc":{"start":{"line":10,"column":2},"end":{"line":13,"column":3}},"type":"if","locations":[{"start":{"line":10,"column":2},"end":{"line":13,"column":3}},{"start":{},"end":{}}],"line":10},"1":{"loc":{"start":{"line":10,"column":6},"end":{"line":10,"column":72}},"type":"binary-expr","locations":[{"start":{"line":10,"column":6},"end":{"line":10,"column":12}},{"start":{"line":10,"column":16},"end":{"line":10,"column":72}}],"line":10},"2":{"loc":{"start":{"line":19,"column":2},"end":{"line":22,"column":3}},"type":"if","locations":[{"start":{"line":19,"column":2},"end":{"line":22,"column":3}},{"start":{},"end":{}}],"line":19},"3":{"loc":{"start":{"line":27,"column":2},"end":{"line":33,"column":3}},"type":"if","locations":[{"start":{"line":27,"column":2},"end":{"line":33,"column":3}},{"start":{"line":30,"column":9},"end":{"line":33,"column":3}}],"line":27},"4":{"loc":{"start":{"line":27,"column":6},"end":{"line":27,"column":22}},"type":"binary-expr","locations":[{"start":{"line":27,"column":6},"end":{"line":27,"column":14}},{"start":{"line":27,"column":18},"end":{"line":27,"column":22}}],"line":27}},"s":{"0":2,"1":2,"2":2,"3":2,"4":12,"5":12,"6":12,"7":12,"8":3,"9":3,"10":9,"11":9,"12":9,"13":0,"14":0,"15":9,"16":9,"17":9,"18":0,"19":0,"20":2},"f":{"0":12},"b":{"0":[3,9],"1":[12,10],"2":[0,9],"3":[9,0],"4":[9,9]},"_coverageSchema":"1a1c01bbd47fc00a2c39e90264f33305004495a9","hash":"582ab137053dfe520268a75c2802d475cf901aa6"}
,"C:\\Users\\ryann\\OneDrive\\Desktop\\mern-nodenet\\server\\models\\commentModel.js": {"path":"C:\\Users\\ryann\\OneDrive\\Desktop\\mern-nodenet\\server\\models\\commentModel.js","statementMap":{"0":{"start":{"line":1,"column":17},"end":{"line":1,"column":36}},"1":{"start":{"line":2,"column":15},"end":{"line":2,"column":30}},"2":{"start":{"line":4,"column":22},"end":{"line":16,"column":1}},"3":{"start":{"line":18,"column":16},"end":{"line":18,"column":56}},"4":{"start":{"line":19,"column":0},"end":{"line":19,"column":25}}},"fnMap":{},"branchMap":{},"s":{"0":2,"1":2,"2":2,"3":2,"4":2},"f":{},"b":{},"_coverageSchema":"1a1c01bbd47fc00a2c39e90264f33305004495a9","hash":"c31312d17000a37325d7bcef91722f69cce11628"}
,"C:\\Users\\ryann\\OneDrive\\Desktop\\mern-nodenet\\server\\models\\postModel.js": {"path":"C:\\Users\\ryann\\OneDrive\\Desktop\\mern-nodenet\\server\\models\\postModel.js","statementMap":{"0":{"start":{"line":1,"column":17},"end":{"line":1,"column":36}},"1":{"start":{"line":2,"column":15},"end":{"line":2,"column":30}},"2":{"start":{"line":4,"column":19},"end":{"line":29,"column":1}},"3":{"start":{"line":31,"column":13},"end":{"line":31,"column":47}},"4":{"start":{"line":32,"column":0},"end":{"line":32,"column":22}}},"fnMap":{},"branchMap":{},"s":{"0":3,"1":3,"2":3,"3":3,"4":3},"f":{},"b":{},"_coverageSchema":"1a1c01bbd47fc00a2c39e90264f33305004495a9","hash":"ecb4c01bc16b54aa5cc3dff8e04432c1a5114797"}
,"C:\\Users\\ryann\\OneDrive\\Desktop\\mern-nodenet\\server\\models\\userModel.js": {"path":"C:\\Users\\ryann\\OneDrive\\Desktop\\mern-nodenet\\server\\models\\userModel.js","statementMap":{"0":{"start":{"line":1,"column":17},"end":{"line":1,"column":36}},"1":{"start":{"line":2,"column":20},"end":{"line":2,"column":40}},"2":{"start":{"line":3,"column":15},"end":{"line":3,"column":34}},"3":{"start":{"line":4,"column":15},"end":{"line":4,"column":30}},"4":{"start":{"line":6,"column":19},"end":{"line":50,"column":1}},"5":{"start":{"line":17,"column":10},"end":{"line":17,"column":32}},"6":{"start":{"line":54,"column":0},"end":{"line":64,"column":3}},"7":{"start":{"line":55,"column":2},"end":{"line":57,"column":3}},"8":{"start":{"line":56,"column":4},"end":{"line":56,"column":18}},"9":{"start":{"line":59,"column":15},"end":{"line":59,"column":37}},"10":{"start":{"line":60,"column":25},"end":{"line":60,"column":63}},"11":{"start":{"line":61,"column":2},"end":{"line":61,"column":33}},"12":{"start":{"line":63,"column":2},"end":{"line":63,"column":9}},"13":{"start":{"line":66,"column":13},"end":{"line":66,"column":47}},"14":{"start":{"line":67,"column":0},"end":{"line":67,"column":22}}},"fnMap":{"0":{"name":"(anonymous_0)","decl":{"start":{"line":16,"column":19},"end":{"line":16,"column":20}},"loc":{"start":{"line":16,"column":36},"end":{"line":18,"column":9}},"line":16},"1":{"name":"(anonymous_1)","decl":{"start":{"line":54,"column":23},"end":{"line":54,"column":24}},"loc":{"start":{"line":54,"column":45},"end":{"line":64,"column":1}},"line":54}},"branchMap":{"0":{"loc":{"start":{"line":55,"column":2},"end":{"line":57,"column":3}},"type":"if","locations":[{"start":{"line":55,"column":2},"end":{"line":57,"column":3}},{"start":{},"end":{}}],"line":55}},"s":{"0":3,"1":3,"2":3,"3":3,"4":3,"5":80,"6":3,"7":80,"8":57,"9":23,"10":23,"11":23,"12":23,"13":3,"14":3},"f":{"0":80,"1":80},"b":{"0":[57,23]},"_coverageSchema":"1a1c01bbd47fc00a2c39e90264f33305004495a9","hash":"a9593d20a207075e019fdc1edd89c1f33205edaf"}
,"C:\\Users\\ryann\\OneDrive\\Desktop\\mern-nodenet\\server\\routes\\commentRoute.js": {"path":"C:\\Users\\ryann\\OneDrive\\Desktop\\mern-nodenet\\server\\routes\\commentRoute.js","statementMap":{"0":{"start":{"line":1,"column":19},"end":{"line":1,"column":37}},"1":{"start":{"line":6,"column":4},"end":{"line":6,"column":47}},"2":{"start":{"line":7,"column":16},"end":{"line":7,"column":55}},"3":{"start":{"line":8,"column":25},"end":{"line":8,"column":58}},"4":{"start":{"line":9,"column":20},"end":{"line":9,"column":56}},"5":{"start":{"line":10,"column":15},"end":{"line":10,"column":23}},"6":{"start":{"line":12,"column":0},"end":{"line":12,"column":48}},"7":{"start":{"line":13,"column":0},"end":{"line":13,"column":61}},"8":{"start":{"line":14,"column":0},"end":{"line":14,"column":60}},"9":{"start":{"line":15,"column":0},"end":{"line":15,"column":62}},"10":{"start":{"line":16,"column":0},"end":{"line":16,"column":57}},"11":{"start":{"line":18,"column":0},"end":{"line":18,"column":24}}},"fnMap":{},"branchMap":{},"s":{"0":2,"1":2,"2":2,"3":2,"4":2,"5":2,"6":2,"7":2,"8":2,"9":2,"10":2,"11":2},"f":{},"b":{},"_coverageSchema":"1a1c01bbd47fc00a2c39e90264f33305004495a9","hash":"c6109c69d5ad6ec58cfb45f98d122c8818bac35c"}
,"C:\\Users\\ryann\\OneDrive\\Desktop\\mern-nodenet\\server\\routes\\postRoute.js": {"path":"C:\\Users\\ryann\\OneDrive\\Desktop\\mern-nodenet\\server\\routes\\postRoute.js","statementMap":{"0":{"start":{"line":1,"column":19},"end":{"line":1,"column":37}},"1":{"start":{"line":7,"column":4},"end":{"line":7,"column":44}},"2":{"start":{"line":8,"column":16},"end":{"line":8,"column":55}},"3":{"start":{"line":9,"column":17},"end":{"line":9,"column":47}},"4":{"start":{"line":10,"column":25},"end":{"line":10,"column":58}},"5":{"start":{"line":11,"column":20},"end":{"line":11,"column":56}},"6":{"start":{"line":13,"column":15},"end":{"line":13,"column":23}},"7":{"start":{"line":15,"column":0},"end":{"line":15,"column":64}},"8":{"start":{"line":16,"column":0},"end":{"line":16,"column":48}},"9":{"start":{"line":17,"column":0},"end":{"line":17,"column":46}},"10":{"start":{"line":18,"column":0},"end":{"line":18,"column":43}},"11":{"start":{"line":19,"column":0},"end":{"line":19,"column":57}},"12":{"start":{"line":20,"column":0},"end":{"line":20,"column":59}},"13":{"start":{"line":22,"column":0},"end":{"line":22,"column":24}}},"fnMap":{},"branchMap":{},"s":{"0":2,"1":2,"2":2,"3":2,"4":2,"5":2,"6":2,"7":2,"8":2,"9":2,"10":2,"11":2,"12":2,"13":2},"f":{},"b":{},"_coverageSchema":"1a1c01bbd47fc00a2c39e90264f33305004495a9","hash":"c06b40ccaa86247669fca26e64c2dff72e2e16ad"}
,"C:\\Users\\ryann\\OneDrive\\Desktop\\mern-nodenet\\server\\routes\\userRoute.js": {"path":"C:\\Users\\ryann\\OneDrive\\Desktop\\mern-nodenet\\server\\routes\\userRoute.js","statementMap":{"0":{"start":{"line":1,"column":16},"end":{"line":1,"column":34}},"1":{"start":{"line":14,"column":4},"end":{"line":14,"column":44}},"2":{"start":{"line":15,"column":16},"end":{"line":15,"column":55}},"3":{"start":{"line":16,"column":17},"end":{"line":16,"column":47}},"4":{"start":{"line":17,"column":15},"end":{"line":17,"column":31}},"5":{"start":{"line":19,"column":0},"end":{"line":19,"column":43}},"6":{"start":{"line":20,"column":0},"end":{"line":20,"column":37}},"7":{"start":{"line":21,"column":0},"end":{"line":21,"column":38}},"8":{"start":{"line":22,"column":0},"end":{"line":22,"column":46}},"9":{"start":{"line":23,"column":0},"end":{"line":23,"column":65}},"10":{"start":{"line":24,"column":0},"end":{"line":24,"column":75}},"11":{"start":{"line":25,"column":0},"end":{"line":25,"column":46}},"12":{"start":{"line":26,"column":0},"end":{"line":26,"column":53}},"13":{"start":{"line":27,"column":0},"end":{"line":27,"column":60}},"14":{"start":{"line":28,"column":0},"end":{"line":28,"column":72}},"15":{"start":{"line":29,"column":0},"end":{"line":29,"column":63}},"16":{"start":{"line":31,"column":0},"end":{"line":31,"column":24}}},"fnMap":{},"branchMap":{},"s":{"0":2,"1":2,"2":2,"3":2,"4":2,"5":2,"6":2,"7":2,"8":2,"9":2,"10":2,"11":2,"12":2,"13":2,"14":2,"15":2,"16":2},"f":{},"b":{},"_coverageSchema":"1a1c01bbd47fc00a2c39e90264f33305004495a9","hash":"a006e7923bbb1ef767ab6d0e822eeed570ab7cf5"}
,"C:\\Users\\ryann\\OneDrive\\Desktop\\mern-nodenet\\server\\tests\\userHelper.js": {"path":"C:\\Users\\ryann\\OneDrive\\Desktop\\mern-nodenet\\server\\tests\\userHelper.js","statementMap":{"0":{"start":{"line":1,"column":12},"end":{"line":1,"column":31}},"1":{"start":{"line":2,"column":16},"end":{"line":2,"column":36}},"2":{"start":{"line":3,"column":13},"end":{"line":3,"column":43}},"3":{"start":{"line":5,"column":22},"end":{"line":13,"column":1}},"4":{"start":{"line":7,"column":19},"end":{"line":10,"column":4}},"5":{"start":{"line":11,"column":16},"end":{"line":11,"column":46}},"6":{"start":{"line":12,"column":2},"end":{"line":12,"column":40}},"7":{"start":{"line":15,"column":22},"end":{"line":25,"column":1}},"8":{"start":{"line":16,"column":16},"end":{"line":16,"column":43}},"9":{"start":{"line":18,"column":2},"end":{"line":23,"column":4}},"10":{"start":{"line":22,"column":31},"end":{"line":22,"column":74}},"11":{"start":{"line":19,"column":4},"end":{"line":19,"column":65}},"12":{"start":{"line":24,"column":2},"end":{"line":24,"column":20}},"13":{"start":{"line":27,"column":0},"end":{"line":27,"column":50}}},"fnMap":{"0":{"name":"(anonymous_0)","decl":{"start":{"line":5,"column":22},"end":{"line":5,"column":23}},"loc":{"start":{"line":5,"column":49},"end":{"line":13,"column":1}},"line":5},"1":{"name":"(anonymous_1)","decl":{"start":{"line":15,"column":22},"end":{"line":15,"column":23}},"loc":{"start":{"line":15,"column":45},"end":{"line":25,"column":1}},"line":15},"2":{"name":"(anonymous_2)","decl":{"start":{"line":22,"column":21},"end":{"line":22,"column":22}},"loc":{"start":{"line":22,"column":31},"end":{"line":22,"column":74}},"line":22}},"branchMap":{"0":{"loc":{"start":{"line":21,"column":4},"end":{"line":22,"column":75}},"type":"binary-expr","locations":[{"start":{"line":21,"column":4},"end":{"line":21,"column":41}},{"start":{"line":22,"column":4},"end":{"line":22,"column":75}}],"line":21}},"s":{"0":1,"1":1,"2":1,"3":1,"4":9,"5":9,"6":9,"7":1,"8":3,"9":3,"10":4,"11":4,"12":3,"13":1},"f":{"0":9,"1":3,"2":4},"b":{"0":[4,4]},"_coverageSchema":"1a1c01bbd47fc00a2c39e90264f33305004495a9","hash":"bcb4a99b98ba7bbd6934208f5ad189f37a350b72"}
,"C:\\Users\\ryann\\OneDrive\\Desktop\\mern-nodenet\\server\\utils\\checkDuplicates.js": {"path":"C:\\Users\\ryann\\OneDrive\\Desktop\\mern-nodenet\\server\\utils\\checkDuplicates.js","statementMap":{"0":{"start":{"line":2,"column":23},"end":{"line":2,"column":32}},"1":{"start":{"line":4,"column":2},"end":{"line":4,"column":58}},"2":{"start":{"line":4,"column":26},"end":{"line":4,"column":56}},"3":{"start":{"line":6,"column":2},"end":{"line":8,"column":3}},"4":{"start":{"line":7,"column":4},"end":{"line":7,"column":16}},"5":{"start":{"line":10,"column":2},"end":{"line":10,"column":15}},"6":{"start":{"line":13,"column":0},"end":{"line":13,"column":36}}},"fnMap":{"0":{"name":"arrayHasDuplicates","decl":{"start":{"line":1,"column":9},"end":{"line":1,"column":27}},"loc":{"start":{"line":1,"column":35},"end":{"line":11,"column":1}},"line":1},"1":{"name":"(anonymous_1)","decl":{"start":{"line":4,"column":16},"end":{"line":4,"column":17}},"loc":{"start":{"line":4,"column":26},"end":{"line":4,"column":56}},"line":4}},"branchMap":{"0":{"loc":{"start":{"line":6,"column":2},"end":{"line":8,"column":3}},"type":"if","locations":[{"start":{"line":6,"column":2},"end":{"line":8,"column":3}},{"start":{},"end":{}}],"line":6}},"s":{"0":15,"1":15,"2":34,"3":15,"4":0,"5":15,"6":1},"f":{"0":15,"1":34},"b":{"0":[0,15]},"_coverageSchema":"1a1c01bbd47fc00a2c39e90264f33305004495a9","hash":"6654bfea8aca42d1e417cdf811f621f02b973f10"}
,"C:\\Users\\ryann\\OneDrive\\Desktop\\mern-nodenet\\server\\utils\\config.js": {"path":"C:\\Users\\ryann\\OneDrive\\Desktop\\mern-nodenet\\server\\utils\\config.js","statementMap":{"0":{"start":{"line":1,"column":17},"end":{"line":1,"column":36}},"1":{"start":{"line":2,"column":0},"end":{"line":2,"column":27}},"2":{"start":{"line":4,"column":26},"end":{"line":12,"column":1}},"3":{"start":{"line":5,"column":2},"end":{"line":9,"column":4}},"4":{"start":{"line":11,"column":2},"end":{"line":11,"column":14}},"5":{"start":{"line":14,"column":26},"end":{"line":14,"column":71}},"6":{"start":{"line":14,"column":38},"end":{"line":14,"column":71}},"7":{"start":{"line":16,"column":0},"end":{"line":16,"column":58}}},"fnMap":{"0":{"name":"(anonymous_0)","decl":{"start":{"line":4,"column":26},"end":{"line":4,"column":27}},"loc":{"start":{"line":4,"column":38},"end":{"line":12,"column":1}},"line":4},"1":{"name":"(anonymous_1)","decl":{"start":{"line":14,"column":26},"end":{"line":14,"column":27}},"loc":{"start":{"line":14,"column":38},"end":{"line":14,"column":71}},"line":14}},"branchMap":{"0":{"loc":{"start":{"line":6,"column":4},"end":{"line":8,"column":29}},"type":"cond-expr","locations":[{"start":{"line":7,"column":8},"end":{"line":7,"column":34}},{"start":{"line":8,"column":8},"end":{"line":8,"column":29}}],"line":6}},"s":{"0":3,"1":3,"2":3,"3":5,"4":5,"5":3,"6":3,"7":3},"f":{"0":5,"1":3},"b":{"0":[5,0]},"_coverageSchema":"1a1c01bbd47fc00a2c39e90264f33305004495a9","hash":"112ced9165c121e1381ef49bb055a0ba06ffdf9a"}
,"C:\\Users\\ryann\\OneDrive\\Desktop\\mern-nodenet\\server\\utils\\fileUpload.js": {"path":"C:\\Users\\ryann\\OneDrive\\Desktop\\mern-nodenet\\server\\utils\\fileUpload.js","statementMap":{"0":{"start":{"line":1,"column":15},"end":{"line":1,"column":32}},"1":{"start":{"line":3,"column":16},"end":{"line":10,"column":2}},"2":{"start":{"line":5,"column":4},"end":{"line":5,"column":52}},"3":{"start":{"line":8,"column":4},"end":{"line":8,"column":23}},"4":{"start":{"line":12,"column":17},"end":{"line":12,"column":36}},"5":{"start":{"line":14,"column":0},"end":{"line":14,"column":26}}},"fnMap":{"0":{"name":"(anonymous_0)","decl":{"start":{"line":4,"column":12},"end":{"line":4,"column":13}},"loc":{"start":{"line":4,"column":31},"end":{"line":6,"column":3}},"line":4},"1":{"name":"(anonymous_1)","decl":{"start":{"line":7,"column":15},"end":{"line":7,"column":16}},"loc":{"start":{"line":7,"column":34},"end":{"line":9,"column":3}},"line":7}},"branchMap":{},"s":{"0":2,"1":2,"2":1,"3":1,"4":2,"5":2},"f":{"0":1,"1":1},"b":{},"_coverageSchema":"1a1c01bbd47fc00a2c39e90264f33305004495a9","hash":"8a351b8a9afac435c55ceabdac0671b80adbbdab"}
,"C:\\Users\\ryann\\OneDrive\\Desktop\\mern-nodenet\\server\\utils\\seeds.js": {"path":"C:\\Users\\ryann\\OneDrive\\Desktop\\mern-nodenet\\server\\utils\\seeds.js","statementMap":{"0":{"start":{"line":1,"column":13},"end":{"line":1,"column":43}},"1":{"start":{"line":2,"column":13},"end":{"line":2,"column":43}},"2":{"start":{"line":3,"column":18},"end":{"line":3,"column":44}},"3":{"start":{"line":4,"column":0},"end":{"line":4,"column":25}},"4":{"start":{"line":6,"column":26},"end":{"line":27,"column":1}},"5":{"start":{"line":7,"column":2},"end":{"line":23,"column":3}},"6":{"start":{"line":7,"column":15},"end":{"line":7,"column":16}},"7":{"start":{"line":8,"column":22},"end":{"line":8,"column":46}},"8":{"start":{"line":9,"column":21},"end":{"line":9,"column":44}},"9":{"start":{"line":11,"column":21},"end":{"line":20,"column":5}},"10":{"start":{"line":22,"column":4},"end":{"line":22,"column":32}},"11":{"start":{"line":25,"column":20},"end":{"line":25,"column":53}},"12":{"start":{"line":26,"column":2},"end":{"line":26,"column":19}},"13":{"start":{"line":29,"column":32},"end":{"line":70,"column":1}},"14":{"start":{"line":30,"column":23},"end":{"line":30,"column":56}},"15":{"start":{"line":32,"column":2},"end":{"line":63,"column":3}},"16":{"start":{"line":33,"column":20},"end":{"line":33,"column":29}},"17":{"start":{"line":34,"column":30},"end":{"line":34,"column":73}},"18":{"start":{"line":37,"column":4},"end":{"line":47,"column":5}},"19":{"start":{"line":37,"column":17},"end":{"line":37,"column":18}},"20":{"start":{"line":39,"column":6},"end":{"line":45,"column":8}},"21":{"start":{"line":40,"column":8},"end":{"line":41,"column":72}},"22":{"start":{"line":46,"column":6},"end":{"line":46,"column":42}},"23":{"start":{"line":49,"column":4},"end":{"line":49,"column":43}},"24":{"start":{"line":50,"column":28},"end":{"line":52,"column":47}},"25":{"start":{"line":52,"column":22},"end":{"line":52,"column":46}},"26":{"start":{"line":54,"column":4},"end":{"line":61,"column":7}},"27":{"start":{"line":55,"column":30},"end":{"line":57,"column":7}},"28":{"start":{"line":56,"column":41},"end":{"line":56,"column":60}},"29":{"start":{"line":58,"column":6},"end":{"line":58,"column":58}},"30":{"start":{"line":59,"column":6},"end":{"line":59,"column":51}},"31":{"start":{"line":60,"column":6},"end":{"line":60,"column":26}},"32":{"start":{"line":62,"column":4},"end":{"line":62,"column":25}},"33":{"start":{"line":66,"column":27},"end":{"line":68,"column":3}},"34":{"start":{"line":69,"column":2},"end":{"line":69,"column":26}},"35":{"start":{"line":72,"column":26},"end":{"line":107,"column":1}},"36":{"start":{"line":73,"column":23},"end":{"line":73,"column":56}},"37":{"start":{"line":76,"column":2},"end":{"line":99,"column":3}},"38":{"start":{"line":77,"column":22},"end":{"line":77,"column":24}},"39":{"start":{"line":78,"column":4},"end":{"line":95,"column":5}},"40":{"start":{"line":78,"column":29},"end":{"line":78,"column":30}},"41":{"start":{"line":79,"column":28},"end":{"line":79,"column":68}},"42":{"start":{"line":80,"column":23},"end":{"line":88,"column":7}},"43":{"start":{"line":89,"column":6},"end":{"line":91,"column":7}},"44":{"start":{"line":89,"column":19},"end":{"line":89,"column":20}},"45":{"start":{"line":90,"column":8},"end":{"line":90,"column":58}},"46":{"start":{"line":92,"column":28},"end":{"line":92,"column":55}},"47":{"start":{"line":93,"column":6},"end":{"line":93,"column":39}},"48":{"start":{"line":94,"column":6},"end":{"line":94,"column":31}},"49":{"start":{"line":97,"column":4},"end":{"line":97,"column":27}},"50":{"start":{"line":98,"column":4},"end":{"line":98,"column":22}},"51":{"start":{"line":101,"column":27},"end":{"line":105,"column":4}},"52":{"start":{"line":106,"column":2},"end":{"line":106,"column":26}},"53":{"start":{"line":109,"column":0},"end":{"line":113,"column":2}}},"fnMap":{"0":{"name":"(anonymous_0)","decl":{"start":{"line":6,"column":26},"end":{"line":6,"column":27}},"loc":{"start":{"line":6,"column":38},"end":{"line":27,"column":1}},"line":6},"1":{"name":"(anonymous_1)","decl":{"start":{"line":29,"column":32},"end":{"line":29,"column":33}},"loc":{"start":{"line":29,"column":44},"end":{"line":70,"column":1}},"line":29},"2":{"name":"(anonymous_2)","decl":{"start":{"line":52,"column":12},"end":{"line":52,"column":13}},"loc":{"start":{"line":52,"column":22},"end":{"line":52,"column":46}},"line":52},"3":{"name":"(anonymous_3)","decl":{"start":{"line":54,"column":36},"end":{"line":54,"column":37}},"loc":{"start":{"line":54,"column":54},"end":{"line":61,"column":5}},"line":54},"4":{"name":"(anonymous_4)","decl":{"start":{"line":56,"column":27},"end":{"line":56,"column":28}},"loc":{"start":{"line":56,"column":41},"end":{"line":56,"column":60}},"line":56},"5":{"name":"(anonymous_5)","decl":{"start":{"line":72,"column":26},"end":{"line":72,"column":27}},"loc":{"start":{"line":72,"column":38},"end":{"line":107,"column":1}},"line":72}},"branchMap":{"0":{"loc":{"start":{"line":43,"column":8},"end":{"line":44,"column":61}},"type":"binary-expr","locations":[{"start":{"line":43,"column":8},"end":{"line":43,"column":46}},{"start":{"line":44,"column":8},"end":{"line":44,"column":61}}],"line":43},"1":{"loc":{"start":{"line":82,"column":13},"end":{"line":84,"column":14}},"type":"cond-expr","locations":[{"start":{"line":83,"column":12},"end":{"line":83,"column":63}},{"start":{"line":84,"column":12},"end":{"line":84,"column":14}}],"line":82}},"s":{"0":2,"1":2,"2":2,"3":2,"4":2,"5":2,"6":2,"7":20,"8":20,"9":20,"10":20,"11":2,"12":2,"13":2,"14":1,"15":1,"16":10,"17":10,"18":10,"19":10,"20":25,"21":32,"22":25,"23":10,"24":10,"25":10,"26":10,"27":25,"28":42,"29":25,"30":25,"31":25,"32":10,"33":1,"34":1,"35":2,"36":1,"37":1,"38":15,"39":15,"40":15,"41":90,"42":90,"43":90,"44":90,"45":2250,"46":90,"47":90,"48":90,"49":15,"50":15,"51":1,"52":1,"53":2},"f":{"0":2,"1":1,"2":10,"3":25,"4":42,"5":1},"b":{"0":[32,27],"1":[30,60]},"_coverageSchema":"1a1c01bbd47fc00a2c39e90264f33305004495a9","hash":"717ad94a3eece78f72b8300a0d1cf6d08230bc97"}
,"C:\\Users\\ryann\\OneDrive\\Desktop\\mern-nodenet\\server\\utils\\sortByInput.js": {"path":"C:\\Users\\ryann\\OneDrive\\Desktop\\mern-nodenet\\server\\utils\\sortByInput.js","statementMap":{"0":{"start":{"line":1,"column":20},"end":{"line":8,"column":1}},"1":{"start":{"line":2,"column":2},"end":{"line":7,"column":5}},"2":{"start":{"line":3,"column":18},"end":{"line":3,"column":39}},"3":{"start":{"line":4,"column":18},"end":{"line":4,"column":39}},"4":{"start":{"line":6,"column":4},"end":{"line":6,"column":70}},"5":{"start":{"line":10,"column":0},"end":{"line":10,"column":29}}},"fnMap":{"0":{"name":"(anonymous_0)","decl":{"start":{"line":1,"column":20},"end":{"line":1,"column":21}},"loc":{"start":{"line":1,"column":46},"end":{"line":8,"column":1}},"line":1},"1":{"name":"(anonymous_1)","decl":{"start":{"line":2,"column":20},"end":{"line":2,"column":21}},"loc":{"start":{"line":2,"column":30},"end":{"line":7,"column":3}},"line":2}},"branchMap":{"0":{"loc":{"start":{"line":6,"column":11},"end":{"line":6,"column":69}},"type":"cond-expr","locations":[{"start":{"line":6,"column":40},"end":{"line":6,"column":53}},{"start":{"line":6,"column":56},"end":{"line":6,"column":69}}],"line":6}},"s":{"0":2,"1":0,"2":0,"3":0,"4":0,"5":2},"f":{"0":0,"1":0},"b":{"0":[0,0]},"_coverageSchema":"1a1c01bbd47fc00a2c39e90264f33305004495a9","hash":"749b2a85215870a07640b8b21cc9f6fe361176ea"}
}
