TN:
SF:index.js
FN:36,(anonymous_0)
FNF:1
FNH:1
FNDA:1,(anonymous_0)
DA:1,2
DA:2,2
DA:3,2
DA:4,2
DA:5,2
DA:6,2
DA:10,2
DA:11,2
DA:12,2
DA:13,2
DA:15,2
DA:16,2
DA:20,2
DA:21,2
DA:22,2
DA:23,2
DA:27,2
DA:28,2
DA:29,2
DA:33,2
DA:35,2
DA:36,2
DA:39,2
DA:40,2
LF:24
LH:24
BRDA:35,0,0,2
BRDA:35,0,1,0
BRDA:39,1,0,2
BRDA:39,1,1,0
BRF:4
BRH:2
end_of_record
TN:
SF:controllers\commentController.js
FN:5,(anonymous_0)
FN:29,(anonymous_1)
FN:40,(anonymous_2)
FN:49,(anonymous_3)
FN:62,(anonymous_4)
FN:67,(anonymous_5)
FN:74,(anonymous_6)
FN:90,(anonymous_7)
FNF:8
FNH:0
FNDA:0,(anonymous_0)
FNDA:0,(anonymous_1)
FNDA:0,(anonymous_2)
FNDA:0,(anonymous_3)
FNDA:0,(anonymous_4)
FNDA:0,(anonymous_5)
FNDA:0,(anonymous_6)
FNDA:0,(anonymous_7)
DA:1,2
DA:2,2
DA:3,2
DA:5,2
DA:7,0
DA:8,0
DA:10,0
DA:12,0
DA:13,0
DA:14,0
DA:19,0
DA:28,0
DA:29,0
DA:30,0
DA:41,0
DA:46,0
DA:49,2
DA:50,0
DA:51,0
DA:54,0
DA:56,0
DA:57,0
DA:58,0
DA:61,0
DA:62,0
DA:65,0
DA:67,0
DA:68,0
DA:75,0
DA:87,0
DA:90,2
DA:92,0
DA:95,0
DA:115,0
DA:118,2
LF:35
LH:7
BRDA:12,0,0,0
BRDA:12,0,1,0
BRDA:56,1,0,0
BRDA:56,1,1,0
BRF:4
BRH:0
end_of_record
TN:
SF:controllers\postController.js
FN:13,(anonymous_0)
FN:34,(anonymous_1)
FN:52,(anonymous_2)
FN:80,(anonymous_3)
FN:115,(anonymous_4)
FN:130,(anonymous_5)
FN:148,(anonymous_6)
FNF:7
FNH:0
FNDA:0,(anonymous_0)
FNDA:0,(anonymous_1)
FNDA:0,(anonymous_2)
FNDA:0,(anonymous_3)
FNDA:0,(anonymous_4)
FNDA:0,(anonymous_5)
FNDA:0,(anonymous_6)
DA:1,2
DA:2,2
DA:3,2
DA:4,2
DA:5,2
DA:7,2
DA:13,2
DA:14,0
DA:15,0
DA:19,0
DA:20,0
DA:24,0
DA:29,0
DA:35,0
DA:44,0
DA:46,0
DA:47,0
DA:49,0
DA:52,2
DA:55,0
DA:77,0
DA:80,2
DA:81,0
DA:115,0
DA:116,0
DA:117,0
DA:120,0
DA:125,0
DA:127,0
DA:130,2
DA:131,0
DA:133,0
DA:137,0
DA:138,0
DA:139,0
DA:142,0
DA:146,0
DA:148,0
DA:149,0
DA:151,0
DA:154,2
LF:41
LH:11
BRDA:19,0,0,0
BRDA:19,0,1,0
BRDA:116,1,0,0
BRDA:116,1,1,0
BRDA:137,2,0,0
BRDA:137,2,1,0
BRF:6
BRH:0
end_of_record
TN:
SF:controllers\userController.js
FN:13,(anonymous_0)
FN:22,(anonymous_1)
FN:61,(anonymous_2)
FN:129,(anonymous_3)
FN:141,(anonymous_4)
FN:157,(anonymous_5)
FN:183,(anonymous_6)
FN:211,(anonymous_7)
FN:221,(anonymous_8)
FN:228,(anonymous_9)
FN:246,(anonymous_10)
FN:271,(anonymous_11)
FN:281,(anonymous_12)
FN:288,(anonymous_13)
FN:310,(anonymous_14)
FN:391,(anonymous_15)
FN:405,(anonymous_16)
FN:408,(anonymous_17)
FN:412,(anonymous_18)
FNF:19
FNH:13
FNDA:11,(anonymous_0)
FNDA:2,(anonymous_1)
FNDA:11,(anonymous_2)
FNDA:1,(anonymous_3)
FNDA:0,(anonymous_4)
FNDA:3,(anonymous_5)
FNDA:1,(anonymous_6)
FNDA:0,(anonymous_7)
FNDA:1,(anonymous_8)
FNDA:1,(anonymous_9)
FNDA:1,(anonymous_10)
FNDA:1,(anonymous_11)
FNDA:5,(anonymous_12)
FNDA:1,(anonymous_13)
FNDA:2,(anonymous_14)
FNDA:0,(anonymous_15)
FNDA:0,(anonymous_16)
FNDA:0,(anonymous_17)
FNDA:0,(anonymous_18)
DA:1,2
DA:2,2
DA:3,2
DA:4,2
DA:5,2
DA:7,2
DA:13,2
DA:15,11
DA:16,11
DA:19,11
DA:22,2
DA:23,2
DA:25,2
DA:26,0
DA:27,0
DA:30,2
DA:31,0
DA:32,0
DA:35,2
DA:40,1
DA:43,1
DA:44,1
DA:51,1
DA:61,2
DA:62,11
DA:64,11
DA:65,0
DA:66,0
DA:69,11
DA:89,11
DA:90,0
DA:91,0
DA:96,11
DA:100,11
DA:101,10
DA:103,10
DA:111,10
DA:113,10
DA:124,1
DA:125,1
DA:129,2
DA:130,1
DA:138,1
DA:141,2
DA:142,0
DA:144,0
DA:145,0
DA:148,0
DA:150,0
DA:151,0
DA:153,0
DA:157,2
DA:158,3
DA:162,3
DA:164,3
DA:165,0
DA:166,0
DA:172,3
DA:176,3
DA:178,3
DA:179,3
DA:183,2
DA:184,1
DA:186,1
DA:194,1
DA:195,0
DA:196,0
DA:202,1
DA:210,1
DA:211,0
DA:216,1
DA:217,1
DA:221,1
DA:222,1
DA:228,1
DA:229,1
DA:243,1
DA:246,2
DA:247,1
DA:263,1
DA:264,0
DA:265,0
DA:268,1
DA:271,2
DA:272,1
DA:274,1
DA:275,0
DA:280,1
DA:282,5
DA:283,5
DA:288,2
DA:289,1
DA:291,1
DA:302,1
DA:303,0
DA:304,0
DA:307,1
DA:310,2
DA:312,2
DA:314,2
DA:318,2
DA:319,1
DA:320,1
DA:321,1
DA:325,0
DA:327,1
DA:330,1
DA:333,1
DA:345,1
DA:347,1
DA:361,1
DA:362,0
DA:369,0
DA:370,0
DA:371,0
DA:374,0
DA:375,0
DA:376,0
DA:379,0
DA:381,0
DA:382,0
DA:385,1
DA:387,1
DA:388,1
DA:391,2
DA:392,0
DA:396,0
DA:397,0
DA:399,0
DA:400,0
DA:401,0
DA:404,0
DA:405,0
DA:407,0
DA:408,0
DA:411,0
DA:412,0
DA:413,0
DA:423,0
DA:426,2
LF:140
LH:90
BRDA:15,0,0,1
BRDA:15,0,1,10
BRDA:25,1,0,0
BRDA:25,1,1,2
BRDA:30,2,0,0
BRDA:30,2,1,2
BRDA:43,3,0,1
BRDA:43,3,1,0
BRDA:64,4,0,0
BRDA:64,4,1,11
BRDA:64,5,0,11
BRDA:64,5,1,11
BRDA:89,6,0,0
BRDA:89,6,1,11
BRDA:100,7,0,10
BRDA:100,7,1,1
BRDA:100,8,0,11
BRDA:100,8,1,11
BRDA:144,9,0,0
BRDA:144,9,1,0
BRDA:150,10,0,0
BRDA:150,10,1,0
BRDA:164,11,0,0
BRDA:164,11,1,3
BRDA:178,12,0,3
BRDA:178,12,1,0
BRDA:194,13,0,0
BRDA:194,13,1,1
BRDA:263,14,0,0
BRDA:263,14,1,1
BRDA:274,15,0,0
BRDA:274,15,1,1
BRDA:302,16,0,0
BRDA:302,16,1,1
BRDA:318,17,0,1
BRDA:318,17,1,1
BRDA:330,18,0,0
BRDA:330,18,1,1
BRDA:361,19,0,0
BRDA:361,19,1,1
BRDA:361,20,0,1
BRDA:361,20,1,0
BRDA:361,20,2,0
BRDA:369,21,0,0
BRDA:369,21,1,0
BRDA:374,22,0,0
BRDA:374,22,1,0
BRDA:399,23,0,0
BRDA:399,23,1,0
BRF:49
BRH:24
end_of_record
TN:
SF:middleware\editContent.js
FN:5,(anonymous_0)
FN:18,(anonymous_1)
FN:37,(anonymous_2)
FNF:3
FNH:0
FNDA:0,(anonymous_0)
FNDA:0,(anonymous_1)
FNDA:0,(anonymous_2)
DA:1,2
DA:2,2
DA:3,2
DA:5,2
DA:6,0
DA:7,0
DA:15,0
DA:16,0
DA:17,0
DA:18,0
DA:19,0
DA:32,0
DA:33,0
DA:34,0
DA:35,0
DA:38,0
DA:46,0
DA:49,2
LF:18
LH:5
BRDA:15,0,0,0
BRDA:15,0,1,0
BRDA:32,1,0,0
BRDA:32,1,1,0
BRF:4
BRH:0
end_of_record
TN:
SF:middleware\errorHandler.js
FN:1,(anonymous_0)
FN:36,(anonymous_1)
FNF:2
FNH:1
FNDA:5,(anonymous_0)
FNDA:0,(anonymous_1)
DA:1,2
DA:2,5
DA:3,0
DA:8,5
DA:9,0
DA:14,5
DA:15,0
DA:23,5
DA:24,1
DA:31,4
DA:36,2
DA:37,0
DA:40,0
DA:45,0
DA:47,0
DA:53,0
DA:58,2
LF:17
LH:9
BRDA:2,0,0,0
BRDA:2,0,1,5
BRDA:2,1,0,5
BRDA:2,1,1,0
BRDA:8,2,0,0
BRDA:8,2,1,5
BRDA:8,3,0,5
BRDA:8,3,1,0
BRDA:14,4,0,0
BRDA:14,4,1,5
BRDA:14,5,0,5
BRDA:14,5,1,0
BRDA:23,6,0,1
BRDA:23,6,1,4
BRDA:32,7,0,4
BRDA:32,7,1,0
BRDA:40,8,0,0
BRDA:40,8,1,0
BRDA:41,9,0,0
BRDA:41,9,1,0
BRDA:41,9,2,0
BRDA:41,9,3,0
BRDA:45,10,0,0
BRDA:45,10,1,0
BRDA:45,10,2,0
BRDA:54,11,0,0
BRDA:54,11,1,0
BRF:27
BRH:9
end_of_record
TN:
SF:middleware\likePost.js
FN:5,(anonymous_0)
FN:28,(anonymous_1)
FN:34,(anonymous_2)
FN:67,(anonymous_3)
FNF:4
FNH:0
FNDA:0,(anonymous_0)
FNDA:0,(anonymous_1)
FNDA:0,(anonymous_2)
FNDA:0,(anonymous_3)
DA:1,2
DA:2,2
DA:3,2
DA:5,2
DA:6,0
DA:7,0
DA:8,0
DA:14,0
DA:15,0
DA:16,0
DA:17,0
DA:20,0
DA:21,0
DA:22,0
DA:28,0
DA:31,0
DA:32,0
DA:35,0
DA:68,0
DA:71,0
DA:74,2
LF:21
LH:5
BRDA:14,0,0,0
BRDA:14,0,1,0
BRDA:16,1,0,0
BRDA:16,1,1,0
BRDA:21,2,0,0
BRDA:21,2,1,0
BRDA:22,3,0,0
BRDA:22,3,1,0
BRDA:35,4,0,0
BRDA:35,4,1,0
BRF:10
BRH:0
end_of_record
TN:
SF:middleware\routeProtector.js
FN:5,(anonymous_0)
FNF:1
FNH:1
FNDA:12,(anonymous_0)
DA:1,2
DA:2,2
DA:3,2
DA:5,2
DA:6,12
DA:7,12
DA:8,12
DA:10,12
DA:11,3
DA:12,3
DA:15,9
DA:17,9
DA:19,9
DA:20,0
DA:21,0
DA:27,9
DA:28,9
DA:29,9
DA:31,0
DA:32,0
DA:36,2
LF:21
LH:17
BRDA:10,0,0,3
BRDA:10,0,1,9
BRDA:10,1,0,12
BRDA:10,1,1,10
BRDA:19,2,0,0
BRDA:19,2,1,9
BRDA:27,3,0,9
BRDA:27,3,1,0
BRDA:27,4,0,9
BRDA:27,4,1,9
BRF:10
BRH:8
end_of_record
TN:
SF:models\commentModel.js
FNF:0
FNH:0
DA:1,2
DA:2,2
DA:4,2
DA:18,2
DA:19,2
LF:5
LH:5
BRF:0
BRH:0
end_of_record
TN:
SF:models\postModel.js
FNF:0
FNH:0
DA:1,3
DA:2,3
DA:4,3
DA:31,3
DA:32,3
LF:5
LH:5
BRF:0
BRH:0
end_of_record
TN:
SF:models\userModel.js
FN:16,(anonymous_0)
FN:54,(anonymous_1)
FNF:2
FNH:2
FNDA:80,(anonymous_0)
FNDA:80,(anonymous_1)
DA:1,3
DA:2,3
DA:3,3
DA:4,3
DA:6,3
DA:17,80
DA:54,3
DA:55,80
DA:56,57
DA:59,23
DA:60,23
DA:61,23
DA:63,23
DA:66,3
DA:67,3
LF:15
LH:15
BRDA:55,0,0,57
BRDA:55,0,1,23
BRF:2
BRH:2
end_of_record
TN:
SF:routes\commentRoute.js
FNF:0
FNH:0
DA:1,2
DA:6,2
DA:7,2
DA:8,2
DA:9,2
DA:10,2
DA:12,2
DA:13,2
DA:14,2
DA:15,2
DA:16,2
DA:18,2
LF:12
LH:12
BRF:0
BRH:0
end_of_record
TN:
SF:routes\postRoute.js
FNF:0
FNH:0
DA:1,2
DA:7,2
DA:8,2
DA:9,2
DA:10,2
DA:11,2
DA:13,2
DA:15,2
DA:16,2
DA:17,2
DA:18,2
DA:19,2
DA:20,2
DA:22,2
LF:14
LH:14
BRF:0
BRH:0
end_of_record
TN:
SF:routes\userRoute.js
FNF:0
FNH:0
DA:1,2
DA:14,2
DA:15,2
DA:16,2
DA:17,2
DA:19,2
DA:20,2
DA:21,2
DA:22,2
DA:23,2
DA:24,2
DA:25,2
DA:26,2
DA:27,2
DA:28,2
DA:29,2
DA:31,2
LF:17
LH:17
BRF:0
BRH:0
end_of_record
TN:
SF:tests\userHelper.js
FN:5,(anonymous_0)
FN:15,(anonymous_1)
FN:22,(anonymous_2)
FNF:3
FNH:3
FNDA:9,(anonymous_0)
FNDA:3,(anonymous_1)
FNDA:4,(anonymous_2)
DA:1,1
DA:2,1
DA:3,1
DA:5,1
DA:7,9
DA:11,9
DA:12,9
DA:15,1
DA:16,3
DA:18,3
DA:19,4
DA:22,4
DA:24,3
DA:27,1
LF:14
LH:14
BRDA:21,0,0,4
BRDA:21,0,1,4
BRF:2
BRH:2
end_of_record
TN:
SF:utils\checkDuplicates.js
FN:1,arrayHasDuplicates
FN:4,(anonymous_1)
FNF:2
FNH:2
FNDA:15,arrayHasDuplicates
FNDA:34,(anonymous_1)
DA:2,15
DA:4,34
DA:6,15
DA:7,0
DA:10,15
DA:13,1
LF:6
LH:5
BRDA:6,0,0,0
BRDA:6,0,1,15
BRF:2
BRH:1
end_of_record
TN:
SF:utils\config.js
FN:4,(anonymous_0)
FN:14,(anonymous_1)
FNF:2
FNH:2
FNDA:5,(anonymous_0)
FNDA:3,(anonymous_1)
DA:1,3
DA:2,3
DA:4,3
DA:5,5
DA:11,5
DA:14,3
DA:16,3
LF:7
LH:7
BRDA:6,0,0,5
BRDA:6,0,1,0
BRF:2
BRH:1
end_of_record
TN:
SF:utils\fileUpload.js
FN:4,(anonymous_0)
FN:7,(anonymous_1)
FNF:2
FNH:2
FNDA:1,(anonymous_0)
FNDA:1,(anonymous_1)
DA:1,2
DA:3,2
DA:5,1
DA:8,1
DA:12,2
DA:14,2
LF:6
LH:6
BRF:0
BRH:0
end_of_record
TN:
SF:utils\seeds.js
FN:6,(anonymous_0)
FN:29,(anonymous_1)
FN:52,(anonymous_2)
FN:54,(anonymous_3)
FN:56,(anonymous_4)
FN:72,(anonymous_5)
FNF:6
FNH:6
FNDA:2,(anonymous_0)
FNDA:1,(anonymous_1)
FNDA:10,(anonymous_2)
FNDA:25,(anonymous_3)
FNDA:42,(anonymous_4)
FNDA:1,(anonymous_5)
DA:1,2
DA:2,2
DA:3,2
DA:4,2
DA:6,2
DA:7,2
DA:8,20
DA:9,20
DA:11,20
DA:22,20
DA:25,2
DA:26,2
DA:29,2
DA:30,1
DA:32,1
DA:33,10
DA:34,10
DA:37,10
DA:39,25
DA:40,32
DA:46,25
DA:49,10
DA:50,10
DA:52,10
DA:54,10
DA:55,25
DA:56,42
DA:58,25
DA:59,25
DA:60,25
DA:62,10
DA:66,1
DA:69,1
DA:72,2
DA:73,1
DA:76,1
DA:77,15
DA:78,15
DA:79,90
DA:80,90
DA:89,90
DA:90,2250
DA:92,90
DA:93,90
DA:94,90
DA:97,15
DA:98,15
DA:101,1
DA:106,1
DA:109,2
LF:50
LH:50
BRDA:43,0,0,32
BRDA:43,0,1,27
BRDA:82,1,0,30
BRDA:82,1,1,60
BRF:4
BRH:4
end_of_record
TN:
SF:utils\sortByInput.js
FN:1,(anonymous_0)
FN:2,(anonymous_1)
FNF:2
FNH:0
FNDA:0,(anonymous_0)
FNDA:0,(anonymous_1)
DA:1,2
DA:2,0
DA:3,0
DA:4,0
DA:6,0
DA:10,2
LF:6
LH:2
BRDA:6,0,0,0
BRDA:6,0,1,0
BRF:2
BRH:0
end_of_record
