TN:
SF:index.js
FN:34,(anonymous_0)
FN:35,(anonymous_1)
FNF:2
FNH:0
FNDA:0,(anonymous_0)
FNDA:0,(anonymous_1)
DA:1,4
DA:2,4
DA:3,4
DA:4,4
DA:5,4
DA:6,4
DA:10,4
DA:11,4
DA:12,4
DA:13,4
DA:15,4
DA:16,4
DA:20,4
DA:21,4
DA:22,4
DA:23,4
DA:27,4
DA:28,4
DA:29,4
DA:33,4
DA:34,0
DA:35,0
DA:39,4
DA:40,4
LF:24
LH:22
BRDA:33,0,0,0
BRDA:33,0,1,4
BRDA:39,1,0,4
BRDA:39,1,1,0
BRF:4
BRH:2
end_of_record
TN:
SF:controllers\commentController.js
FN:5,(anonymous_0)
FN:29,(anonymous_1)
FN:48,(anonymous_2)
FN:60,(anonymous_3)
FN:65,(anonymous_4)
FN:87,(anonymous_5)
FNF:6
FNH:6
FNDA:3,(anonymous_0)
FNDA:1,(anonymous_1)
FNDA:1,(anonymous_2)
FNDA:1,(anonymous_3)
FNDA:1,(anonymous_4)
FNDA:1,(anonymous_5)
DA:1,4
DA:2,4
DA:3,4
DA:5,4
DA:7,3
DA:8,3
DA:10,3
DA:12,3
DA:13,1
DA:14,1
DA:19,2
DA:28,1
DA:29,1
DA:30,1
DA:45,1
DA:48,4
DA:49,1
DA:52,1
DA:54,1
DA:55,0
DA:56,0
DA:59,1
DA:60,1
DA:63,1
DA:65,1
DA:66,1
DA:84,1
DA:87,4
DA:89,1
DA:92,1
DA:112,1
DA:115,4
LF:32
LH:30
BRDA:12,0,0,1
BRDA:12,0,1,2
BRDA:54,1,0,0
BRDA:54,1,1,1
BRF:4
BRH:3
end_of_record
TN:
SF:controllers\postController.js
FN:13,(anonymous_0)
FN:34,(anonymous_1)
FN:52,(anonymous_2)
FN:81,(anonymous_3)
FN:108,(anonymous_4)
FN:126,(anonymous_5)
FNF:6
FNH:6
FNDA:2,(anonymous_0)
FNDA:1,(anonymous_1)
FNDA:1,(anonymous_2)
FNDA:2,(anonymous_3)
FNDA:1,(anonymous_4)
FNDA:1,(anonymous_5)
DA:1,4
DA:2,4
DA:3,4
DA:4,4
DA:5,4
DA:7,4
DA:13,4
DA:14,2
DA:15,2
DA:19,2
DA:20,1
DA:24,1
DA:29,2
DA:35,1
DA:44,1
DA:46,1
DA:47,1
DA:49,1
DA:52,4
DA:55,1
DA:78,1
DA:81,4
DA:82,2
DA:84,2
DA:87,2
DA:95,2
DA:104,2
DA:105,2
DA:108,4
DA:109,1
DA:111,1
DA:115,1
DA:116,0
DA:117,0
DA:120,1
DA:124,1
DA:126,1
DA:127,1
DA:129,1
DA:132,4
LF:40
LH:38
BRDA:19,0,0,1
BRDA:19,0,1,1
BRDA:115,1,0,0
BRDA:115,1,1,1
BRF:4
BRH:3
end_of_record
TN:
SF:controllers\userController.js
FN:13,(anonymous_0)
FN:22,(anonymous_1)
FN:56,(anonymous_2)
FN:132,(anonymous_3)
FN:144,(anonymous_4)
FN:160,(anonymous_5)
FN:186,(anonymous_6)
FN:214,(anonymous_7)
FN:224,(anonymous_8)
FN:231,(anonymous_9)
FN:249,(anonymous_10)
FN:279,(anonymous_11)
FN:289,(anonymous_12)
FN:296,(anonymous_13)
FN:325,(anonymous_14)
FN:404,(anonymous_15)
FN:418,(anonymous_16)
FN:421,(anonymous_17)
FN:425,(anonymous_18)
FNF:19
FNH:18
FNDA:19,(anonymous_0)
FNDA:3,(anonymous_1)
FNDA:21,(anonymous_2)
FNDA:1,(anonymous_3)
FNDA:2,(anonymous_4)
FNDA:3,(anonymous_5)
FNDA:3,(anonymous_6)
FNDA:0,(anonymous_7)
FNDA:3,(anonymous_8)
FNDA:3,(anonymous_9)
FNDA:1,(anonymous_10)
FNDA:1,(anonymous_11)
FNDA:11,(anonymous_12)
FNDA:1,(anonymous_13)
FNDA:5,(anonymous_14)
FNDA:1,(anonymous_15)
FNDA:1,(anonymous_16)
FNDA:3,(anonymous_17)
FNDA:1,(anonymous_18)
DA:1,4
DA:2,4
DA:3,4
DA:4,4
DA:5,4
DA:7,4
DA:13,4
DA:15,19
DA:16,19
DA:19,19
DA:22,4
DA:23,3
DA:25,3
DA:26,1
DA:27,1
DA:30,2
DA:35,1
DA:38,1
DA:39,1
DA:46,1
DA:56,4
DA:57,21
DA:59,21
DA:60,1
DA:61,1
DA:64,20
DA:92,20
DA:93,1
DA:94,1
DA:99,19
DA:103,19
DA:104,18
DA:106,18
DA:114,18
DA:116,18
DA:127,1
DA:128,1
DA:132,4
DA:133,1
DA:141,1
DA:144,4
DA:145,2
DA:147,2
DA:148,1
DA:151,1
DA:153,0
DA:154,0
DA:156,0
DA:160,4
DA:161,3
DA:165,3
DA:167,3
DA:168,0
DA:169,0
DA:175,3
DA:179,3
DA:181,3
DA:182,3
DA:186,4
DA:187,3
DA:189,3
DA:197,3
DA:198,0
DA:199,0
DA:205,3
DA:213,3
DA:214,0
DA:219,3
DA:220,3
DA:224,3
DA:225,3
DA:231,3
DA:232,3
DA:246,3
DA:249,4
DA:250,1
DA:251,1
DA:271,1
DA:272,0
DA:273,0
DA:276,1
DA:279,4
DA:280,1
DA:282,1
DA:283,0
DA:288,1
DA:290,11
DA:291,11
DA:296,4
DA:297,1
DA:299,1
DA:317,1
DA:318,0
DA:319,0
DA:322,1
DA:325,4
DA:327,5
DA:329,5
DA:333,5
DA:334,1
DA:335,1
DA:336,1
DA:340,1
DA:343,1
DA:346,1
DA:358,1
DA:360,1
DA:374,4
DA:375,3
DA:382,3
DA:383,1
DA:384,1
DA:387,2
DA:388,1
DA:389,1
DA:392,1
DA:394,1
DA:395,1
DA:398,1
DA:400,1
DA:401,1
DA:404,4
DA:405,1
DA:409,1
DA:410,1
DA:412,1
DA:413,0
DA:414,0
DA:417,1
DA:418,1
DA:420,1
DA:421,3
DA:424,1
DA:425,1
DA:426,1
DA:436,1
DA:439,4
LF:137
LH:122
BRDA:15,0,0,1
BRDA:15,0,1,18
BRDA:25,1,0,1
BRDA:25,1,1,2
BRDA:38,2,0,1
BRDA:38,2,1,0
BRDA:59,3,0,1
BRDA:59,3,1,20
BRDA:59,4,0,21
BRDA:59,4,1,21
BRDA:92,5,0,1
BRDA:92,5,1,19
BRDA:103,6,0,18
BRDA:103,6,1,1
BRDA:103,7,0,19
BRDA:103,7,1,19
BRDA:147,8,0,1
BRDA:147,8,1,1
BRDA:153,9,0,0
BRDA:153,9,1,0
BRDA:167,10,0,0
BRDA:167,10,1,3
BRDA:181,11,0,3
BRDA:181,11,1,0
BRDA:197,12,0,0
BRDA:197,12,1,3
BRDA:271,13,0,0
BRDA:271,13,1,1
BRDA:282,14,0,0
BRDA:282,14,1,1
BRDA:317,15,0,0
BRDA:317,15,1,1
BRDA:333,16,0,1
BRDA:333,16,1,4
BRDA:343,17,0,0
BRDA:343,17,1,1
BRDA:374,18,0,3
BRDA:374,18,1,1
BRDA:374,19,0,4
BRDA:374,19,1,3
BRDA:374,19,2,3
BRDA:382,20,0,1
BRDA:382,20,1,2
BRDA:387,21,0,1
BRDA:387,21,1,1
BRDA:412,22,0,0
BRDA:412,22,1,1
BRF:47
BRH:36
end_of_record
TN:
SF:middleware\editContent.js
FN:6,(anonymous_0)
FN:28,(anonymous_1)
FN:45,(anonymous_2)
FNF:3
FNH:3
FNDA:2,(anonymous_0)
FNDA:1,(anonymous_1)
FNDA:1,(anonymous_2)
DA:1,4
DA:2,4
DA:3,4
DA:4,4
DA:6,4
DA:7,2
DA:8,2
DA:16,2
DA:17,1
DA:18,1
DA:20,1
DA:21,1
DA:25,1
DA:28,1
DA:29,1
DA:43,1
DA:44,1
DA:45,1
DA:46,1
DA:54,2
DA:57,4
LF:21
LH:21
BRDA:16,0,0,1
BRDA:16,0,1,1
BRDA:20,1,0,1
BRDA:20,1,1,0
BRF:4
BRH:3
end_of_record
TN:
SF:middleware\errorHandler.js
FN:1,(anonymous_0)
FN:36,(anonymous_1)
FNF:2
FNH:2
FNDA:12,(anonymous_0)
FNDA:3,(anonymous_1)
DA:1,4
DA:2,12
DA:3,0
DA:8,12
DA:9,0
DA:14,12
DA:15,0
DA:23,12
DA:24,1
DA:31,11
DA:36,4
DA:37,3
DA:40,3
DA:45,2
DA:47,2
DA:53,1
DA:58,4
LF:17
LH:14
BRDA:2,0,0,0
BRDA:2,0,1,12
BRDA:2,1,0,12
BRDA:2,1,1,0
BRDA:8,2,0,0
BRDA:8,2,1,12
BRDA:8,3,0,12
BRDA:8,3,1,0
BRDA:14,4,0,0
BRDA:14,4,1,12
BRDA:14,5,0,12
BRDA:14,5,1,0
BRDA:23,6,0,1
BRDA:23,6,1,11
BRDA:32,7,0,11
BRDA:32,7,1,0
BRDA:40,8,0,2
BRDA:40,8,1,1
BRDA:41,9,0,3
BRDA:41,9,1,2
BRDA:41,9,2,2
BRDA:41,9,3,1
BRDA:45,10,0,2
BRDA:45,10,1,1
BRDA:45,10,2,1
BRDA:54,11,0,1
BRDA:54,11,1,0
BRF:27
BRH:19
end_of_record
TN:
SF:middleware\likeContent.js
FN:5,(anonymous_0)
FN:22,(anonymous_1)
FN:26,(anonymous_2)
FNF:3
FNH:3
FNDA:4,(anonymous_0)
FNDA:1,(anonymous_1)
FNDA:4,(anonymous_2)
DA:1,4
DA:2,4
DA:3,4
DA:5,4
DA:6,4
DA:7,4
DA:13,4
DA:15,4
DA:16,4
DA:22,1
DA:25,4
DA:26,4
DA:27,4
DA:62,4
DA:65,4
LF:15
LH:15
BRDA:13,0,0,3
BRDA:13,0,1,1
BRDA:15,1,0,3
BRDA:15,1,1,1
BRDA:16,2,0,3
BRDA:16,2,1,1
BRDA:27,3,0,3
BRDA:27,3,1,1
BRF:8
BRH:8
end_of_record
TN:
SF:middleware\routeProtector.js
FN:5,(anonymous_0)
FNF:1
FNH:1
FNDA:36,(anonymous_0)
DA:1,4
DA:2,4
DA:3,4
DA:5,4
DA:6,36
DA:7,36
DA:9,36
DA:10,4
DA:11,4
DA:14,32
DA:16,32
DA:21,32
DA:22,32
DA:23,32
DA:25,0
DA:26,0
DA:30,4
LF:17
LH:15
BRDA:9,0,0,4
BRDA:9,0,1,32
BRDA:9,1,0,36
BRDA:9,1,1,33
BRDA:21,2,0,32
BRDA:21,2,1,0
BRDA:21,3,0,32
BRDA:21,3,1,32
BRF:8
BRH:7
end_of_record
TN:
SF:models\commentModel.js
FNF:0
FNH:0
DA:1,4
DA:2,4
DA:4,4
DA:18,4
DA:19,4
LF:5
LH:5
BRF:0
BRH:0
end_of_record
TN:
SF:models\postModel.js
FNF:0
FNH:0
DA:1,5
DA:2,5
DA:4,5
DA:31,5
DA:32,5
LF:5
LH:5
BRF:0
BRH:0
end_of_record
TN:
SF:models\userModel.js
FN:16,(anonymous_0)
FN:54,(anonymous_1)
FNF:2
FNH:2
FNDA:147,(anonymous_0)
FNDA:147,(anonymous_1)
DA:1,5
DA:2,5
DA:3,5
DA:4,5
DA:6,5
DA:17,147
DA:54,5
DA:55,147
DA:56,101
DA:59,46
DA:60,46
DA:61,46
DA:63,46
DA:66,5
DA:67,5
LF:15
LH:15
BRDA:55,0,0,101
BRDA:55,0,1,46
BRF:2
BRH:2
end_of_record
TN:
SF:routes\commentRoute.js
FNF:0
FNH:0
DA:1,4
DA:6,4
DA:7,4
DA:8,4
DA:9,4
DA:10,4
DA:12,4
DA:13,4
DA:14,4
DA:15,4
DA:16,4
DA:18,4
LF:12
LH:12
BRF:0
BRH:0
end_of_record
TN:
SF:routes\postRoute.js
FNF:0
FNH:0
DA:1,4
DA:7,4
DA:8,4
DA:9,4
DA:10,4
DA:11,4
DA:13,4
DA:15,4
DA:16,4
DA:17,4
DA:18,4
DA:19,4
DA:20,4
DA:27,4
LF:14
LH:14
BRF:0
BRH:0
end_of_record
TN:
SF:routes\userRoute.js
FNF:0
FNH:0
DA:1,4
DA:14,4
DA:15,4
DA:16,4
DA:17,4
DA:19,4
DA:20,4
DA:21,4
DA:22,4
DA:23,4
DA:24,4
DA:25,4
DA:26,4
DA:27,4
DA:28,4
DA:29,4
DA:31,4
LF:17
LH:17
BRF:0
BRH:0
end_of_record
TN:
SF:tests\userHelper.js
FN:5,(anonymous_0)
FN:15,(anonymous_1)
FN:22,(anonymous_2)
FNF:3
FNH:3
FNDA:17,(anonymous_0)
FNDA:3,(anonymous_1)
FNDA:3,(anonymous_2)
DA:1,4
DA:2,4
DA:3,4
DA:5,4
DA:7,17
DA:11,17
DA:12,17
DA:15,4
DA:16,3
DA:18,3
DA:19,3
DA:22,3
DA:24,3
DA:27,4
LF:14
LH:14
BRDA:21,0,0,3
BRDA:21,0,1,3
BRF:2
BRH:2
end_of_record
TN:
SF:utils\checkDuplicates.js
FN:1,arrayHasDuplicates
FN:4,(anonymous_1)
FNF:2
FNH:2
FNDA:11,arrayHasDuplicates
FNDA:86,(anonymous_1)
DA:2,11
DA:4,86
DA:6,11
DA:7,0
DA:10,11
DA:13,2
LF:6
LH:5
BRDA:6,0,0,0
BRDA:6,0,1,11
BRF:2
BRH:1
end_of_record
TN:
SF:utils\config.js
FN:7,(anonymous_0)
FN:18,(anonymous_1)
FN:22,(anonymous_2)
FN:25,(anonymous_3)
FN:29,(anonymous_4)
FNF:5
FNH:2
FNDA:5,(anonymous_0)
FNDA:5,(anonymous_1)
FNDA:0,(anonymous_2)
FNDA:0,(anonymous_3)
FNDA:0,(anonymous_4)
DA:1,5
DA:2,5
DA:3,5
DA:7,5
DA:8,5
DA:9,5
DA:11,5
DA:15,5
DA:18,5
DA:22,5
DA:23,0
DA:25,0
DA:26,0
DA:29,0
DA:30,0
DA:34,5
LF:16
LH:11
BRDA:12,0,0,5
BRDA:12,0,1,0
BRF:2
BRH:1
end_of_record
TN:
SF:utils\fileUpload.js
FN:4,(anonymous_0)
FN:7,(anonymous_1)
FNF:2
FNH:2
FNDA:3,(anonymous_0)
FNDA:3,(anonymous_1)
DA:1,4
DA:3,4
DA:5,3
DA:8,3
DA:12,4
DA:14,4
LF:6
LH:6
BRF:0
BRH:0
end_of_record
TN:
SF:utils\seeds.js
FN:7,(anonymous_0)
FN:33,(anonymous_1)
FN:61,(anonymous_2)
FN:64,(anonymous_3)
FN:66,(anonymous_4)
FN:81,(anonymous_5)
FNF:6
FNH:6
FNDA:4,(anonymous_0)
FNDA:1,(anonymous_1)
FNDA:10,(anonymous_2)
FNDA:26,(anonymous_3)
FNDA:42,(anonymous_4)
FNDA:3,(anonymous_5)
DA:1,4
DA:2,4
DA:3,4
DA:4,4
DA:5,4
DA:7,4
DA:8,4
DA:9,4
DA:10,4
DA:11,40
DA:12,40
DA:14,40
DA:25,40
DA:26,40
DA:27,20
DA:28,20
DA:33,4
DA:34,1
DA:36,1
DA:40,1
DA:41,10
DA:42,10
DA:43,10
DA:46,10
DA:48,26
DA:49,39
DA:55,26
DA:58,10
DA:59,10
DA:61,10
DA:64,10
DA:65,26
DA:66,42
DA:68,26
DA:69,26
DA:70,26
DA:75,1
DA:78,1
DA:81,4
DA:82,3
DA:85,3
DA:86,30
DA:87,30
DA:88,30
DA:89,30
DA:93,153
DA:94,153
DA:107,153
DA:108,3825
DA:110,153
DA:111,153
DA:112,153
DA:115,30
DA:116,30
DA:119,3
DA:124,3
DA:127,4
LF:57
LH:57
BRDA:19,0,0,20
BRDA:19,0,1,20
BRDA:26,1,0,20
BRDA:26,1,1,20
BRDA:42,2,0,0
BRDA:42,2,1,10
BRDA:52,3,0,39
BRDA:52,3,1,31
BRDA:96,4,0,48
BRDA:96,4,1,105
BRF:10
BRH:9
end_of_record
TN:
SF:utils\sortByInput.js
FN:1,(anonymous_0)
FN:2,(anonymous_1)
FNF:2
FNH:2
FNDA:33,(anonymous_0)
FNDA:392,(anonymous_1)
DA:1,5
DA:2,33
DA:3,392
DA:4,392
DA:6,392
DA:10,5
LF:6
LH:6
BRDA:6,0,0,392
BRDA:6,0,1,0
BRF:2
BRH:1
end_of_record
